<?xml version="1.0" encoding="UTF-8"?>
<coverage generated="1624220904956" clover="3.2.0">
  <project timestamp="1624220904956" name="All files">
    <metrics statements="2057" coveredstatements="20" conditionals="2766" coveredconditionals="6" methods="568" coveredmethods="11" elements="5391" coveredelements="37" complexity="0" loc="2057" ncloc="2057" packages="11" files="23" classes="23"/>
    <package name="calculator">
      <metrics statements="2" coveredstatements="0" conditionals="4" coveredconditionals="0" methods="0" coveredmethods="0"/>
      <file name=".eslintrc.js" path="/Users/aminaev/Documents/Programming/VUE/HW1_calculator/calculator/.eslintrc.js">
        <metrics statements="1" coveredstatements="0" conditionals="4" coveredconditionals="0" methods="0" coveredmethods="0"/>
        <line num="1" count="0" type="stmt"/>
      </file>
      <file name="babel.config.js" path="/Users/aminaev/Documents/Programming/VUE/HW1_calculator/calculator/babel.config.js">
        <metrics statements="1" coveredstatements="0" conditionals="0" coveredconditionals="0" methods="0" coveredmethods="0"/>
        <line num="1" count="0" type="stmt"/>
      </file>
    </package>
    <package name="calculator.coverage.lcov-report">
      <metrics statements="106" coveredstatements="0" conditionals="323" coveredconditionals="0" methods="52" coveredmethods="0"/>
      <file name="block-navigation.js" path="/Users/aminaev/Documents/Programming/VUE/HW1_calculator/calculator/coverage/lcov-report/block-navigation.js">
        <metrics statements="28" coveredstatements="0" conditionals="15" coveredconditionals="0" methods="6" coveredmethods="0"/>
        <line num="2" count="0" type="stmt"/>
        <line num="4" count="0" type="stmt"/>
        <line num="7" count="0" type="stmt"/>
        <line num="10" count="0" type="stmt"/>
        <line num="14" count="0" type="stmt"/>
        <line num="20" count="0" type="stmt"/>
        <line num="25" count="0" type="stmt"/>
        <line num="28" count="0" type="stmt"/>
        <line num="32" count="0" type="stmt"/>
        <line num="33" count="0" type="stmt"/>
        <line num="34" count="0" type="stmt"/>
        <line num="42" count="0" type="stmt"/>
        <line num="43" count="0" type="cond" truecount="0" falsecount="4"/>
        <line num="44" count="0" type="stmt"/>
        <line num="45" count="0" type="cond" truecount="0" falsecount="2"/>
        <line num="46" count="0" type="stmt"/>
        <line num="49" count="0" type="stmt"/>
        <line num="53" count="0" type="stmt"/>
        <line num="55" count="0" type="cond" truecount="0" falsecount="2"/>
        <line num="59" count="0" type="stmt"/>
        <line num="62" count="0" type="stmt"/>
        <line num="65" count="0" type="stmt"/>
        <line num="66" count="0" type="cond" truecount="0" falsecount="5"/>
        <line num="69" count="0" type="stmt"/>
        <line num="70" count="0" type="stmt"/>
        <line num="74" count="0" type="stmt"/>
        <line num="75" count="0" type="stmt"/>
        <line num="79" count="0" type="stmt"/>
      </file>
      <file name="prettify.js" path="/Users/aminaev/Documents/Programming/VUE/HW1_calculator/calculator/coverage/lcov-report/prettify.js">
        <metrics statements="1" coveredstatements="0" conditionals="286" coveredconditionals="0" methods="29" coveredmethods="0"/>
        <line num="2" count="0" type="cond" truecount="0" falsecount="286"/>
      </file>
      <file name="sorter.js" path="/Users/aminaev/Documents/Programming/VUE/HW1_calculator/calculator/coverage/lcov-report/sorter.js">
        <metrics statements="77" coveredstatements="0" conditionals="22" coveredconditionals="0" methods="17" coveredmethods="0"/>
        <line num="2" count="0" type="stmt"/>
        <line num="5" count="0" type="stmt"/>
        <line num="12" count="0" type="stmt"/>
        <line num="16" count="0" type="stmt"/>
        <line num="20" count="0" type="stmt"/>
        <line num="24" count="0" type="stmt"/>
        <line num="29" count="0" type="stmt"/>
        <line num="31" count="0" type="stmt"/>
        <line num="35" count="0" type="stmt"/>
        <line num="36" count="0" type="stmt"/>
        <line num="37" count="0" type="stmt"/>
        <line num="42" count="0" type="stmt"/>
        <line num="43" count="0" type="cond" truecount="0" falsecount="2"/>
        <line num="44" count="0" type="stmt"/>
        <line num="45" count="0" type="stmt"/>
        <line num="49" count="0" type="stmt"/>
        <line num="54" count="0" type="stmt"/>
        <line num="57" count="0" type="stmt"/>
        <line num="60" count="0" type="stmt"/>
        <line num="61" count="0" type="stmt"/>
        <line num="62" count="0" type="stmt"/>
        <line num="63" count="0" type="stmt"/>
        <line num="64" count="0" type="cond" truecount="0" falsecount="2"/>
        <line num="65" count="0" type="stmt"/>
        <line num="67" count="0" type="stmt"/>
        <line num="69" count="0" type="stmt"/>
        <line num="73" count="0" type="stmt"/>
        <line num="76" count="0" type="stmt"/>
        <line num="77" count="0" type="stmt"/>
        <line num="82" count="0" type="stmt"/>
        <line num="83" count="0" type="stmt"/>
        <line num="84" count="0" type="stmt"/>
        <line num="85" count="0" type="stmt"/>
        <line num="86" count="0" type="cond" truecount="0" falsecount="4"/>
        <line num="88" count="0" type="stmt"/>
        <line num="89" count="0" type="stmt"/>
        <line num="90" count="0" type="stmt"/>
        <line num="91" count="0" type="stmt"/>
        <line num="94" count="0" type="cond" truecount="0" falsecount="2"/>
        <line num="95" count="0" type="stmt"/>
        <line num="96" count="0" type="stmt"/>
        <line num="100" count="0" type="stmt"/>
        <line num="101" count="0" type="stmt"/>
        <line num="102" count="0" type="stmt"/>
        <line num="105" count="0" type="stmt"/>
        <line num="107" count="0" type="stmt"/>
        <line num="108" count="0" type="stmt"/>
        <line num="113" count="0" type="stmt"/>
        <line num="114" count="0" type="stmt"/>
        <line num="116" count="0" type="stmt"/>
        <line num="117" count="0" type="stmt"/>
        <line num="121" count="0" type="cond" truecount="0" falsecount="2"/>
        <line num="129" count="0" type="stmt"/>
        <line num="130" count="0" type="stmt"/>
        <line num="132" count="0" type="stmt"/>
        <line num="133" count="0" type="stmt"/>
        <line num="135" count="0" type="cond" truecount="0" falsecount="2"/>
        <line num="136" count="0" type="stmt"/>
        <line num="138" count="0" type="stmt"/>
        <line num="139" count="0" type="stmt"/>
        <line num="140" count="0" type="stmt"/>
        <line num="141" count="0" type="stmt"/>
        <line num="142" count="0" type="stmt"/>
        <line num="145" count="0" type="stmt"/>
        <line num="146" count="0" type="cond" truecount="0" falsecount="2"/>
        <line num="149" count="0" type="stmt"/>
        <line num="150" count="0" type="cond" truecount="0" falsecount="2"/>
        <line num="151" count="0" type="stmt"/>
        <line num="153" count="0" type="stmt"/>
        <line num="159" count="0" type="stmt"/>
        <line num="160" count="0" type="cond" truecount="0" falsecount="2"/>
        <line num="161" count="0" type="stmt"/>
        <line num="163" count="0" type="stmt"/>
        <line num="164" count="0" type="stmt"/>
        <line num="165" count="0" type="stmt"/>
        <line num="166" count="0" type="stmt"/>
        <line num="170" count="0" type="stmt"/>
      </file>
    </package>
    <package name="calculator.dist.js.webpack:.(webpack).buildin">
      <metrics statements="6" coveredstatements="0" conditionals="4" coveredconditionals="0" methods="2" coveredmethods="0"/>
      <file name="global.js" path="/Users/aminaev/Documents/Programming/VUE/HW1_calculator/calculator/dist/js/webpack:/(webpack)/buildin/global.js">
        <metrics statements="6" coveredstatements="0" conditionals="4" coveredconditionals="0" methods="2" coveredmethods="0"/>
        <line num="4" count="0" type="stmt"/>
        <line num="5" count="0" type="stmt"/>
        <line num="8" count="0" type="stmt"/>
        <line num="10" count="0" type="cond" truecount="0" falsecount="2"/>
        <line num="13" count="0" type="cond" truecount="0" falsecount="2"/>
        <line num="20" count="0" type="stmt"/>
      </file>
    </package>
    <package name="calculator.dist.js.webpack:.node_modules.vue-loader.lib.runtime">
      <metrics statements="13" coveredstatements="0" conditionals="38" coveredconditionals="0" methods="6" coveredmethods="0"/>
      <file name="componentNormalizer.js" path="/Users/aminaev/Documents/Programming/VUE/HW1_calculator/calculator/dist/js/webpack:/node_modules/vue-loader/lib/runtime/componentNormalizer.js">
        <metrics statements="13" coveredstatements="0" conditionals="38" coveredconditionals="0" methods="6" coveredmethods="0"/>
        <line num="1" count="0" type="stmt"/>
        <line num="18" count="0" type="stmt"/>
        <line num="43" count="0" type="stmt"/>
        <line num="66" count="0" type="stmt"/>
        <line num="74" count="0" type="cond" truecount="0" falsecount="2"/>
        <line num="75" count="0" type="cond" truecount="0" falsecount="2"/>
        <line num="78" count="0" type="stmt"/>
        <line num="80" count="0" type="stmt"/>
        <line num="81" count="0" type="stmt"/>
        <line num="83" count="0" type="stmt"/>
        <line num="87" count="0" type="stmt"/>
        <line num="88" count="0" type="stmt"/>
        <line num="94" count="0" type="stmt"/>
      </file>
    </package>
    <package name="calculator.dist.js.webpack:.node_modules.vue.dist">
      <metrics statements="1833" coveredstatements="0" conditionals="2337" coveredconditionals="0" methods="466" coveredmethods="0"/>
      <file name="vue.runtime.esm.js" path="/Users/aminaev/Documents/Programming/VUE/HW1_calculator/calculator/dist/js/webpack:/node_modules/vue/dist/vue.runtime.esm.js">
        <metrics statements="1833" coveredstatements="0" conditionals="2337" coveredconditionals="0" methods="466" coveredmethods="0"/>
        <line num="8" count="0" type="stmt"/>
        <line num="13" count="0" type="cond" truecount="0" falsecount="2"/>
        <line num="17" count="0" type="cond" truecount="0" falsecount="2"/>
        <line num="21" count="0" type="stmt"/>
        <line num="25" count="0" type="stmt"/>
        <line num="32" count="0" type="stmt"/>
        <line num="47" count="0" type="cond" truecount="0" falsecount="2"/>
        <line num="53" count="0" type="stmt"/>
        <line num="64" count="0" type="stmt"/>
        <line num="68" count="0" type="stmt"/>
        <line num="75" count="0" type="stmt"/>
        <line num="76" count="0" type="cond" truecount="0" falsecount="3"/>
        <line num="80" count="0" type="stmt"/>
        <line num="91" count="0" type="stmt"/>
        <line num="103" count="0" type="stmt"/>
        <line num="104" count="0" type="cond" truecount="0" falsecount="2"/>
        <line num="115" count="0" type="stmt"/>
        <line num="116" count="0" type="stmt"/>
        <line num="117" count="0" type="stmt"/>
        <line num="118" count="0" type="stmt"/>
        <line num="120" count="0" type="stmt"/>
        <line num="121" count="0" type="cond" truecount="0" falsecount="2"/>
        <line num="122" count="0" type="stmt"/>
        <line num="128" count="0" type="stmt"/>
        <line num="133" count="0" type="stmt"/>
        <line num="139" count="0" type="cond" truecount="0" falsecount="2"/>
        <line num="140" count="0" type="stmt"/>
        <line num="141" count="0" type="cond" truecount="0" falsecount="2"/>
        <line num="142" count="0" type="stmt"/>
        <line num="150" count="0" type="stmt"/>
        <line num="152" count="0" type="stmt"/>
        <line num="159" count="0" type="stmt"/>
        <line num="160" count="0" type="stmt"/>
        <line num="161" count="0" type="stmt"/>
        <line num="162" count="0" type="cond" truecount="0" falsecount="2"/>
        <line num="169" count="0" type="stmt"/>
        <line num="170" count="0" type="stmt"/>
        <line num="171" count="0" type="cond" truecount="0" falsecount="2"/>
        <line num="177" count="0" type="stmt"/>
        <line num="178" count="0" type="stmt"/>
        <line num="184" count="0" type="stmt"/>
        <line num="185" count="0" type="stmt"/>
        <line num="186" count="0" type="stmt"/>
        <line num="200" count="0" type="stmt"/>
        <line num="201" count="0" type="stmt"/>
        <line num="209" count="0" type="stmt"/>
        <line num="213" count="0" type="stmt"/>
        <line num="216" count="0" type="stmt"/>
        <line num="224" count="0" type="cond" truecount="0" falsecount="2"/>
        <line num="225" count="0" type="stmt"/>
        <line num="226" count="0" type="stmt"/>
        <line num="227" count="0" type="stmt"/>
        <line num="228" count="0" type="stmt"/>
        <line num="230" count="0" type="stmt"/>
        <line num="237" count="0" type="stmt"/>
        <line num="238" count="0" type="stmt"/>
        <line num="240" count="0" type="stmt"/>
        <line num="247" count="0" type="stmt"/>
        <line num="248" count="0" type="stmt"/>
        <line num="249" count="0" type="cond" truecount="0" falsecount="2"/>
        <line num="253" count="0" type="stmt"/>
        <line num="268" count="0" type="stmt"/>
        <line num="275" count="0" type="stmt"/>
        <line num="282" count="0" type="cond" truecount="0" falsecount="2"/>
        <line num="283" count="0" type="stmt"/>
        <line num="284" count="0" type="stmt"/>
        <line num="285" count="0" type="cond" truecount="0" falsecount="4"/>
        <line num="286" count="0" type="stmt"/>
        <line num="287" count="0" type="stmt"/>
        <line num="288" count="0" type="stmt"/>
        <line num="289" count="0" type="cond" truecount="0" falsecount="4"/>
        <line num="290" count="0" type="cond" truecount="0" falsecount="2"/>
        <line num="291" count="0" type="stmt"/>
        <line num="293" count="0" type="cond" truecount="0" falsecount="4"/>
        <line num="294" count="0" type="stmt"/>
        <line num="295" count="0" type="cond" truecount="0" falsecount="4"/>
        <line num="296" count="0" type="stmt"/>
        <line num="297" count="0" type="stmt"/>
        <line num="298" count="0" type="cond" truecount="0" falsecount="2"/>
        <line num="299" count="0" type="stmt"/>
        <line num="303" count="0" type="stmt"/>
        <line num="307" count="0" type="stmt"/>
        <line num="309" count="0" type="cond" truecount="0" falsecount="3"/>
        <line num="322" count="0" type="stmt"/>
        <line num="323" count="0" type="cond" truecount="0" falsecount="2"/>
        <line num="325" count="0" type="stmt"/>
        <line num="332" count="0" type="stmt"/>
        <line num="333" count="0" type="stmt"/>
        <line num="334" count="0" type="cond" truecount="0" falsecount="2"/>
        <line num="341" count="0" type="stmt"/>
        <line num="343" count="0" type="stmt"/>
        <line num="349" count="0" type="stmt"/>
        <line num="368" count="0" type="stmt"/>
        <line num="469" count="0" type="stmt"/>
        <line num="475" count="0" type="stmt"/>
        <line num="476" count="0" type="cond" truecount="0" falsecount="2"/>
        <line num="483" count="0" type="stmt"/>
        <line num="494" count="0" type="stmt"/>
        <line num="496" count="0" type="cond" truecount="0" falsecount="2"/>
        <line num="499" count="0" type="stmt"/>
        <line num="500" count="0" type="stmt"/>
        <line num="501" count="0" type="stmt"/>
        <line num="502" count="0" type="cond" truecount="0" falsecount="2"/>
        <line num="503" count="0" type="stmt"/>
        <line num="505" count="0" type="stmt"/>
        <line num="512" count="0" type="stmt"/>
        <line num="515" count="0" type="stmt"/>
        <line num="516" count="0" type="cond" truecount="0" falsecount="2"/>
        <line num="517" count="0" type="cond" truecount="0" falsecount="2"/>
        <line num="518" count="0" type="cond" truecount="0" falsecount="2"/>
        <line num="519" count="0" type="cond" truecount="0" falsecount="2"/>
        <line num="520" count="0" type="cond" truecount="0" falsecount="2"/>
        <line num="521" count="0" type="cond" truecount="0" falsecount="2"/>
        <line num="522" count="0" type="cond" truecount="0" falsecount="2"/>
        <line num="524" count="0" type="cond" truecount="0" falsecount="2"/>
        <line num="529" count="0" type="stmt"/>
        <line num="531" count="0" type="stmt"/>
        <line num="532" count="0" type="cond" truecount="0" falsecount="2"/>
        <line num="533" count="0" type="stmt"/>
        <line num="534" count="0" type="stmt"/>
        <line num="535" count="0" type="stmt"/>
        <line num="538" count="0" type="stmt"/>
        <line num="548" count="0" type="stmt"/>
        <line num="559" count="0" type="cond" truecount="0" falsecount="2"/>
        <line num="563" count="0" type="cond" truecount="0" falsecount="2"/>
        <line num="567" count="0" type="cond" truecount="0" falsecount="2"/>
        <line num="571" count="0" type="cond" truecount="0" falsecount="4"/>
        <line num="578" count="0" type="cond" truecount="0" falsecount="2"/>
        <line num="583" count="0" type="stmt"/>
        <line num="586" count="0" type="stmt"/>
        <line num="589" count="0" type="stmt"/>
        <line num="592" count="0" type="stmt"/>
        <line num="595" count="0" type="stmt"/>
        <line num="601" count="0" type="stmt"/>
        <line num="695" count="0" type="stmt"/>
        <line num="701" count="0" type="stmt"/>
        <line num="702" count="0" type="stmt"/>
        <line num="706" count="0" type="stmt"/>
        <line num="707" count="0" type="stmt"/>
        <line num="711" count="0" type="stmt"/>
        <line num="715" count="0" type="cond" truecount="0" falsecount="2"/>
        <line num="722" count="0" type="stmt"/>
        <line num="729" count="0" type="stmt"/>
        <line num="730" count="0" type="stmt"/>
        <line num="738" count="0" type="stmt"/>
        <line num="741" count="0" type="stmt"/>
        <line num="746" count="0" type="stmt"/>
        <line num="752" count="0" type="stmt"/>
        <line num="762" count="0" type="stmt"/>
        <line num="787" count="0" type="stmt"/>
        <line num="791" count="0" type="stmt"/>
        <line num="792" count="0" type="stmt"/>
        <line num="797" count="0" type="cond" truecount="0" falsecount="2"/>
        <line num="800" count="0" type="stmt"/>
        <line num="803" count="0" type="stmt"/>
        <line num="807" count="0" type="stmt"/>
        <line num="815" count="0" type="stmt"/>
        <line num="837" count="0" type="stmt"/>
        <line num="845" count="0" type="stmt"/>
        <line num="846" count="0" type="stmt"/>
        <line num="848" count="0" type="stmt"/>
        <line num="861" count="0" type="stmt"/>
        <line num="863" count="0" type="stmt"/>
        <line num="864" count="0" type="stmt"/>
        <line num="865" count="0" type="stmt"/>
        <line num="866" count="0" type="stmt"/>
        <line num="868" count="0" type="stmt"/>
        <line num="869" count="0" type="stmt"/>
        <line num="871" count="0" type="stmt"/>
        <line num="874" count="0" type="stmt"/>
        <line num="875" count="0" type="stmt"/>
        <line num="877" count="0" type="stmt"/>
        <line num="878" count="0" type="stmt"/>
        <line num="883" count="0" type="stmt"/>
        <line num="889" count="0" type="stmt"/>
        <line num="895" count="0" type="stmt"/>
        <line num="898" count="0" type="stmt"/>
        <line num="907" count="0" type="stmt"/>
        <line num="908" count="0" type="stmt"/>
        <line num="929" count="0" type="stmt"/>
        <line num="930" count="0" type="stmt"/>
        <line num="931" count="0" type="stmt"/>
        <line num="932" count="0" type="stmt"/>
        <line num="940" count="0" type="stmt"/>
        <line num="941" count="0" type="stmt"/>
        <line num="953" count="0" type="stmt"/>
        <line num="963" count="0" type="stmt"/>
        <line num="964" count="0" type="stmt"/>
        <line num="965" count="0" type="stmt"/>
        <line num="975" count="0" type="cond" truecount="0" falsecount="4"/>
        <line num="993" count="0" type="stmt"/>
        <line num="1006" count="0" type="stmt"/>
        <line num="1008" count="0" type="stmt"/>
        <line num="1009" count="0" type="cond" truecount="0" falsecount="4"/>
        <line num="1014" count="0" type="cond" truecount="0" falsecount="2"/>
        <line num="1015" count="0" type="cond" truecount="0" falsecount="2"/>
        <line num="1016" count="0" type="cond" truecount="0" falsecount="4"/>
        <line num="1020" count="0" type="cond" truecount="0" falsecount="2"/>
        <line num="1021" count="0" type="stmt"/>
        <line num="1025" count="0" type="cond" truecount="0" falsecount="2"/>
        <line num="1035" count="0" type="stmt"/>
        <line num="1038" count="0" type="cond" truecount="0" falsecount="2"/>
        <line num="1040" count="0" type="cond" truecount="0" falsecount="6"/>
        <line num="1071" count="0" type="cond" truecount="0" falsecount="4"/>
        <line num="1074" count="0" type="stmt"/>
        <line num="1076" count="0" type="cond" truecount="0" falsecount="4"/>
        <line num="1078" count="0" type="stmt"/>
        <line num="1080" count="0" type="stmt"/>
        <line num="1081" count="0" type="cond" truecount="0" falsecount="3"/>
        <line num="1106" count="0" type="cond" truecount="0" falsecount="4"/>
        <line num="1107" count="0" type="stmt"/>
        <line num="1110" count="0" type="stmt"/>
        <line num="1111" count="0" type="cond" truecount="0" falsecount="5"/>
        <line num="1133" count="0" type="stmt"/>
        <line num="1134" count="0" type="stmt"/>
        <line num="1149" count="0" type="stmt"/>
        <line num="1170" count="0" type="cond" truecount="0" falsecount="2"/>
        <line num="1173" count="0" type="stmt"/>
        <line num="1177" count="0" type="stmt"/>
        <line num="1178" count="0" type="stmt"/>
        <line num="1193" count="0" type="stmt"/>
        <line num="1204" count="0" type="stmt"/>
        <line num="1218" count="0" type="stmt"/>
        <line num="1226" count="0" type="stmt"/>
        <line num="1229" count="0" type="stmt"/>
        <line num="1232" count="0" type="stmt"/>
        <line num="1241" count="0" type="stmt"/>
        <line num="1246" count="0" type="stmt"/>
        <line num="1270" count="0" type="stmt"/>
        <line num="1277" count="0" type="stmt"/>
        <line num="1283" count="0" type="stmt"/>
        <line num="1284" count="0" type="cond" truecount="0" falsecount="2"/>
        <line num="1289" count="0" type="stmt"/>
        <line num="1293" count="0" type="stmt"/>
        <line num="1309" count="0" type="cond" truecount="0" falsecount="2"/>
        <line num="1310" count="0" type="stmt"/>
        <line num="1319" count="0" type="stmt"/>
        <line num="1338" count="0" type="cond" truecount="0" falsecount="4"/>
        <line num="1342" count="0" type="cond" truecount="0" falsecount="2"/>
        <line num="1343" count="0" type="stmt"/>
        <line num="1345" count="0" type="stmt"/>
        <line num="1346" count="0" type="stmt"/>
        <line num="1347" count="0" type="stmt"/>
        <line num="1348" count="0" type="cond" truecount="0" falsecount="3"/>
        <line num="1355" count="0" type="stmt"/>
        <line num="1373" count="0" type="cond" truecount="0" falsecount="2"/>
        <line num="1374" count="0" type="stmt"/>
        <line num="1377" count="0" type="stmt"/>
        <line num="1384" count="0" type="stmt"/>
        <line num="1385" count="0" type="stmt"/>
        <line num="1419" count="0" type="stmt"/>
        <line num="1420" count="0" type="cond" truecount="0" falsecount="2"/>
        <line num="1421" count="0" type="stmt"/>
        <line num="1423" count="0" type="cond" truecount="0" falsecount="2"/>
        <line num="1424" count="0" type="stmt"/>
        <line num="1425" count="0" type="stmt"/>
        <line num="1426" count="0" type="stmt"/>
        <line num="1434" count="0" type="cond" truecount="0" falsecount="2"/>
        <line num="1435" count="0" type="stmt"/>
        <line num="1436" count="0" type="stmt"/>
        <line num="1442" count="0" type="stmt"/>
        <line num="1449" count="0" type="stmt"/>
        <line num="1456" count="0" type="stmt"/>
        <line num="1457" count="0" type="cond" truecount="0" falsecount="2"/>
        <line num="1458" count="0" type="stmt"/>
        <line num="1459" count="0" type="cond" truecount="0" falsecount="2"/>
        <line num="1460" count="0" type="stmt"/>
        <line num="1461" count="0" type="stmt"/>
        <line num="1463" count="0" type="cond" truecount="0" falsecount="2"/>
        <line num="1464" count="0" type="stmt"/>
        <line num="1465" count="0" type="stmt"/>
        <line num="1466" count="0" type="stmt"/>
        <line num="1470" count="0" type="stmt"/>
        <line num="1483" count="0" type="stmt"/>
        <line num="1484" count="0" type="cond" truecount="0" falsecount="2"/>
        <line num="1485" count="0" type="stmt"/>
        <line num="1486" count="0" type="stmt"/>
        <line num="1487" count="0" type="cond" truecount="0" falsecount="2"/>
        <line num="1529" count="0" type="cond" truecount="0" falsecount="2"/>
        <line num="1534" count="0" type="stmt"/>
        <line num="1535" count="0" type="stmt"/>
        <line num="1540" count="0" type="stmt"/>
        <line num="1542" count="0" type="stmt"/>
        <line num="1543" count="0" type="stmt"/>
        <line num="1545" count="0" type="stmt"/>
        <line num="1546" count="0" type="cond" truecount="0" falsecount="2"/>
        <line num="1551" count="0" type="cond" truecount="0" falsecount="2"/>
        <line num="1552" count="0" type="stmt"/>
        <line num="1554" count="0" type="stmt"/>
        <line num="1569" count="0" type="cond" truecount="0" falsecount="2"/>
        <line num="1572" count="0" type="stmt"/>
        <line num="1574" count="0" type="cond" truecount="0" falsecount="2"/>
        <line num="1575" count="0" type="stmt"/>
        <line num="1576" count="0" type="cond" truecount="0" falsecount="2"/>
        <line num="1577" count="0" type="stmt"/>
        <line num="1578" count="0" type="cond" truecount="0" falsecount="2"/>
        <line num="1580" count="0" type="cond" truecount="0" falsecount="3"/>
        <line num="1587" count="0" type="stmt"/>
        <line num="1600" count="0" type="stmt"/>
        <line num="1601" count="0" type="stmt"/>
        <line num="1602" count="0" type="stmt"/>
        <line num="1604" count="0" type="stmt"/>
        <line num="1605" count="0" type="cond" truecount="0" falsecount="2"/>
        <line num="1606" count="0" type="cond" truecount="0" falsecount="4"/>
        <line num="1607" count="0" type="stmt"/>
        <line num="1608" count="0" type="cond" truecount="0" falsecount="4"/>
        <line num="1611" count="0" type="stmt"/>
        <line num="1618" count="0" type="cond" truecount="0" falsecount="2"/>
        <line num="1619" count="0" type="stmt"/>
        <line num="1622" count="0" type="stmt"/>
        <line num="1623" count="0" type="stmt"/>
        <line num="1634" count="0" type="stmt"/>
        <line num="1642" count="0" type="cond" truecount="0" falsecount="2"/>
        <line num="1645" count="0" type="stmt"/>
        <line num="1657" count="0" type="cond" truecount="0" falsecount="4"/>
        <line num="1753" count="0" type="cond" truecount="0" falsecount="2"/>
        <line num="1754" count="0" type="cond" truecount="0" falsecount="2"/>
        <line num="1758" count="0" type="stmt"/>
        <line num="1762" count="0" type="cond" truecount="0" falsecount="2"/>
        <line num="1763" count="0" type="cond" truecount="0" falsecount="2"/>
        <line num="1765" count="0" type="stmt"/>
        <line num="1766" count="0" type="cond" truecount="0" falsecount="2"/>
        <line num="1767" count="0" type="stmt"/>
        <line num="1770" count="0" type="stmt"/>
        <line num="1821" count="0" type="stmt"/>
        <line num="1822" count="0" type="stmt"/>
        <line num="1823" count="0" type="cond" truecount="0" falsecount="2"/>
        <line num="1824" count="0" type="stmt"/>
        <line num="1825" count="0" type="stmt"/>
        <line num="1826" count="0" type="stmt"/>
        <line num="1827" count="0" type="cond" truecount="0" falsecount="2"/>
        <line num="1828" count="0" type="stmt"/>
        <line num="1829" count="0" type="stmt"/>
        <line num="1830" count="0" type="stmt"/>
        <line num="1831" count="0" type="cond" truecount="0" falsecount="2"/>
        <line num="1833" count="0" type="stmt"/>
        <line num="1839" count="0" type="stmt"/>
        <line num="1841" count="0" type="stmt"/>
        <line num="1853" count="0" type="stmt"/>
        <line num="1854" count="0" type="cond" truecount="0" falsecount="2"/>
        <line num="1856" count="0" type="stmt"/>
        <line num="1862" count="0" type="stmt"/>
        <line num="1864" count="0" type="stmt"/>
        <line num="1868" count="0" type="cond" truecount="0" falsecount="2"/>
        <line num="1869" count="0" type="stmt"/>
        <line num="1870" count="0" type="stmt"/>
        <line num="1874" count="0" type="cond" truecount="0" falsecount="2"/>
        <line num="1879" count="0" type="stmt"/>
        <line num="1887" count="0" type="cond" truecount="0" falsecount="5"/>
        <line num="1888" count="0" type="stmt"/>
        <line num="1890" count="0" type="stmt"/>
        <line num="1896" count="0" type="stmt"/>
        <line num="1898" count="0" type="stmt"/>
        <line num="1899" count="0" type="stmt"/>
        <line num="1902" count="0" type="stmt"/>
        <line num="1903" count="0" type="stmt"/>
        <line num="1904" count="0" type="stmt"/>
        <line num="1905" count="0" type="stmt"/>
        <line num="1906" count="0" type="stmt"/>
        <line num="1930" count="0" type="cond" truecount="0" falsecount="4"/>
        <line num="1931" count="0" type="stmt"/>
        <line num="1932" count="0" type="stmt"/>
        <line num="1933" count="0" type="stmt"/>
        <line num="1942" count="0" type="cond" truecount="0" falsecount="6"/>
        <line num="1950" count="0" type="stmt"/>
        <line num="1951" count="0" type="stmt"/>
        <line num="1952" count="0" type="stmt"/>
        <line num="1953" count="0" type="stmt"/>
        <line num="1957" count="0" type="stmt"/>
        <line num="1965" count="0" type="cond" truecount="0" falsecount="2"/>
        <line num="1966" count="0" type="stmt"/>
        <line num="1971" count="0" type="stmt"/>
        <line num="1978" count="0" type="cond" truecount="0" falsecount="2"/>
        <line num="1979" count="0" type="stmt"/>
        <line num="1980" count="0" type="stmt"/>
        <line num="1982" count="0" type="stmt"/>
        <line num="1984" count="0" type="cond" truecount="0" falsecount="2"/>
        <line num="1993" count="0" type="cond" truecount="0" falsecount="2"/>
        <line num="1994" count="0" type="stmt"/>
        <line num="1995" count="0" type="stmt"/>
        <line num="2092" count="0" type="stmt"/>
        <line num="2100" count="0" type="stmt"/>
        <line num="2106" count="0" type="stmt"/>
        <line num="2107" count="0" type="cond" truecount="0" falsecount="6"/>
        <line num="2110" count="0" type="cond" truecount="0" falsecount="2"/>
        <line num="2111" count="0" type="stmt"/>
        <line num="2112" count="0" type="cond" truecount="0" falsecount="2"/>
        <line num="2113" count="0" type="stmt"/>
        <line num="2115" count="0" type="stmt"/>
        <line num="2117" count="0" type="cond" truecount="0" falsecount="2"/>
        <line num="2118" count="0" type="stmt"/>
        <line num="2119" count="0" type="stmt"/>
        <line num="2121" count="0" type="stmt"/>
        <line num="2123" count="0" type="stmt"/>
        <line num="2152" count="0" type="stmt"/>
        <line num="2153" count="0" type="stmt"/>
        <line num="2154" count="0" type="cond" truecount="0" falsecount="2"/>
        <line num="2155" count="0" type="stmt"/>
        <line num="2156" count="0" type="cond" truecount="0" falsecount="2"/>
        <line num="2157" count="0" type="stmt"/>
        <line num="2159" count="0" type="stmt"/>
        <line num="2169" count="0" type="stmt"/>
        <line num="2171" count="0" type="stmt"/>
        <line num="2172" count="0" type="cond" truecount="0" falsecount="2"/>
        <line num="2173" count="0" type="stmt"/>
        <line num="2174" count="0" type="stmt"/>
        <line num="2175" count="0" type="stmt"/>
        <line num="2179" count="0" type="stmt"/>
        <line num="2183" count="0" type="stmt"/>
        <line num="2195" count="0" type="stmt"/>
        <line num="2196" count="0" type="stmt"/>
        <line num="2217" count="0" type="stmt"/>
        <line num="2218" count="0" type="cond" truecount="0" falsecount="2"/>
        <line num="2228" count="0" type="cond" truecount="0" falsecount="2"/>
        <line num="2232" count="0" type="stmt"/>
        <line num="2235" count="0" type="stmt"/>
        <line num="2241" count="0" type="stmt"/>
        <line num="2270" count="0" type="stmt"/>
        <line num="2271" count="0" type="cond" truecount="0" falsecount="2"/>
        <line num="2274" count="0" type="stmt"/>
        <line num="2275" count="0" type="stmt"/>
        <line num="2276" count="0" type="stmt"/>
        <line num="2277" count="0" type="cond" truecount="0" falsecount="4"/>
        <line num="2278" count="0" type="stmt"/>
        <line num="2279" count="0" type="stmt"/>
        <line num="2296" count="0" type="cond" truecount="0" falsecount="2"/>
        <line num="2300" count="0" type="stmt"/>
        <line num="2310" count="0" type="cond" truecount="0" falsecount="2"/>
        <line num="2311" count="0" type="cond" truecount="0" falsecount="2"/>
        <line num="2316" count="0" type="stmt"/>
        <line num="2317" count="0" type="cond" truecount="0" falsecount="2"/>
        <line num="2322" count="0" type="stmt"/>
        <line num="2325" count="0" type="stmt"/>
        <line num="2343" count="0" type="stmt"/>
        <line num="2344" count="0" type="cond" truecount="0" falsecount="2"/>
        <line num="2345" count="0" type="stmt"/>
        <line num="2348" count="0" type="stmt"/>
        <line num="2356" count="0" type="stmt"/>
        <line num="2364" count="0" type="cond" truecount="0" falsecount="3"/>
        <line num="2368" count="0" type="stmt"/>
        <line num="2370" count="0" type="stmt"/>
        <line num="2371" count="0" type="stmt"/>
        <line num="2412" count="0" type="stmt"/>
        <line num="2418" count="0" type="stmt"/>
        <line num="2419" count="0" type="cond" truecount="0" falsecount="2"/>
        <line num="2427" count="0" type="stmt"/>
        <line num="2428" count="0" type="cond" truecount="0" falsecount="2"/>
        <line num="2442" count="0" type="stmt"/>
        <line num="2450" count="0" type="cond" truecount="0" falsecount="2"/>
        <line num="2452" count="0" type="stmt"/>
        <line num="2453" count="0" type="stmt"/>
        <line num="2457" count="0" type="stmt"/>
        <line num="2458" count="0" type="stmt"/>
        <line num="2460" count="0" type="cond" truecount="0" falsecount="2"/>
        <line num="2461" count="0" type="stmt"/>
        <line num="2462" count="0" type="stmt"/>
        <line num="2463" count="0" type="stmt"/>
        <line num="2464" count="0" type="cond" truecount="0" falsecount="4"/>
        <line num="2465" count="0" type="stmt"/>
        <line num="2466" count="0" type="stmt"/>
        <line num="2468" count="0" type="stmt"/>
        <line num="2470" count="0" type="cond" truecount="0" falsecount="2"/>
        <line num="2471" count="0" type="cond" truecount="0" falsecount="2"/>
        <line num="2472" count="0" type="stmt"/>
        <line num="2473" count="0" type="stmt"/>
        <line num="2476" count="0" type="stmt"/>
        <line num="2481" count="0" type="stmt"/>
        <line num="2496" count="0" type="cond" truecount="0" falsecount="4"/>
        <line num="2497" count="0" type="stmt"/>
        <line num="2499" count="0" type="stmt"/>
        <line num="2500" count="0" type="stmt"/>
        <line num="2501" count="0" type="stmt"/>
        <line num="2502" count="0" type="stmt"/>
        <line num="2509" count="0" type="cond" truecount="0" falsecount="6"/>
        <line num="2510" count="0" type="stmt"/>
        <line num="2512" count="0" type="stmt"/>
        <line num="2513" count="0" type="cond" truecount="0" falsecount="2"/>
        <line num="2514" count="0" type="stmt"/>
        <line num="2524" count="0" type="stmt"/>
        <line num="2525" count="0" type="cond" truecount="0" falsecount="2"/>
        <line num="2529" count="0" type="stmt"/>
        <line num="2533" count="0" type="cond" truecount="0" falsecount="3"/>
        <line num="2544" count="0" type="stmt"/>
        <line num="2545" count="0" type="cond" truecount="0" falsecount="2"/>
        <line num="2546" count="0" type="cond" truecount="0" falsecount="2"/>
        <line num="2547" count="0" type="cond" truecount="0" falsecount="2"/>
        <line num="2548" count="0" type="stmt"/>
        <line num="2549" count="0" type="cond" truecount="0" falsecount="2"/>
        <line num="2551" count="0" type="stmt"/>
        <line num="2552" count="0" type="cond" truecount="0" falsecount="2"/>
        <line num="2562" count="0" type="stmt"/>
        <line num="2565" count="0" type="stmt"/>
        <line num="2566" count="0" type="cond" truecount="0" falsecount="3"/>
        <line num="2572" count="0" type="stmt"/>
        <line num="2573" count="0" type="cond" truecount="0" falsecount="2"/>
        <line num="2585" count="0" type="stmt"/>
        <line num="2589" count="0" type="stmt"/>
        <line num="2590" count="0" type="cond" truecount="0" falsecount="2"/>
        <line num="2594" count="0" type="cond" truecount="0" falsecount="4"/>
        <line num="2610" count="0" type="stmt"/>
        <line num="2614" count="0" type="stmt"/>
        <line num="2627" count="0" type="cond" truecount="0" falsecount="4"/>
        <line num="2629" count="0" type="stmt"/>
        <line num="2630" count="0" type="stmt"/>
        <line num="2632" count="0" type="cond" truecount="0" falsecount="2"/>
        <line num="2634" count="0" type="stmt"/>
        <line num="2635" count="0" type="stmt"/>
        <line num="2637" count="0" type="cond" truecount="0" falsecount="2"/>
        <line num="2638" count="0" type="cond" truecount="0" falsecount="4"/>
        <line num="2639" count="0" type="stmt"/>
        <line num="2640" count="0" type="stmt"/>
        <line num="2641" count="0" type="stmt"/>
        <line num="2642" count="0" type="stmt"/>
        <line num="2643" count="0" type="stmt"/>
        <line num="2649" count="0" type="stmt"/>
        <line num="2650" count="0" type="stmt"/>
        <line num="2659" count="0" type="stmt"/>
        <line num="2673" count="0" type="stmt"/>
        <line num="2675" count="0" type="stmt"/>
        <line num="2691" count="0" type="cond" truecount="0" falsecount="2"/>
        <line num="2692" count="0" type="stmt"/>
        <line num="2705" count="0" type="cond" truecount="0" falsecount="2"/>
        <line num="2711" count="0" type="cond" truecount="0" falsecount="2"/>
        <line num="2730" count="0" type="cond" truecount="0" falsecount="2"/>
        <line num="2731" count="0" type="cond" truecount="0" falsecount="3"/>
        <line num="2752" count="0" type="cond" truecount="0" falsecount="2"/>
        <line num="2753" count="0" type="cond" truecount="0" falsecount="2"/>
        <line num="2759" count="0" type="cond" truecount="0" falsecount="2"/>
        <line num="2763" count="0" type="stmt"/>
        <line num="2764" count="0" type="cond" truecount="0" falsecount="2"/>
        <line num="2769" count="0" type="stmt"/>
        <line num="2771" count="0" type="cond" truecount="0" falsecount="2"/>
        <line num="2772" count="0" type="cond" truecount="0" falsecount="2"/>
        <line num="2776" count="0" type="stmt"/>
        <line num="2777" count="0" type="stmt"/>
        <line num="2778" count="0" type="cond" truecount="0" falsecount="5"/>
        <line num="2782" count="0" type="cond" truecount="0" falsecount="2"/>
        <line num="2783" count="0" type="stmt"/>
        <line num="2784" count="0" type="stmt"/>
        <line num="2790" count="0" type="stmt"/>
        <line num="2793" count="0" type="stmt"/>
        <line num="2805" count="0" type="cond" truecount="0" falsecount="2"/>
        <line num="2806" count="0" type="stmt"/>
        <line num="2809" count="0" type="cond" truecount="0" falsecount="3"/>
        <line num="2832" count="0" type="stmt"/>
        <line num="2840" count="0" type="cond" truecount="0" falsecount="2"/>
        <line num="2841" count="0" type="stmt"/>
        <line num="2842" count="0" type="cond" truecount="0" falsecount="3"/>
        <line num="2847" count="0" type="stmt"/>
        <line num="2852" count="0" type="stmt"/>
        <line num="2860" count="0" type="cond" truecount="0" falsecount="2"/>
        <line num="2861" count="0" type="cond" truecount="0" falsecount="2"/>
        <line num="2867" count="0" type="cond" truecount="0" falsecount="2"/>
        <line num="2868" count="0" type="stmt"/>
        <line num="2869" count="0" type="stmt"/>
        <line num="2870" count="0" type="stmt"/>
        <line num="2871" count="0" type="cond" truecount="0" falsecount="2"/>
        <line num="2875" count="0" type="stmt"/>
        <line num="2887" count="0" type="cond" truecount="0" falsecount="2"/>
        <line num="2888" count="0" type="stmt"/>
        <line num="2889" count="0" type="stmt"/>
        <line num="2890" count="0" type="stmt"/>
        <line num="2903" count="0" type="stmt"/>
        <line num="2909" count="0" type="stmt"/>
        <line num="2910" count="0" type="stmt"/>
        <line num="2911" count="0" type="cond" truecount="0" falsecount="3"/>
        <line num="2921" count="0" type="stmt"/>
        <line num="2928" count="0" type="cond" truecount="0" falsecount="2"/>
        <line num="2934" count="0" type="stmt"/>
        <line num="2962" count="0" type="stmt"/>
        <line num="2964" count="0" type="stmt"/>
        <line num="2968" count="0" type="stmt"/>
        <line num="2980" count="0" type="stmt"/>
        <line num="2981" count="0" type="stmt"/>
        <line num="2983" count="0" type="stmt"/>
        <line num="2996" count="0" type="stmt"/>
        <line num="3002" count="0" type="stmt"/>
        <line num="3017" count="0" type="stmt"/>
        <line num="3022" count="0" type="stmt"/>
        <line num="3025" count="0" type="stmt"/>
        <line num="3029" count="0" type="stmt"/>
        <line num="3038" count="0" type="stmt"/>
        <line num="3039" count="0" type="stmt"/>
        <line num="3040" count="0" type="stmt"/>
        <line num="3041" count="0" type="cond" truecount="0" falsecount="2"/>
        <line num="3042" count="0" type="stmt"/>
        <line num="3043" count="0" type="cond" truecount="0" falsecount="2"/>
        <line num="3046" count="0" type="cond" truecount="0" falsecount="2"/>
        <line num="3050" count="0" type="stmt"/>
        <line num="3058" count="0" type="stmt"/>
        <line num="3060" count="0" type="cond" truecount="0" falsecount="2"/>
        <line num="3061" count="0" type="stmt"/>
        <line num="3062" count="0" type="cond" truecount="0" falsecount="2"/>
        <line num="3063" count="0" type="cond" truecount="0" falsecount="2"/>
        <line num="3064" count="0" type="stmt"/>
        <line num="3065" count="0" type="stmt"/>
        <line num="3066" count="0" type="stmt"/>
        <line num="3068" count="0" type="stmt"/>
        <line num="3076" count="0" type="stmt"/>
        <line num="3085" count="0" type="stmt"/>
        <line num="3089" count="0" type="stmt"/>
        <line num="3090" count="0" type="stmt"/>
        <line num="3103" count="0" type="stmt"/>
        <line num="3105" count="0" type="cond" truecount="0" falsecount="2"/>
        <line num="3111" count="0" type="stmt"/>
        <line num="3112" count="0" type="stmt"/>
        <line num="3114" count="0" type="stmt"/>
        <line num="3118" count="0" type="cond" truecount="0" falsecount="2"/>
        <line num="3123" count="0" type="stmt"/>
        <line num="3124" count="0" type="stmt"/>
        <line num="3125" count="0" type="stmt"/>
        <line num="3135" count="0" type="stmt"/>
        <line num="3136" count="0" type="stmt"/>
        <line num="3137" count="0" type="cond" truecount="0" falsecount="2"/>
        <line num="3156" count="0" type="stmt"/>
        <line num="3157" count="0" type="cond" truecount="0" falsecount="2"/>
        <line num="3167" count="0" type="stmt"/>
        <line num="3176" count="0" type="cond" truecount="0" falsecount="2"/>
        <line num="3180" count="0" type="stmt"/>
        <line num="3189" count="0" type="cond" truecount="0" falsecount="2"/>
        <line num="3198" count="0" type="cond" truecount="0" falsecount="4"/>
        <line num="3205" count="0" type="stmt"/>
        <line num="3215" count="0" type="cond" truecount="0" falsecount="2"/>
        <line num="3227" count="0" type="stmt"/>
        <line num="3230" count="0" type="cond" truecount="0" falsecount="2"/>
        <line num="3231" count="0" type="stmt"/>
        <line num="3236" count="0" type="stmt"/>
        <line num="3241" count="0" type="cond" truecount="0" falsecount="2"/>
        <line num="3246" count="0" type="stmt"/>
        <line num="3247" count="0" type="stmt"/>
        <line num="3254" count="0" type="stmt"/>
        <line num="3257" count="0" type="cond" truecount="0" falsecount="2"/>
        <line num="3258" count="0" type="stmt"/>
        <line num="3265" count="0" type="stmt"/>
        <line num="3272" count="0" type="stmt"/>
        <line num="3278" count="0" type="stmt"/>
        <line num="3283" count="0" type="stmt"/>
        <line num="3287" count="0" type="cond" truecount="0" falsecount="2"/>
        <line num="3288" count="0" type="stmt"/>
        <line num="3289" count="0" type="stmt"/>
        <line num="3290" count="0" type="stmt"/>
        <line num="3291" count="0" type="stmt"/>
        <line num="3292" count="0" type="cond" truecount="0" falsecount="4"/>
        <line num="3299" count="0" type="stmt"/>
        <line num="3301" count="0" type="stmt"/>
        <line num="3305" count="0" type="stmt"/>
        <line num="3311" count="0" type="cond" truecount="0" falsecount="3"/>
        <line num="3312" count="0" type="cond" truecount="0" falsecount="3"/>
        <line num="3314" count="0" type="cond" truecount="0" falsecount="2"/>
        <line num="3315" count="0" type="stmt"/>
        <line num="3316" count="0" type="stmt"/>
        <line num="3317" count="0" type="cond" truecount="0" falsecount="2"/>
        <line num="3332" count="0" type="stmt"/>
        <line num="3333" count="0" type="stmt"/>
        <line num="3353" count="0" type="stmt"/>
        <line num="3363" count="0" type="cond" truecount="0" falsecount="4"/>
        <line num="3369" count="0" type="stmt"/>
        <line num="3375" count="0" type="cond" truecount="0" falsecount="2"/>
        <line num="3377" count="0" type="stmt"/>
        <line num="3406" count="0" type="stmt"/>
        <line num="3436" count="0" type="stmt"/>
        <line num="3454" count="0" type="cond" truecount="0" falsecount="2"/>
        <line num="3455" count="0" type="stmt"/>
        <line num="3456" count="0" type="stmt"/>
        <line num="3457" count="0" type="cond" truecount="0" falsecount="5"/>
        <line num="3469" count="0" type="cond" truecount="0" falsecount="2"/>
        <line num="3480" count="0" type="stmt"/>
        <line num="3482" count="0" type="stmt"/>
        <line num="3483" count="0" type="stmt"/>
        <line num="3484" count="0" type="cond" truecount="0" falsecount="2"/>
        <line num="3485" count="0" type="stmt"/>
        <line num="3491" count="0" type="stmt"/>
        <line num="3494" count="0" type="stmt"/>
        <line num="3498" count="0" type="cond" truecount="0" falsecount="2"/>
        <line num="3509" count="0" type="cond" truecount="0" falsecount="3"/>
        <line num="3514" count="0" type="stmt"/>
        <line num="3518" count="0" type="stmt"/>
        <line num="3521" count="0" type="stmt"/>
        <line num="3525" count="0" type="stmt"/>
        <line num="3526" count="0" type="stmt"/>
        <line num="3527" count="0" type="stmt"/>
        <line num="3528" count="0" type="stmt"/>
        <line num="3530" count="0" type="cond" truecount="0" falsecount="2"/>
        <line num="3543" count="0" type="stmt"/>
        <line num="3547" count="0" type="stmt"/>
        <line num="3550" count="0" type="stmt"/>
        <line num="3565" count="0" type="stmt"/>
        <line num="3584" count="0" type="stmt"/>
        <line num="3597" count="0" type="stmt"/>
        <line num="3609" count="0" type="stmt"/>
        <line num="3612" count="0" type="stmt"/>
        <line num="3619" count="0" type="cond" truecount="0" falsecount="4"/>
        <line num="3620" count="0" type="stmt"/>
        <line num="3623" count="0" type="cond" truecount="0" falsecount="2"/>
        <line num="3624" count="0" type="stmt"/>
        <line num="3627" count="0" type="stmt"/>
        <line num="3633" count="0" type="cond" truecount="0" falsecount="4"/>
        <line num="3634" count="0" type="stmt"/>
        <line num="3637" count="0" type="cond" truecount="0" falsecount="4"/>
        <line num="3638" count="0" type="stmt"/>
        <line num="3639" count="0" type="stmt"/>
        <line num="3640" count="0" type="stmt"/>
        <line num="3641" count="0" type="stmt"/>
        <line num="3643" count="0" type="stmt"/>
        <line num="3645" count="0" type="stmt"/>
        <line num="3646" count="0" type="stmt"/>
        <line num="3647" count="0" type="stmt"/>
        <line num="3650" count="0" type="cond" truecount="0" falsecount="2"/>
        <line num="3663" count="0" type="stmt"/>
        <line num="3665" count="0" type="stmt"/>
        <line num="3675" count="0" type="stmt"/>
        <line num="3680" count="0" type="cond" truecount="0" falsecount="2"/>
        <line num="3686" count="0" type="stmt"/>
        <line num="3707" count="0" type="stmt"/>
        <line num="3718" count="0" type="stmt"/>
        <line num="3733" count="0" type="stmt"/>
        <line num="3742" count="0" type="cond" truecount="0" falsecount="2"/>
        <line num="3748" count="0" type="cond" truecount="0" falsecount="2"/>
        <line num="3749" count="0" type="stmt"/>
        <line num="3750" count="0" type="stmt"/>
        <line num="3751" count="0" type="cond" truecount="0" falsecount="5"/>
        <line num="3752" count="0" type="stmt"/>
        <line num="3763" count="0" type="stmt"/>
        <line num="3766" count="0" type="stmt"/>
        <line num="3767" count="0" type="cond" truecount="0" falsecount="2"/>
        <line num="3775" count="0" type="stmt"/>
        <line num="3779" count="0" type="stmt"/>
        <line num="3783" count="0" type="stmt"/>
        <line num="3784" count="0" type="stmt"/>
        <line num="3785" count="0" type="stmt"/>
        <line num="3786" count="0" type="cond" truecount="0" falsecount="2"/>
        <line num="3797" count="0" type="stmt"/>
        <line num="3803" count="0" type="stmt"/>
        <line num="3804" count="0" type="stmt"/>
        <line num="3805" count="0" type="stmt"/>
        <line num="3806" count="0" type="cond" truecount="0" falsecount="2"/>
        <line num="3807" count="0" type="stmt"/>
        <line num="3808" count="0" type="stmt"/>
        <line num="3818" count="0" type="stmt"/>
        <line num="3822" count="0" type="stmt"/>
        <line num="3824" count="0" type="stmt"/>
        <line num="3829" count="0" type="stmt"/>
        <line num="3833" count="0" type="stmt"/>
        <line num="3835" count="0" type="cond" truecount="0" falsecount="2"/>
        <line num="3837" count="0" type="stmt"/>
        <line num="3840" count="0" type="cond" truecount="0" falsecount="2"/>
        <line num="3841" count="0" type="stmt"/>
        <line num="3842" count="0" type="stmt"/>
        <line num="3844" count="0" type="stmt"/>
        <line num="3847" count="0" type="stmt"/>
        <line num="3848" count="0" type="cond" truecount="0" falsecount="2"/>
        <line num="3849" count="0" type="stmt"/>
        <line num="3851" count="0" type="cond" truecount="0" falsecount="2"/>
        <line num="3853" count="0" type="stmt"/>
        <line num="3857" count="0" type="stmt"/>
        <line num="3858" count="0" type="stmt"/>
        <line num="3860" count="0" type="cond" truecount="0" falsecount="4"/>
        <line num="3861" count="0" type="stmt"/>
        <line num="3862" count="0" type="stmt"/>
        <line num="3865" count="0" type="stmt"/>
        <line num="3869" count="0" type="stmt"/>
        <line num="3882" count="0" type="stmt"/>
        <line num="3883" count="0" type="cond" truecount="0" falsecount="2"/>
        <line num="3884" count="0" type="cond" truecount="0" falsecount="2"/>
        <line num="3885" count="0" type="stmt"/>
        <line num="3886" count="0" type="stmt"/>
        <line num="3887" count="0" type="stmt"/>
        <line num="3888" count="0" type="stmt"/>
        <line num="3891" count="0" type="stmt"/>
        <line num="3897" count="0" type="stmt"/>
        <line num="3901" count="0" type="stmt"/>
        <line num="3903" count="0" type="stmt"/>
        <line num="3904" count="0" type="stmt"/>
        <line num="3909" count="0" type="stmt"/>
        <line num="3912" count="0" type="stmt"/>
        <line num="3913" count="0" type="cond" truecount="0" falsecount="4"/>
        <line num="3914" count="0" type="cond" truecount="0" falsecount="2"/>
        <line num="3915" count="0" type="stmt"/>
        <line num="3917" count="0" type="stmt"/>
        <line num="3920" count="0" type="stmt"/>
        <line num="3935" count="0" type="stmt"/>
        <line num="3936" count="0" type="stmt"/>
        <line num="3937" count="0" type="stmt"/>
        <line num="3938" count="0" type="stmt"/>
        <line num="3939" count="0" type="stmt"/>
        <line num="3940" count="0" type="stmt"/>
        <line num="3967" count="0" type="stmt"/>
        <line num="3968" count="0" type="cond" truecount="0" falsecount="2"/>
        <line num="3974" count="0" type="stmt"/>
        <line num="3975" count="0" type="cond" truecount="0" falsecount="2"/>
        <line num="3978" count="0" type="stmt"/>
        <line num="3981" count="0" type="cond" truecount="0" falsecount="4"/>
        <line num="3989" count="0" type="stmt"/>
        <line num="3990" count="0" type="stmt"/>
        <line num="3991" count="0" type="stmt"/>
        <line num="3995" count="0" type="cond" truecount="0" falsecount="2"/>
        <line num="4066" count="0" type="stmt"/>
        <line num="4075" count="0" type="cond" truecount="0" falsecount="3"/>
        <line num="4088" count="0" type="stmt"/>
        <line num="4108" count="0" type="stmt"/>
        <line num="4109" count="0" type="stmt"/>
        <line num="4110" count="0" type="stmt"/>
        <line num="4119" count="0" type="stmt"/>
        <line num="4140" count="0" type="cond" truecount="0" falsecount="4"/>
        <line num="4141" count="0" type="stmt"/>
        <line num="4142" count="0" type="stmt"/>
        <line num="4143" count="0" type="cond" truecount="0" falsecount="2"/>
        <line num="4144" count="0" type="stmt"/>
        <line num="4145" count="0" type="stmt"/>
        <line num="4146" count="0" type="stmt"/>
        <line num="4147" count="0" type="stmt"/>
        <line num="4149" count="0" type="stmt"/>
        <line num="4155" count="0" type="cond" truecount="0" falsecount="2"/>
        <line num="4156" count="0" type="stmt"/>
        <line num="4157" count="0" type="stmt"/>
        <line num="4172" count="0" type="cond" truecount="0" falsecount="2"/>
        <line num="4173" count="0" type="cond" truecount="0" falsecount="2"/>
        <line num="4175" count="0" type="stmt"/>
        <line num="4179" count="0" type="cond" truecount="0" falsecount="2"/>
        <line num="4181" count="0" type="cond" truecount="0" falsecount="2"/>
        <line num="4182" count="0" type="stmt"/>
        <line num="4184" count="0" type="cond" truecount="0" falsecount="2"/>
        <line num="4185" count="0" type="stmt"/>
        <line num="4187" count="0" type="cond" truecount="0" falsecount="4"/>
        <line num="4188" count="0" type="stmt"/>
        <line num="4189" count="0" type="stmt"/>
        <line num="4190" count="0" type="stmt"/>
        <line num="4192" count="0" type="stmt"/>
        <line num="4197" count="0" type="cond" truecount="0" falsecount="5"/>
        <line num="4204" count="0" type="stmt"/>
        <line num="4205" count="0" type="stmt"/>
        <line num="4206" count="0" type="stmt"/>
        <line num="4208" count="0" type="stmt"/>
        <line num="4214" count="0" type="stmt"/>
        <line num="4215" count="0" type="stmt"/>
        <line num="4216" count="0" type="stmt"/>
        <line num="4217" count="0" type="cond" truecount="0" falsecount="2"/>
        <line num="4218" count="0" type="stmt"/>
        <line num="4219" count="0" type="stmt"/>
        <line num="4222" count="0" type="cond" truecount="0" falsecount="2"/>
        <line num="4232" count="0" type="stmt"/>
        <line num="4233" count="0" type="stmt"/>
        <line num="4234" count="0" type="stmt"/>
        <line num="4236" count="0" type="stmt"/>
        <line num="4237" count="0" type="stmt"/>
        <line num="4238" count="0" type="stmt"/>
        <line num="4244" count="0" type="stmt"/>
        <line num="4257" count="0" type="stmt"/>
        <line num="4260" count="0" type="stmt"/>
        <line num="4268" count="0" type="cond" truecount="0" falsecount="4"/>
        <line num="4269" count="0" type="stmt"/>
        <line num="4271" count="0" type="cond" truecount="0" falsecount="4"/>
        <line num="4279" count="0" type="stmt"/>
        <line num="4299" count="0" type="stmt"/>
        <line num="4303" count="0" type="stmt"/>
        <line num="4304" count="0" type="stmt"/>
        <line num="4329" count="0" type="stmt"/>
        <line num="4330" count="0" type="stmt"/>
        <line num="4332" count="0" type="stmt"/>
        <line num="4346" count="0" type="stmt"/>
        <line num="4347" count="0" type="stmt"/>
        <line num="4348" count="0" type="stmt"/>
        <line num="4349" count="0" type="stmt"/>
        <line num="4350" count="0" type="cond" truecount="0" falsecount="4"/>
        <line num="4363" count="0" type="stmt"/>
        <line num="4368" count="0" type="stmt"/>
        <line num="4369" count="0" type="stmt"/>
        <line num="4380" count="0" type="stmt"/>
        <line num="4381" count="0" type="cond" truecount="0" falsecount="2"/>
        <line num="4383" count="0" type="cond" truecount="0" falsecount="2"/>
        <line num="4384" count="0" type="stmt"/>
        <line num="4388" count="0" type="stmt"/>
        <line num="4389" count="0" type="cond" truecount="0" falsecount="2"/>
        <line num="4390" count="0" type="stmt"/>
        <line num="4392" count="0" type="stmt"/>
        <line num="4395" count="0" type="cond" truecount="0" falsecount="2"/>
        <line num="4411" count="0" type="stmt"/>
        <line num="4418" count="0" type="stmt"/>
        <line num="4425" count="0" type="stmt"/>
        <line num="4474" count="0" type="stmt"/>
        <line num="4475" count="0" type="stmt"/>
        <line num="4477" count="0" type="stmt"/>
        <line num="4478" count="0" type="stmt"/>
        <line num="4479" count="0" type="stmt"/>
        <line num="4481" count="0" type="cond" truecount="0" falsecount="2"/>
        <line num="4482" count="0" type="stmt"/>
        <line num="4484" count="0" type="stmt"/>
        <line num="4489" count="0" type="cond" truecount="0" falsecount="2"/>
        <line num="4495" count="0" type="stmt"/>
        <line num="4502" count="0" type="stmt"/>
        <line num="4503" count="0" type="cond" truecount="0" falsecount="2"/>
        <line num="4516" count="0" type="stmt"/>
        <line num="4517" count="0" type="stmt"/>
        <line num="4518" count="0" type="stmt"/>
        <line num="4519" count="0" type="cond" truecount="0" falsecount="2"/>
        <line num="4523" count="0" type="stmt"/>
        <line num="4524" count="0" type="stmt"/>
        <line num="4539" count="0" type="stmt"/>
        <line num="4553" count="0" type="cond" truecount="0" falsecount="2"/>
        <line num="4554" count="0" type="stmt"/>
        <line num="4555" count="0" type="cond" truecount="0" falsecount="2"/>
        <line num="4564" count="0" type="stmt"/>
        <line num="4566" count="0" type="cond" truecount="0" falsecount="2"/>
        <line num="4567" count="0" type="stmt"/>
        <line num="4568" count="0" type="stmt"/>
        <line num="4570" count="0" type="stmt"/>
        <line num="4573" count="0" type="stmt"/>
        <line num="4584" count="0" type="stmt"/>
        <line num="4592" count="0" type="stmt"/>
        <line num="4593" count="0" type="stmt"/>
        <line num="4594" count="0" type="stmt"/>
        <line num="4602" count="0" type="cond" truecount="0" falsecount="2"/>
        <line num="4606" count="0" type="cond" truecount="0" falsecount="2"/>
        <line num="4609" count="0" type="stmt"/>
        <line num="4610" count="0" type="stmt"/>
        <line num="4611" count="0" type="stmt"/>
        <line num="4613" count="0" type="stmt"/>
        <line num="4619" count="0" type="stmt"/>
        <line num="4627" count="0" type="stmt"/>
        <line num="4628" count="0" type="stmt"/>
        <line num="4631" count="0" type="stmt"/>
        <line num="4637" count="0" type="stmt"/>
        <line num="4638" count="0" type="stmt"/>
        <line num="4639" count="0" type="cond" truecount="0" falsecount="2"/>
        <line num="4653" count="0" type="cond" truecount="0" falsecount="2"/>
        <line num="4654" count="0" type="stmt"/>
        <line num="4657" count="0" type="stmt"/>
        <line num="4658" count="0" type="stmt"/>
        <line num="4660" count="0" type="cond" truecount="0" falsecount="2"/>
        <line num="4663" count="0" type="stmt"/>
        <line num="4664" count="0" type="stmt"/>
        <line num="4665" count="0" type="stmt"/>
        <line num="4688" count="0" type="stmt"/>
        <line num="4698" count="0" type="stmt"/>
        <line num="4699" count="0" type="stmt"/>
        <line num="4703" count="0" type="stmt"/>
        <line num="4704" count="0" type="stmt"/>
        <line num="4716" count="0" type="stmt"/>
        <line num="4717" count="0" type="stmt"/>
        <line num="4718" count="0" type="stmt"/>
        <line num="4720" count="0" type="stmt"/>
        <line num="4721" count="0" type="stmt"/>
        <line num="4722" count="0" type="stmt"/>
        <line num="4741" count="0" type="stmt"/>
        <line num="4746" count="0" type="stmt"/>
        <line num="4747" count="0" type="stmt"/>
        <line num="4748" count="0" type="stmt"/>
        <line num="4751" count="0" type="stmt"/>
        <line num="4753" count="0" type="stmt"/>
        <line num="4757" count="0" type="stmt"/>
        <line num="4761" count="0" type="stmt"/>
        <line num="4763" count="0" type="stmt"/>
        <line num="4765" count="0" type="stmt"/>
        <line num="4766" count="0" type="stmt"/>
        <line num="4767" count="0" type="cond" truecount="0" falsecount="2"/>
        <line num="4768" count="0" type="stmt"/>
        <line num="4805" count="0" type="stmt"/>
        <line num="4806" count="0" type="stmt"/>
        <line num="4832" count="0" type="stmt"/>
        <line num="4833" count="0" type="cond" truecount="0" falsecount="2"/>
        <line num="4834" count="0" type="cond" truecount="0" falsecount="2"/>
        <line num="4841" count="0" type="stmt"/>
        <line num="4847" count="0" type="stmt"/>
        <line num="4848" count="0" type="stmt"/>
        <line num="4853" count="0" type="stmt"/>
        <line num="4854" count="0" type="stmt"/>
        <line num="4876" count="0" type="cond" truecount="0" falsecount="2"/>
        <line num="4881" count="0" type="stmt"/>
        <line num="4882" count="0" type="stmt"/>
        <line num="4883" count="0" type="cond" truecount="0" falsecount="2"/>
        <line num="4884" count="0" type="stmt"/>
        <line num="4885" count="0" type="stmt"/>
        <line num="4888" count="0" type="stmt"/>
        <line num="4906" count="0" type="stmt"/>
        <line num="4913" count="0" type="stmt"/>
        <line num="4914" count="0" type="stmt"/>
        <line num="4915" count="0" type="stmt"/>
        <line num="4916" count="0" type="stmt"/>
        <line num="4929" count="0" type="stmt"/>
        <line num="4940" count="0" type="stmt"/>
        <line num="4941" count="0" type="cond" truecount="0" falsecount="2"/>
        <line num="4942" count="0" type="stmt"/>
        <line num="4944" count="0" type="cond" truecount="0" falsecount="2"/>
        <line num="4946" count="0" type="stmt"/>
        <line num="4947" count="0" type="cond" truecount="0" falsecount="2"/>
        <line num="4948" count="0" type="stmt"/>
        <line num="4949" count="0" type="stmt"/>
        <line num="4951" count="0" type="stmt"/>
        <line num="4954" count="0" type="stmt"/>
        <line num="4955" count="0" type="stmt"/>
        <line num="4962" count="0" type="stmt"/>
        <line num="4965" count="0" type="stmt"/>
        <line num="4966" count="0" type="stmt"/>
        <line num="4968" count="0" type="stmt"/>
        <line num="5024" count="0" type="stmt"/>
        <line num="5026" count="0" type="stmt"/>
        <line num="5027" count="0" type="stmt"/>
        <line num="5030" count="0" type="stmt"/>
        <line num="5031" count="0" type="stmt"/>
        <line num="5043" count="0" type="stmt"/>
        <line num="5044" count="0" type="cond" truecount="0" falsecount="2"/>
        <line num="5045" count="0" type="stmt"/>
        <line num="5046" count="0" type="stmt"/>
        <line num="5047" count="0" type="cond" truecount="0" falsecount="2"/>
        <line num="5050" count="0" type="stmt"/>
        <line num="5052" count="0" type="stmt"/>
        <line num="5054" count="0" type="cond" truecount="0" falsecount="2"/>
        <line num="5063" count="0" type="stmt"/>
        <line num="5068" count="0" type="stmt"/>
        <line num="5069" count="0" type="stmt"/>
        <line num="5070" count="0" type="stmt"/>
        <line num="5071" count="0" type="cond" truecount="0" falsecount="2"/>
        <line num="5076" count="0" type="stmt"/>
        <line num="5085" count="0" type="stmt"/>
        <line num="5088" count="0" type="stmt"/>
        <line num="5097" count="0" type="stmt"/>
        <line num="5098" count="0" type="cond" truecount="0" falsecount="2"/>
        <line num="5099" count="0" type="cond" truecount="0" falsecount="2"/>
        <line num="5100" count="0" type="stmt"/>
        <line num="5104" count="0" type="stmt"/>
        <line num="5112" count="0" type="stmt"/>
        <line num="5119" count="0" type="stmt"/>
        <line num="5121" count="0" type="stmt"/>
        <line num="5133" count="0" type="stmt"/>
        <line num="5134" count="0" type="stmt"/>
        <line num="5139" count="0" type="stmt"/>
        <line num="5140" count="0" type="cond" truecount="0" falsecount="2"/>
        <line num="5141" count="0" type="stmt"/>
        <line num="5142" count="0" type="stmt"/>
        <line num="5143" count="0" type="cond" truecount="0" falsecount="2"/>
        <line num="5144" count="0" type="cond" truecount="0" falsecount="2"/>
        <line num="5145" count="0" type="stmt"/>
        <line num="5148" count="0" type="cond" truecount="0" falsecount="2"/>
        <line num="5153" count="0" type="stmt"/>
        <line num="5154" count="0" type="stmt"/>
        <line num="5183" count="0" type="stmt"/>
        <line num="5199" count="0" type="stmt"/>
        <line num="5204" count="0" type="stmt"/>
        <line num="5205" count="0" type="stmt"/>
        <line num="5206" count="0" type="stmt"/>
        <line num="5211" count="0" type="stmt"/>
        <line num="5212" count="0" type="stmt"/>
        <line num="5213" count="0" type="stmt"/>
        <line num="5223" count="0" type="stmt"/>
        <line num="5224" count="0" type="stmt"/>
        <line num="5228" count="0" type="stmt"/>
        <line num="5254" count="0" type="cond" truecount="0" falsecount="3"/>
        <line num="5258" count="0" type="stmt"/>
        <line num="5270" count="0" type="stmt"/>
        <line num="5271" count="0" type="stmt"/>
        <line num="5272" count="0" type="stmt"/>
        <line num="5273" count="0" type="stmt"/>
        <line num="5274" count="0" type="stmt"/>
        <line num="5275" count="0" type="cond" truecount="0" falsecount="2"/>
        <line num="5276" count="0" type="stmt"/>
        <line num="5277" count="0" type="cond" truecount="0" falsecount="3"/>
        <line num="5290" count="0" type="cond" truecount="0" falsecount="4"/>
        <line num="5298" count="0" type="stmt"/>
        <line num="5300" count="0" type="stmt"/>
        <line num="5311" count="0" type="stmt"/>
        <line num="5316" count="0" type="stmt"/>
        <line num="5317" count="0" type="stmt"/>
        <line num="5322" count="0" type="stmt"/>
        <line num="5324" count="0" type="stmt"/>
        <line num="5325" count="0" type="stmt"/>
        <line num="5328" count="0" type="stmt"/>
        <line num="5333" count="0" type="stmt"/>
        <line num="5334" count="0" type="stmt"/>
        <line num="5335" count="0" type="cond" truecount="0" falsecount="2"/>
        <line num="5336" count="0" type="cond" truecount="0" falsecount="2"/>
        <line num="5338" count="0" type="stmt"/>
        <line num="5339" count="0" type="stmt"/>
        <line num="5340" count="0" type="stmt"/>
        <line num="5341" count="0" type="stmt"/>
        <line num="5342" count="0" type="cond" truecount="0" falsecount="2"/>
        <line num="5348" count="0" type="stmt"/>
        <line num="5351" count="0" type="stmt"/>
        <line num="5352" count="0" type="stmt"/>
        <line num="5353" count="0" type="stmt"/>
        <line num="5354" count="0" type="stmt"/>
        <line num="5359" count="0" type="stmt"/>
        <line num="5375" count="0" type="cond" truecount="0" falsecount="3"/>
        <line num="5379" count="0" type="stmt"/>
        <line num="5387" count="0" type="stmt"/>
        <line num="5388" count="0" type="stmt"/>
        <line num="5396" count="0" type="stmt"/>
        <line num="5415" count="0" type="stmt"/>
        <line num="5420" count="0" type="stmt"/>
        <line num="5435" count="0" type="stmt"/>
        <line num="5444" count="0" type="cond" truecount="0" falsecount="2"/>
        <line num="5459" count="0" type="stmt"/>
        <line num="5462" count="0" type="stmt"/>
        <line num="5463" count="0" type="stmt"/>
        <line num="5464" count="0" type="stmt"/>
        <line num="5472" count="0" type="stmt"/>
        <line num="5474" count="0" type="stmt"/>
        <line num="5476" count="0" type="stmt"/>
        <line num="5477" count="0" type="cond" truecount="0" falsecount="2"/>
        <line num="5485" count="0" type="stmt"/>
        <line num="5494" count="0" type="stmt"/>
        <line num="5496" count="0" type="stmt"/>
        <line num="5497" count="0" type="cond" truecount="0" falsecount="2"/>
        <line num="5500" count="0" type="stmt"/>
        <line num="5501" count="0" type="cond" truecount="0" falsecount="2"/>
        <line num="5504" count="0" type="stmt"/>
        <line num="5505" count="0" type="cond" truecount="0" falsecount="2"/>
        <line num="5511" count="0" type="stmt"/>
        <line num="5512" count="0" type="stmt"/>
        <line num="5513" count="0" type="stmt"/>
        <line num="5514" count="0" type="stmt"/>
        <line num="5515" count="0" type="stmt"/>
        <line num="5520" count="0" type="stmt"/>
        <line num="5521" count="0" type="cond" truecount="0" falsecount="3"/>
        <line num="5525" count="0" type="stmt"/>
        <line num="5529" count="0" type="stmt"/>
        <line num="5541" count="0" type="cond" truecount="0" falsecount="2"/>
        <line num="5549" count="0" type="cond" truecount="0" falsecount="6"/>
        <line num="5553" count="0" type="stmt"/>
        <line num="5567" count="0" type="stmt"/>
        <line num="5569" count="0" type="stmt"/>
        <line num="5570" count="0" type="cond" truecount="0" falsecount="3"/>
        <line num="5575" count="0" type="stmt"/>
        <line num="5579" count="0" type="stmt"/>
        <line num="5580" count="0" type="stmt"/>
        <line num="5581" count="0" type="cond" truecount="0" falsecount="2"/>
        <line num="5586" count="0" type="stmt"/>
        <line num="5591" count="0" type="stmt"/>
        <line num="5596" count="0" type="stmt"/>
        <line num="5612" count="0" type="stmt"/>
        <line num="5619" count="0" type="stmt"/>
        <line num="5620" count="0" type="cond" truecount="0" falsecount="2"/>
        <line num="5624" count="0" type="stmt"/>
        <line num="5634" count="0" type="stmt"/>
        <line num="5637" count="0" type="cond" truecount="0" falsecount="2"/>
        <line num="5638" count="0" type="stmt"/>
        <line num="5640" count="0" type="cond" truecount="0" falsecount="2"/>
        <line num="5641" count="0" type="stmt"/>
        <line num="5645" count="0" type="cond" truecount="0" falsecount="2"/>
        <line num="5646" count="0" type="stmt"/>
        <line num="5648" count="0" type="stmt"/>
        <line num="5649" count="0" type="stmt"/>
        <line num="5660" count="0" type="stmt"/>
        <line num="5668" count="0" type="cond" truecount="0" falsecount="2"/>
        <line num="5669" count="0" type="stmt"/>
        <line num="5670" count="0" type="cond" truecount="0" falsecount="2"/>
        <line num="5678" count="0" type="stmt"/>
        <line num="5685" count="0" type="stmt"/>
        <line num="5686" count="0" type="cond" truecount="0" falsecount="5"/>
        <line num="5697" count="0" type="stmt"/>
        <line num="5701" count="0" type="stmt"/>
        <line num="5705" count="0" type="stmt"/>
        <line num="5709" count="0" type="stmt"/>
        <line num="5713" count="0" type="stmt"/>
        <line num="5717" count="0" type="stmt"/>
        <line num="5721" count="0" type="stmt"/>
        <line num="5725" count="0" type="stmt"/>
        <line num="5729" count="0" type="stmt"/>
        <line num="5733" count="0" type="stmt"/>
        <line num="5737" count="0" type="stmt"/>
        <line num="5740" count="0" type="stmt"/>
        <line num="5757" count="0" type="stmt"/>
        <line num="5759" count="0" type="stmt"/>
        <line num="5762" count="0" type="cond" truecount="0" falsecount="2"/>
        <line num="5768" count="0" type="stmt"/>
        <line num="5773" count="0" type="stmt"/>
        <line num="5774" count="0" type="cond" truecount="0" falsecount="2"/>
        <line num="5776" count="0" type="stmt"/>
        <line num="5777" count="0" type="cond" truecount="0" falsecount="2"/>
        <line num="5778" count="0" type="stmt"/>
        <line num="5779" count="0" type="stmt"/>
        <line num="5811" count="0" type="stmt"/>
        <line num="5813" count="0" type="stmt"/>
        <line num="5816" count="0" type="stmt"/>
        <line num="5833" count="0" type="cond" truecount="0" falsecount="2"/>
        <line num="5835" count="0" type="cond" truecount="0" falsecount="3"/>
        <line num="5836" count="0" type="cond" truecount="0" falsecount="3"/>
        <line num="5837" count="0" type="cond" truecount="0" falsecount="3"/>
        <line num="5842" count="0" type="stmt"/>
        <line num="5843" count="0" type="stmt"/>
        <line num="5844" count="0" type="stmt"/>
        <line num="5847" count="0" type="stmt"/>
        <line num="5852" count="0" type="stmt"/>
        <line num="5854" count="0" type="stmt"/>
        <line num="5855" count="0" type="stmt"/>
        <line num="5857" count="0" type="stmt"/>
        <line num="5859" count="0" type="stmt"/>
        <line num="5860" count="0" type="cond" truecount="0" falsecount="2"/>
        <line num="5867" count="0" type="stmt"/>
        <line num="5872" count="0" type="cond" truecount="0" falsecount="2"/>
        <line num="5877" count="0" type="stmt"/>
        <line num="5881" count="0" type="stmt"/>
        <line num="5883" count="0" type="cond" truecount="0" falsecount="2"/>
        <line num="5925" count="0" type="cond" truecount="0" falsecount="2"/>
        <line num="5929" count="0" type="stmt"/>
        <line num="5930" count="0" type="stmt"/>
        <line num="5931" count="0" type="stmt"/>
        <line num="5932" count="0" type="stmt"/>
        <line num="5974" count="0" type="stmt"/>
        <line num="5975" count="0" type="cond" truecount="0" falsecount="2"/>
        <line num="5976" count="0" type="cond" truecount="0" falsecount="2"/>
        <line num="5984" count="0" type="cond" truecount="0" falsecount="2"/>
        <line num="5990" count="0" type="stmt"/>
        <line num="5996" count="0" type="cond" truecount="0" falsecount="2"/>
        <line num="6019" count="0" type="stmt"/>
        <line num="6020" count="0" type="stmt"/>
        <line num="6022" count="0" type="cond" truecount="0" falsecount="4"/>
        <line num="6023" count="0" type="stmt"/>
        <line num="6024" count="0" type="stmt"/>
        <line num="6026" count="0" type="stmt"/>
        <line num="6027" count="0" type="stmt"/>
        <line num="6032" count="0" type="stmt"/>
        <line num="6036" count="0" type="cond" truecount="0" falsecount="2"/>
        <line num="6048" count="0" type="cond" truecount="0" falsecount="2"/>
        <line num="6049" count="0" type="stmt"/>
        <line num="6052" count="0" type="stmt"/>
        <line num="6053" count="0" type="stmt"/>
        <line num="6055" count="0" type="cond" truecount="0" falsecount="2"/>
        <line num="6061" count="0" type="stmt"/>
        <line num="6062" count="0" type="stmt"/>
        <line num="6064" count="0" type="stmt"/>
        <line num="6068" count="0" type="stmt"/>
        <line num="6069" count="0" type="stmt"/>
        <line num="6071" count="0" type="stmt"/>
        <line num="6083" count="0" type="cond" truecount="0" falsecount="2"/>
        <line num="6084" count="0" type="stmt"/>
        <line num="6086" count="0" type="stmt"/>
        <line num="6087" count="0" type="stmt"/>
        <line num="6088" count="0" type="cond" truecount="0" falsecount="3"/>
        <line num="6095" count="0" type="cond" truecount="0" falsecount="5"/>
        <line num="6105" count="0" type="stmt"/>
        <line num="6106" count="0" type="stmt"/>
        <line num="6112" count="0" type="stmt"/>
        <line num="6113" count="0" type="cond" truecount="0" falsecount="2"/>
        <line num="6115" count="0" type="stmt"/>
        <line num="6117" count="0" type="cond" truecount="0" falsecount="2"/>
[...]
        <line num="7791" count="0" type="cond" truecount="0" falsecount="2"/>
        <line num="7794" count="0" type="stmt"/>
        <line num="7804" count="0" type="stmt"/>
        <line num="7817" count="0" type="stmt"/>
        <line num="7819" count="0" type="stmt"/>
        <line num="7827" count="0" type="cond" truecount="0" falsecount="2"/>
        <line num="7830" count="0" type="stmt"/>
        <line num="7831" count="0" type="cond" truecount="0" falsecount="3"/>
        <line num="7837" count="0" type="stmt"/>
        <line num="7839" count="0" type="stmt"/>
        <line num="7843" count="0" type="stmt"/>
        <line num="7868" count="0" type="cond" truecount="0" falsecount="2"/>
        <line num="7869" count="0" type="stmt"/>
        <line num="7874" count="0" type="stmt"/>
        <line num="7875" count="0" type="stmt"/>
        <line num="7876" count="0" type="cond" truecount="0" falsecount="2"/>
        <line num="7879" count="0" type="stmt"/>
        <line num="7880" count="0" type="cond" truecount="0" falsecount="2"/>
        <line num="7882" count="0" type="cond" truecount="0" falsecount="2"/>
        <line num="7891" count="0" type="stmt"/>
        <line num="7895" count="0" type="stmt"/>
        <line num="7901" count="0" type="stmt"/>
        <line num="7902" count="0" type="stmt"/>
        <line num="7903" count="0" type="cond" truecount="0" falsecount="4"/>
        <line num="7912" count="0" type="stmt"/>
        <line num="7914" count="0" type="cond" truecount="0" falsecount="2"/>
        <line num="7915" count="0" type="stmt"/>
        <line num="7920" count="0" type="cond" truecount="0" falsecount="2"/>
        <line num="7924" count="0" type="stmt"/>
        <line num="7928" count="0" type="cond" truecount="0" falsecount="2"/>
        <line num="7934" count="0" type="stmt"/>
        <line num="7938" count="0" type="stmt"/>
        <line num="7944" count="0" type="stmt"/>
        <line num="7949" count="0" type="cond" truecount="0" falsecount="2"/>
        <line num="7955" count="0" type="stmt"/>
        <line num="7956" count="0" type="stmt"/>
        <line num="7964" count="0" type="cond" truecount="0" falsecount="3"/>
        <line num="7969" count="0" type="stmt"/>
        <line num="7971" count="0" type="stmt"/>
        <line num="7973" count="0" type="stmt"/>
        <line num="7974" count="0" type="cond" truecount="0" falsecount="2"/>
        <line num="7975" count="0" type="stmt"/>
        <line num="7977" count="0" type="cond" truecount="0" falsecount="2"/>
        <line num="7980" count="0" type="stmt"/>
        <line num="7988" count="0" type="stmt"/>
        <line num="7989" count="0" type="stmt"/>
        <line num="7992" count="0" type="cond" truecount="0" falsecount="2"/>
        <line num="7993" count="0" type="stmt"/>
        <line num="7994" count="0" type="cond" truecount="0" falsecount="2"/>
        <line num="7995" count="0" type="stmt"/>
        <line num="7999" count="0" type="stmt"/>
        <line num="8003" count="0" type="stmt"/>
        <line num="8018" count="0" type="cond" truecount="0" falsecount="2"/>
        <line num="8024" count="0" type="stmt"/>
        <line num="8031" count="0" type="stmt"/>
        <line num="8052" count="0" type="cond" truecount="0" falsecount="2"/>
        <line num="8053" count="0" type="cond" truecount="0" falsecount="2"/>
        <line num="8061" count="0" type="stmt"/>
        <line num="8062" count="0" type="stmt"/>
        <line num="8064" count="0" type="stmt"/>
        <line num="8065" count="0" type="stmt"/>
        <line num="8069" count="0" type="stmt"/>
        <line num="8070" count="0" type="stmt"/>
        <line num="8071" count="0" type="stmt"/>
        <line num="8073" count="0" type="stmt"/>
        <line num="8077" count="0" type="cond" truecount="0" falsecount="2"/>
        <line num="8078" count="0" type="stmt"/>
        <line num="8085" count="0" type="stmt"/>
        <line num="8086" count="0" type="cond" truecount="0" falsecount="2"/>
        <line num="8087" count="0" type="stmt"/>
        <line num="8093" count="0" type="cond" truecount="0" falsecount="2"/>
        <line num="8096" count="0" type="cond" truecount="0" falsecount="2"/>
        <line num="8098" count="0" type="stmt"/>
        <line num="8100" count="0" type="stmt"/>
        <line num="8106" count="0" type="stmt"/>
        <line num="8108" count="0" type="stmt"/>
        <line num="8109" count="0" type="cond" truecount="0" falsecount="4"/>
        <line num="8121" count="0" type="stmt"/>
        <line num="8129" count="0" type="stmt"/>
        <line num="8132" count="0" type="stmt"/>
        <line num="8141" count="0" type="stmt"/>
        <line num="8145" count="0" type="cond" truecount="0" falsecount="2"/>
        <line num="8146" count="0" type="stmt"/>
        <line num="8151" count="0" type="stmt"/>
        <line num="8153" count="0" type="cond" truecount="0" falsecount="2"/>
        <line num="8154" count="0" type="stmt"/>
        <line num="8157" count="0" type="cond" truecount="0" falsecount="2"/>
        <line num="8158" count="0" type="stmt"/>
        <line num="8164" count="0" type="stmt"/>
        <line num="8165" count="0" type="stmt"/>
        <line num="8173" count="0" type="cond" truecount="0" falsecount="2"/>
        <line num="8174" count="0" type="stmt"/>
        <line num="8175" count="0" type="stmt"/>
        <line num="8183" count="0" type="cond" truecount="0" falsecount="2"/>
        <line num="8193" count="0" type="stmt"/>
        <line num="8195" count="0" type="cond" truecount="0" falsecount="2"/>
        <line num="8199" count="0" type="stmt"/>
        <line num="8202" count="0" type="stmt"/>
        <line num="8203" count="0" type="cond" truecount="0" falsecount="2"/>
        <line num="8204" count="0" type="cond" truecount="0" falsecount="2"/>
        <line num="8205" count="0" type="stmt"/>
        <line num="8208" count="0" type="stmt"/>
        <line num="8209" count="0" type="stmt"/>
        <line num="8211" count="0" type="stmt"/>
        <line num="8215" count="0" type="stmt"/>
        <line num="8221" count="0" type="stmt"/>
        <line num="8224" count="0" type="stmt"/>
        <line num="8228" count="0" type="stmt"/>
        <line num="8232" count="0" type="stmt"/>
        <line num="8234" count="0" type="stmt"/>
        <line num="8235" count="0" type="stmt"/>
        <line num="8236" count="0" type="stmt"/>
        <line num="8238" count="0" type="stmt"/>
        <line num="8251" count="0" type="cond" truecount="0" falsecount="3"/>
        <line num="8252" count="0" type="stmt"/>
        <line num="8253" count="0" type="stmt"/>
        <line num="8254" count="0" type="cond" truecount="0" falsecount="2"/>
        <line num="8255" count="0" type="stmt"/>
        <line num="8256" count="0" type="stmt"/>
        <line num="8258" count="0" type="stmt"/>
        <line num="8259" count="0" type="stmt"/>
        <line num="8260" count="0" type="cond" truecount="0" falsecount="2"/>
        <line num="8261" count="0" type="cond" truecount="0" falsecount="4"/>
        <line num="8262" count="0" type="stmt"/>
        <line num="8273" count="0" type="cond" truecount="0" falsecount="2"/>
        <line num="8274" count="0" type="stmt"/>
        <line num="8275" count="0" type="stmt"/>
        <line num="8276" count="0" type="stmt"/>
        <line num="8277" count="0" type="stmt"/>
        <line num="8278" count="0" type="stmt"/>
        <line num="8286" count="0" type="stmt"/>
        <line num="8290" count="0" type="stmt"/>
        <line num="8294" count="0" type="stmt"/>
        <line num="8295" count="0" type="cond" truecount="0" falsecount="4"/>
        <line num="8296" count="0" type="cond" truecount="0" falsecount="3"/>
        <line num="8312" count="0" type="cond" truecount="0" falsecount="2"/>
        <line num="8313" count="0" type="stmt"/>
        <line num="8314" count="0" type="stmt"/>
        <line num="8315" count="0" type="stmt"/>
        <line num="8318" count="0" type="cond" truecount="0" falsecount="5"/>
        <line num="8334" count="0" type="cond" truecount="0" falsecount="2"/>
        <line num="8335" count="0" type="stmt"/>
        <line num="8338" count="0" type="cond" truecount="0" falsecount="2"/>
        <line num="8339" count="0" type="stmt"/>
        <line num="8346" count="0" type="stmt"/>
        <line num="8347" count="0" type="cond" truecount="0" falsecount="2"/>
        <line num="8348" count="0" type="stmt"/>
        <line num="8353" count="0" type="stmt"/>
        <line num="8355" count="0" type="stmt"/>
        <line num="8362" count="0" type="cond" truecount="0" falsecount="2"/>
        <line num="8372" count="0" type="stmt"/>
        <line num="8376" count="0" type="stmt"/>
        <line num="8377" count="0" type="stmt"/>
        <line num="8378" count="0" type="stmt"/>
        <line num="8379" count="0" type="stmt"/>
        <line num="8380" count="0" type="cond" truecount="0" falsecount="4"/>
        <line num="8381" count="0" type="stmt"/>
        <line num="8382" count="0" type="stmt"/>
        <line num="8383" count="0" type="stmt"/>
        <line num="8388" count="0" type="stmt"/>
        <line num="8396" count="0" type="stmt"/>
        <line num="8415" count="0" type="stmt"/>
        <line num="8422" count="0" type="cond" truecount="0" falsecount="3"/>
      </file>
    </package>
    <package name="calculator.dist.js.webpack:.src">
      <metrics statements="7" coveredstatements="0" conditionals="2" coveredconditionals="0" methods="4" coveredmethods="0"/>
      <file name="App.vue" path="/Users/aminaev/Documents/Programming/VUE/HW1_calculator/calculator/dist/js/webpack:/src/App.vue">
        <metrics statements="1" coveredstatements="0" conditionals="0" coveredconditionals="0" methods="0" coveredmethods="0"/>
        <line num="10" count="0" type="stmt"/>
      </file>
      <file name="App.vue?3f3a" path="/Users/aminaev/Documents/Programming/VUE/HW1_calculator/calculator/dist/js/webpack:/src/App.vue?3f3a">
        <metrics statements="2" coveredstatements="0" conditionals="2" coveredconditionals="0" methods="2" coveredmethods="0"/>
        <line num="1" count="0" type="cond" truecount="0" falsecount="2"/>
        <line num="2" count="0" type="stmt"/>
      </file>
      <file name="App.vue?6ee5" path="/Users/aminaev/Documents/Programming/VUE/HW1_calculator/calculator/dist/js/webpack:/src/App.vue?6ee5">
        <metrics statements="1" coveredstatements="0" conditionals="0" coveredconditionals="0" methods="1" coveredmethods="0"/>
        <line num="1" count="0" type="stmt"/>
      </file>
      <file name="App.vue?b65f" path="/Users/aminaev/Documents/Programming/VUE/HW1_calculator/calculator/dist/js/webpack:/src/App.vue?b65f">
        <metrics statements="1" coveredstatements="0" conditionals="0" coveredconditionals="0" methods="0" coveredmethods="0"/>
        <line num="1" count="0" type="stmt"/>
      </file>
      <file name="main.js" path="/Users/aminaev/Documents/Programming/VUE/HW1_calculator/calculator/dist/js/webpack:/src/main.js">
        <metrics statements="2" coveredstatements="0" conditionals="0" coveredconditionals="0" methods="1" coveredmethods="0"/>
        <line num="4" count="0" type="stmt"/>
        <line num="7" count="0" type="stmt"/>
      </file>
    </package>
    <package name="calculator.dist.js.webpack:.src.components">
      <metrics statements="20" coveredstatements="0" conditionals="12" coveredconditionals="0" methods="14" coveredmethods="0"/>
      <file name="Calculator.vue" path="/Users/aminaev/Documents/Programming/VUE/HW1_calculator/calculator/dist/js/webpack:/src/components/Calculator.vue">
        <metrics statements="15" coveredstatements="0" conditionals="6" coveredconditionals="0" methods="2" coveredmethods="0"/>
        <line num="22" count="0" type="stmt"/>
        <line num="27" count="0" type="stmt"/>
        <line num="36" count="0" type="stmt"/>
        <line num="38" count="0" type="stmt"/>
        <line num="39" count="0" type="stmt"/>
        <line num="41" count="0" type="stmt"/>
        <line num="42" count="0" type="stmt"/>
        <line num="44" count="0" type="stmt"/>
        <line num="45" count="0" type="stmt"/>
        <line num="47" count="0" type="stmt"/>
        <line num="48" count="0" type="stmt"/>
        <line num="50" count="0" type="stmt"/>
        <line num="51" count="0" type="stmt"/>
        <line num="53" count="0" type="stmt"/>
        <line num="54" count="0" type="stmt"/>
      </file>
      <file name="Calculator.vue?1aac" path="/Users/aminaev/Documents/Programming/VUE/HW1_calculator/calculator/dist/js/webpack:/src/components/Calculator.vue?1aac">
        <metrics statements="2" coveredstatements="0" conditionals="6" coveredconditionals="0" methods="11" coveredmethods="0"/>
        <line num="1" count="0" type="cond" truecount="0" falsecount="6"/>
        <line num="2" count="0" type="stmt"/>
      </file>
      <file name="Calculator.vue?224a" path="/Users/aminaev/Documents/Programming/VUE/HW1_calculator/calculator/dist/js/webpack:/src/components/Calculator.vue?224a">
        <metrics statements="1" coveredstatements="0" conditionals="0" coveredconditionals="0" methods="0" coveredmethods="0"/>
        <line num="1" count="0" type="stmt"/>
      </file>
      <file name="Calculator.vue?e27b" path="/Users/aminaev/Documents/Programming/VUE/HW1_calculator/calculator/dist/js/webpack:/src/components/Calculator.vue?e27b">
        <metrics statements="1" coveredstatements="0" conditionals="0" coveredconditionals="0" methods="1" coveredmethods="0"/>
        <line num="1" count="0" type="stmt"/>
      </file>
      <file name="Calculator.vue?e8c5" path="/Users/aminaev/Documents/Programming/VUE/HW1_calculator/calculator/dist/js/webpack:/src/components/Calculator.vue?e8c5">
        <metrics statements="1" coveredstatements="0" conditionals="0" coveredconditionals="0" methods="0" coveredmethods="0"/>
        <line num="9" count="0" type="stmt"/>
      </file>
    </package>
    <package name="calculator.dist.js.webpack:.webpack">
      <metrics statements="46" coveredstatements="0" conditionals="40" coveredconditionals="0" methods="12" coveredmethods="0"/>
      <file name="bootstrap" path="/Users/aminaev/Documents/Programming/VUE/HW1_calculator/calculator/dist/js/webpack:/webpack/bootstrap">
        <metrics statements="46" coveredstatements="0" conditionals="40" coveredconditionals="0" methods="12" coveredmethods="0"/>
        <line num="3" count="0" type="stmt"/>
        <line num="4" count="0" type="stmt"/>
        <line num="5" count="0" type="stmt"/>
        <line num="9" count="0" type="stmt"/>
        <line num="10" count="0" type="stmt"/>
        <line num="11" count="0" type="stmt"/>
        <line num="17" count="0" type="stmt"/>
        <line num="18" count="0" type="cond" truecount="0" falsecount="2"/>
        <line num="22" count="0" type="cond" truecount="0" falsecount="2"/>
        <line num="24" count="0" type="stmt"/>
        <line num="25" count="0" type="stmt"/>
        <line num="32" count="0" type="stmt"/>
        <line num="36" count="0" type="stmt"/>
        <line num="37" count="0" type="stmt"/>
        <line num="38" count="0" type="stmt"/>
        <line num="39" count="0" type="stmt"/>
        <line num="40" count="0" type="stmt"/>
        <line num="41" count="0" type="cond" truecount="0" falsecount="2"/>
        <line num="43" count="0" type="cond" truecount="0" falsecount="2"/>
        <line num="49" count="0" type="stmt"/>
        <line num="53" count="0" type="stmt"/>
        <line num="58" count="0" type="stmt"/>
        <line num="62" count="0" type="stmt"/>
        <line num="68" count="0" type="cond" truecount="0" falsecount="2"/>
        <line num="69" count="0" type="stmt"/>
        <line num="72" count="0" type="stmt"/>
        <line num="85" count="0" type="stmt"/>
        <line num="90" count="0" type="stmt"/>
        <line num="97" count="0" type="cond" truecount="0" falsecount="2"/>
        <line num="104" count="0" type="cond" truecount="0" falsecount="3"/>
        <line num="117" count="0" type="cond" truecount="0" falsecount="2"/>
        <line num="118" count="0" type="cond" truecount="0" falsecount="6"/>
        <line num="119" count="0" type="stmt"/>
        <line num="122" count="0" type="cond" truecount="0" falsecount="4"/>
        <line num="123" count="0" type="stmt"/>
        <line num="128" count="0" type="cond" truecount="0" falsecount="2"/>
        <line num="129" count="0" type="cond" truecount="0" falsecount="2"/>
        <line num="130" count="0" type="stmt"/>
        <line num="132" count="0" type="stmt"/>
        <line num="136" count="0" type="stmt"/>
        <line num="141" count="0" type="cond" truecount="0" falsecount="2"/>
        <line num="142" count="0" type="stmt"/>
        <line num="143" count="0" type="stmt"/>
        <line num="145" count="0" type="stmt"/>
        <line num="146" count="0" type="stmt"/>
        <line num="150" count="0" type="stmt"/>
      </file>
    </package>
    <package name="calculator.src">
      <metrics statements="4" coveredstatements="0" conditionals="0" coveredconditionals="0" methods="1" coveredmethods="0"/>
      <file name="App.vue" path="/Users/aminaev/Documents/Programming/VUE/HW1_calculator/calculator/src/App.vue">
        <metrics statements="1" coveredstatements="0" conditionals="0" coveredconditionals="0" methods="0" coveredmethods="0"/>
        <line num="8" count="0" type="stmt"/>
      </file>
      <file name="main.js" path="/Users/aminaev/Documents/Programming/VUE/HW1_calculator/calculator/src/main.js">
        <metrics statements="3" coveredstatements="0" conditionals="0" coveredconditionals="0" methods="1" coveredmethods="0"/>
        <line num="4" count="0" type="stmt"/>
        <line num="6" count="0" type="stmt"/>
        <line num="7" count="0" type="stmt"/>
      </file>
    </package>
    <package name="calculator.src.components">
      <metrics statements="19" coveredstatements="19" conditionals="6" coveredconditionals="6" methods="10" coveredmethods="10"/>
      <file name="Calculator.vue" path="/Users/aminaev/Documents/Programming/VUE/HW1_calculator/calculator/src/components/Calculator.vue">
        <metrics statements="19" coveredstatements="19" conditionals="6" coveredconditionals="6" methods="10" coveredmethods="10"/>
        <line num="55" count="1" type="stmt"/>
        <line num="59" count="12" type="stmt"/>
        <line num="91" count="2" type="cond" truecount="2" falsecount="0"/>
        <line num="94" count="2" type="cond" truecount="2" falsecount="0"/>
        <line num="96" count="7" type="stmt"/>
        <line num="97" count="14" type="stmt"/>
        <line num="98" count="7" type="stmt"/>
        <line num="100" count="7" type="stmt"/>
        <line num="101" count="1" type="stmt"/>
        <line num="102" count="1" type="stmt"/>
        <line num="103" count="1" type="stmt"/>
        <line num="105" count="2" type="cond" truecount="2" falsecount="0"/>
        <line num="106" count="1" type="stmt"/>
        <line num="107" count="1" type="stmt"/>
        <line num="109" count="1" type="stmt"/>
        <line num="111" count="1" type="stmt"/>
        <line num="112" count="1" type="stmt"/>
        <line num="115" count="7" type="stmt"/>
        <line num="118" count="7" type="stmt"/>
      </file>
    </package>
    <package name="calculator.src.tests">
      <metrics statements="1" coveredstatements="1" conditionals="0" coveredconditionals="0" methods="1" coveredmethods="1"/>
      <file name="TestComponent.vue" path="/Users/aminaev/Documents/Programming/VUE/HW1_calculator/calculator/src/tests/TestComponent.vue">
        <metrics statements="1" coveredstatements="1" conditionals="0" coveredconditionals="0" methods="1" coveredmethods="1"/>
        <line num="11" count="1" type="stmt"/>
      </file>
    </package>
  </project>
</coverage>
