TN:
SF:.eslintrc.js
FNF:0
FNH:0
DA:1,0
LF:1
LH:0
BRDA:14,0,0,0
BRDA:14,0,1,0
BRDA:15,1,0,0
BRDA:15,1,1,0
BRF:4
BRH:0
end_of_record
TN:
SF:babel.config.js
FNF:0
FNH:0
DA:1,0
LF:1
LH:0
BRF:0
BRH:0
end_of_record
TN:
SF:coverage/lcov-report/block-navigation.js
FN:2,init
FN:24,toggleClass
FN:31,makeCurrent
FN:41,goToPrevious
FN:52,goToNext
FN:65,jump
FNF:6
FNH:0
FNDA:0,init
FNDA:0,toggleClass
FNDA:0,makeCurrent
FNDA:0,goToPrevious
FNDA:0,goToNext
FNDA:0,jump
DA:2,0
DA:4,0
DA:7,0
DA:10,0
DA:14,0
DA:20,0
DA:25,0
DA:28,0
DA:32,0
DA:33,0
DA:34,0
DA:42,0
DA:43,0
DA:44,0
DA:45,0
DA:46,0
DA:49,0
DA:53,0
DA:55,0
DA:59,0
DA:62,0
DA:65,0
DA:66,0
DA:69,0
DA:70,0
DA:74,0
DA:75,0
DA:79,0
LF:28
LH:0
BRDA:43,0,0,0
BRDA:43,0,1,0
BRDA:43,1,0,0
BRDA:43,1,1,0
BRDA:45,2,0,0
BRDA:45,2,1,0
BRDA:55,3,0,0
BRDA:55,3,1,0
BRDA:56,4,0,0
BRDA:56,4,1,0
BRDA:66,5,0,0
BRDA:66,5,1,0
BRDA:66,5,2,0
BRDA:66,5,3,0
BRDA:66,5,4,0
BRF:15
BRH:0
end_of_record
TN:
SF:coverage/lcov-report/prettify.js
FN:2,(anonymous_0)
FN:2,k
FN:2,ab
FN:2,T
FN:2,X
FN:2,(anonymous_5)
FN:2,W
FN:2,(anonymous_7)
FN:2,a
FN:2,aa
FN:2,B
FN:2,o
FN:2,g
FN:2,(anonymous_13)
FN:2,(anonymous_14)
FN:2,i
FN:2,Q
FN:2,ae
FN:2,ad
FN:2,ai
FN:2,D
FN:2,c
FN:2,q
FN:2,d
FN:2,y
FN:2,b
FN:2,Y
FN:2,(anonymous_27)
FN:2,U
FNF:29
FNH:0
FNDA:0,(anonymous_0)
FNDA:0,k
FNDA:0,ab
FNDA:0,T
FNDA:0,X
FNDA:0,(anonymous_5)
FNDA:0,W
FNDA:0,(anonymous_7)
FNDA:0,a
FNDA:0,aa
FNDA:0,B
FNDA:0,o
FNDA:0,g
FNDA:0,(anonymous_13)
FNDA:0,(anonymous_14)
FNDA:0,i
FNDA:0,Q
FNDA:0,ae
FNDA:0,ad
FNDA:0,ai
FNDA:0,D
FNDA:0,c
FNDA:0,q
FNDA:0,d
FNDA:0,y
FNDA:0,b
FNDA:0,Y
FNDA:0,(anonymous_27)
FNDA:0,U
DA:2,0
LF:1
LH:0
BRDA:2,0,0,0
BRDA:2,0,1,0
BRDA:2,1,0,0
BRDA:2,1,1,0
BRDA:2,2,0,0
BRDA:2,2,1,0
BRDA:2,3,0,0
BRDA:2,3,1,0
BRDA:2,4,0,0
BRDA:2,4,1,0
BRDA:2,5,0,0
BRDA:2,5,1,0
BRDA:2,6,0,0
BRDA:2,6,1,0
BRDA:2,7,0,0
BRDA:2,7,1,0
BRDA:2,8,0,0
BRDA:2,8,1,0
BRDA:2,9,0,0
BRDA:2,9,1,0
BRDA:2,10,0,0
BRDA:2,10,1,0
BRDA:2,11,0,0
BRDA:2,11,1,0
BRDA:2,11,2,0
BRDA:2,11,3,0
BRDA:2,12,0,0
BRDA:2,12,1,0
BRDA:2,13,0,0
BRDA:2,13,1,0
BRDA:2,14,0,0
BRDA:2,14,1,0
BRDA:2,15,0,0
BRDA:2,15,1,0
BRDA:2,16,0,0
BRDA:2,16,1,0
BRDA:2,17,0,0
BRDA:2,17,1,0
BRDA:2,18,0,0
BRDA:2,18,1,0
BRDA:2,19,0,0
BRDA:2,19,1,0
BRDA:2,20,0,0
BRDA:2,20,1,0
BRDA:2,21,0,0
BRDA:2,21,1,0
BRDA:2,22,0,0
BRDA:2,22,1,0
BRDA:2,23,0,0
BRDA:2,23,1,0
BRDA:2,24,0,0
BRDA:2,24,1,0
BRDA:2,25,0,0
BRDA:2,25,1,0
BRDA:2,26,0,0
BRDA:2,26,1,0
BRDA:2,27,0,0
BRDA:2,27,1,0
BRDA:2,28,0,0
BRDA:2,28,1,0
BRDA:2,29,0,0
BRDA:2,29,1,0
BRDA:2,30,0,0
BRDA:2,30,1,0
BRDA:2,31,0,0
BRDA:2,31,1,0
BRDA:2,32,0,0
BRDA:2,32,1,0
BRDA:2,33,0,0
BRDA:2,33,1,0
BRDA:2,34,0,0
BRDA:2,34,1,0
BRDA:2,35,0,0
BRDA:2,35,1,0
BRDA:2,36,0,0
BRDA:2,36,1,0
BRDA:2,37,0,0
BRDA:2,37,1,0
BRDA:2,38,0,0
BRDA:2,38,1,0
BRDA:2,39,0,0
BRDA:2,39,1,0
BRDA:2,40,0,0
BRDA:2,40,1,0
BRDA:2,41,0,0
BRDA:2,41,1,0
BRDA:2,42,0,0
BRDA:2,42,1,0
BRDA:2,43,0,0
BRDA:2,43,1,0
BRDA:2,44,0,0
BRDA:2,44,1,0
BRDA:2,45,0,0
BRDA:2,45,1,0
BRDA:2,46,0,0
BRDA:2,46,1,0
BRDA:2,47,0,0
BRDA:2,47,1,0
BRDA:2,48,0,0
BRDA:2,48,1,0
BRDA:2,49,0,0
BRDA:2,49,1,0
BRDA:2,50,0,0
BRDA:2,50,1,0
BRDA:2,50,2,0
BRDA:2,51,0,0
BRDA:2,51,1,0
BRDA:2,52,0,0
BRDA:2,52,1,0
BRDA:2,53,0,0
BRDA:2,53,1,0
BRDA:2,54,0,0
BRDA:2,54,1,0
BRDA:2,55,0,0
BRDA:2,55,1,0
BRDA:2,56,0,0
BRDA:2,56,1,0
BRDA:2,57,0,0
BRDA:2,57,1,0
BRDA:2,58,0,0
BRDA:2,58,1,0
BRDA:2,59,0,0
BRDA:2,59,1,0
BRDA:2,60,0,0
BRDA:2,60,1,0
BRDA:2,61,0,0
BRDA:2,61,1,0
BRDA:2,62,0,0
BRDA:2,62,1,0
BRDA:2,63,0,0
BRDA:2,63,1,0
BRDA:2,64,0,0
BRDA:2,64,1,0
BRDA:2,65,0,0
BRDA:2,65,1,0
BRDA:2,66,0,0
BRDA:2,66,1,0
BRDA:2,67,0,0
BRDA:2,67,1,0
BRDA:2,68,0,0
BRDA:2,68,1,0
BRDA:2,69,0,0
BRDA:2,69,1,0
BRDA:2,70,0,0
BRDA:2,70,1,0
BRDA:2,71,0,0
BRDA:2,71,1,0
BRDA:2,72,0,0
BRDA:2,72,1,0
BRDA:2,73,0,0
BRDA:2,73,1,0
BRDA:2,74,0,0
BRDA:2,74,1,0
BRDA:2,75,0,0
BRDA:2,75,1,0
BRDA:2,76,0,0
BRDA:2,76,1,0
BRDA:2,77,0,0
BRDA:2,77,1,0
BRDA:2,78,0,0
BRDA:2,78,1,0
BRDA:2,79,0,0
BRDA:2,79,1,0
BRDA:2,80,0,0
BRDA:2,80,1,0
BRDA:2,81,0,0
BRDA:2,81,1,0
BRDA:2,82,0,0
BRDA:2,82,1,0
BRDA:2,83,0,0
BRDA:2,83,1,0
BRDA:2,84,0,0
BRDA:2,84,1,0
BRDA:2,85,0,0
BRDA:2,85,1,0
BRDA:2,86,0,0
BRDA:2,86,1,0
BRDA:2,87,0,0
BRDA:2,87,1,0
BRDA:2,88,0,0
BRDA:2,88,1,0
BRDA:2,89,0,0
BRDA:2,89,1,0
BRDA:2,89,2,0
BRDA:2,90,0,0
BRDA:2,90,1,0
BRDA:2,91,0,0
BRDA:2,91,1,0
BRDA:2,92,0,0
BRDA:2,92,1,0
BRDA:2,93,0,0
BRDA:2,93,1,0
BRDA:2,94,0,0
BRDA:2,94,1,0
BRDA:2,95,0,0
BRDA:2,95,1,0
BRDA:2,96,0,0
BRDA:2,96,1,0
BRDA:2,97,0,0
BRDA:2,97,1,0
BRDA:2,98,0,0
BRDA:2,98,1,0
BRDA:2,99,0,0
BRDA:2,99,1,0
BRDA:2,100,0,0
BRDA:2,100,1,0
BRDA:2,101,0,0
BRDA:2,101,1,0
BRDA:2,102,0,0
BRDA:2,102,1,0
BRDA:2,103,0,0
BRDA:2,103,1,0
BRDA:2,104,0,0
BRDA:2,104,1,0
BRDA:2,105,0,0
BRDA:2,105,1,0
BRDA:2,106,0,0
BRDA:2,106,1,0
BRDA:2,107,0,0
BRDA:2,107,1,0
BRDA:2,108,0,0
BRDA:2,108,1,0
BRDA:2,109,0,0
BRDA:2,109,1,0
BRDA:2,110,0,0
BRDA:2,110,1,0
BRDA:2,111,0,0
BRDA:2,111,1,0
BRDA:2,112,0,0
BRDA:2,112,1,0
BRDA:2,113,0,0
BRDA:2,113,1,0
BRDA:2,114,0,0
BRDA:2,114,1,0
BRDA:2,115,0,0
BRDA:2,115,1,0
BRDA:2,116,0,0
BRDA:2,116,1,0
BRDA:2,117,0,0
BRDA:2,117,1,0
BRDA:2,118,0,0
BRDA:2,118,1,0
BRDA:2,119,0,0
BRDA:2,119,1,0
BRDA:2,120,0,0
BRDA:2,120,1,0
BRDA:2,121,0,0
BRDA:2,121,1,0
BRDA:2,122,0,0
BRDA:2,122,1,0
BRDA:2,123,0,0
BRDA:2,123,1,0
BRDA:2,124,0,0
BRDA:2,124,1,0
BRDA:2,125,0,0
BRDA:2,125,1,0
BRDA:2,126,0,0
BRDA:2,126,1,0
BRDA:2,127,0,0
BRDA:2,127,1,0
BRDA:2,128,0,0
BRDA:2,128,1,0
BRDA:2,128,2,0
BRDA:2,129,0,0
BRDA:2,129,1,0
BRDA:2,130,0,0
BRDA:2,130,1,0
BRDA:2,131,0,0
BRDA:2,131,1,0
BRDA:2,131,2,0
BRDA:2,131,3,0
BRDA:2,131,4,0
BRDA:2,132,0,0
BRDA:2,132,1,0
BRDA:2,133,0,0
BRDA:2,133,1,0
BRDA:2,134,0,0
BRDA:2,134,1,0
BRDA:2,135,0,0
BRDA:2,135,1,0
BRDA:2,136,0,0
BRDA:2,136,1,0
BRDA:2,137,0,0
BRDA:2,137,1,0
BRDA:2,138,0,0
BRDA:2,138,1,0
BRF:286
BRH:0
end_of_record
TN:
SF:coverage/lcov-report/sorter.js
FN:2,(anonymous_0)
FN:11,getTable
FN:15,getTableHeader
FN:19,getTableBody
FN:23,getNthColumn
FN:28,loadColumns
FN:53,loadRowData
FN:72,loadData
FN:81,sortByIndex
FN:83,(anonymous_9)
FN:95,(anonymous_10)
FN:112,removeSortIndicators
FN:120,addSortIndicators
FN:126,enableUI
FN:129,ithSorter
FN:132,(anonymous_15)
FN:159,(anonymous_16)
FNF:17
FNH:0
FNDA:0,(anonymous_0)
FNDA:0,getTable
FNDA:0,getTableHeader
FNDA:0,getTableBody
FNDA:0,getNthColumn
FNDA:0,loadColumns
FNDA:0,loadRowData
FNDA:0,loadData
FNDA:0,sortByIndex
FNDA:0,(anonymous_9)
FNDA:0,(anonymous_10)
FNDA:0,removeSortIndicators
FNDA:0,addSortIndicators
FNDA:0,enableUI
FNDA:0,ithSorter
FNDA:0,(anonymous_15)
FNDA:0,(anonymous_16)
DA:2,0
DA:5,0
DA:12,0
DA:16,0
DA:20,0
DA:24,0
DA:29,0
DA:31,0
DA:35,0
DA:36,0
DA:37,0
DA:42,0
DA:43,0
DA:44,0
DA:45,0
DA:49,0
DA:54,0
DA:57,0
DA:60,0
DA:61,0
DA:62,0
DA:63,0
DA:64,0
DA:65,0
DA:67,0
DA:69,0
DA:73,0
DA:76,0
DA:77,0
DA:82,0
DA:83,0
DA:84,0
DA:85,0
DA:86,0
DA:88,0
DA:89,0
DA:90,0
DA:91,0
DA:94,0
DA:95,0
DA:96,0
DA:100,0
DA:101,0
DA:102,0
DA:105,0
DA:107,0
DA:108,0
DA:113,0
DA:114,0
DA:116,0
DA:117,0
DA:121,0
DA:129,0
DA:130,0
DA:132,0
DA:133,0
DA:135,0
DA:136,0
DA:138,0
DA:139,0
DA:140,0
DA:141,0
DA:142,0
DA:145,0
DA:146,0
DA:149,0
DA:150,0
DA:151,0
DA:153,0
DA:159,0
DA:160,0
DA:161,0
DA:163,0
DA:164,0
DA:165,0
DA:166,0
DA:170,0
LF:77
LH:0
BRDA:40,0,0,0
BRDA:40,0,1,0
BRDA:43,1,0,0
BRDA:43,1,1,0
BRDA:64,2,0,0
BRDA:64,2,1,0
BRDA:86,3,0,0
BRDA:86,3,1,0
BRDA:86,4,0,0
BRDA:86,4,1,0
BRDA:94,5,0,0
BRDA:94,5,1,0
BRDA:121,6,0,0
BRDA:121,6,1,0
BRDA:135,7,0,0
BRDA:135,7,1,0
BRDA:146,8,0,0
BRDA:146,8,1,0
BRDA:150,9,0,0
BRDA:150,9,1,0
BRDA:160,10,0,0
BRDA:160,10,1,0
BRF:22
BRH:0
end_of_record
TN:
SF:dist/js/webpack:/(webpack)/buildin/global.js
FN:1,(anonymous_473)
FN:4,(anonymous_474)
FNF:2
FNH:0
FNDA:0,(anonymous_473)
FNDA:0,(anonymous_474)
DA:4,0
DA:5,0
DA:8,0
DA:10,0
DA:13,0
DA:20,0
LF:6
LH:0
BRDA:10,0,0,0
BRDA:10,0,1,0
BRDA:13,1,0,0
BRDA:13,1,1,0
BRF:4
BRH:0
end_of_record
TN:
SF:dist/js/webpack:/node_modules/vue-loader/lib/runtime/componentNormalizer.js
FN:7,(anonymous_0)
FN:7,r
FN:41,(anonymous_2)
FN:65,(anonymous_3)
FN:81,(anonymous_4)
FN:1,(anonymous_5)
FNF:6
FNH:0
FNDA:0,(anonymous_0)
FNDA:0,r
FNDA:0,(anonymous_2)
FNDA:0,(anonymous_3)
FNDA:0,(anonymous_4)
FNDA:0,(anonymous_5)
DA:1,0
DA:18,0
DA:43,0
DA:66,0
DA:74,0
DA:75,0
DA:78,0
DA:80,0
DA:81,0
DA:83,0
DA:87,0
DA:88,0
DA:94,0
LF:13
LH:0
BRDA:7,0,0,0
BRDA:7,0,1,0
BRDA:19,1,0,0
BRDA:19,1,1,0
BRDA:74,2,0,0
BRDA:74,2,1,0
BRDA:23,3,0,0
BRDA:23,3,1,0
BRDA:30,4,0,0
BRDA:30,4,1,0
BRDA:35,5,0,0
BRDA:35,5,1,0
BRDA:41,6,0,0
BRDA:41,6,1,0
BRDA:44,7,0,0
BRDA:44,7,1,0
BRDA:44,7,2,0
BRDA:44,7,3,0
BRDA:44,7,4,0
BRDA:44,7,5,0
BRDA:48,8,0,0
BRDA:48,8,1,0
BRDA:48,8,2,0
BRDA:52,9,0,0
BRDA:52,9,1,0
BRDA:56,10,0,0
BRDA:56,10,1,0
BRDA:56,10,2,0
BRDA:63,11,0,0
BRDA:63,11,1,0
BRDA:65,12,0,0
BRDA:65,12,1,0
BRDA:68,13,0,0
BRDA:68,13,1,0
BRDA:75,14,0,0
BRDA:75,14,1,0
BRDA:89,15,0,0
BRDA:89,15,1,0
BRF:38
BRH:0
end_of_record
TN:
SF:dist/js/webpack:/node_modules/vue/dist/vue.runtime.esm.js
FN:1,(anonymous_7)
FN:12,r
FN:16,i
FN:20,o
FN:24,a
FN:31,s
FN:46,c
FN:63,l
FN:67,f
FN:74,p
FN:79,d
FN:90,v
FN:102,h
FN:111,m
FN:121,(anonymous_21)
FN:122,(anonymous_22)
FN:138,g
FN:151,b
FN:158,w
FN:160,(anonymous_26)
FN:170,(anonymous_27)
FN:171,(anonymous_28)
FN:177,(anonymous_29)
FN:185,(anonymous_30)
FN:198,k
FN:199,n
FN:212,S
FN:223,j
FN:236,T
FN:246,I
FN:263,D
FN:268,(anonymous_38)
FN:275,(anonymous_39)
FN:281,L
FN:290,(anonymous_41)
FN:298,(anonymous_42)
FN:321,M
FN:331,F
FN:333,(anonymous_45)
FN:474,z
FN:482,W
FN:495,K
FN:500,(anonymous_49)
FN:536,(anonymous_50)
FN:548,(anonymous_51)
FN:566,lt
FN:581,(anonymous_53)
FN:582,t
FN:585,(anonymous_55)
FN:588,(anonymous_56)
FN:591,(anonymous_57)
FN:701,(anonymous_58)
FN:706,(anonymous_59)
FN:710,(anonymous_60)
FN:714,(anonymous_61)
FN:720,(anonymous_62)
FN:740,yt
FN:745,gt
FN:752,(anonymous_65)
FN:791,(anonymous_66)
FN:797,(anonymous_67)
FN:806,Ct
FN:814,$t
FN:861,(anonymous_70)
FN:864,(anonymous_71)
FN:897,Et
FN:907,(anonymous_73)
FN:951,Tt
FN:962,It
FN:974,Dt
FN:999,Nt
FN:1024,(anonymous_78)
FN:1037,(anonymous_79)
FN:1065,Pt
FN:1100,Lt
FN:1132,Mt
FN:929,(anonymous_83)
FN:939,(anonymous_84)
FN:1169,Rt
FN:1199,Ut
FN:1224,(anonymous_87)
FN:1217,(anonymous_88)
FN:1266,Vt
FN:1282,Ht
FN:1303,Bt
FN:1241,(anonymous_92)
FN:1292,(anonymous_93)
FN:1318,(anonymous_94)
FN:1328,(anonymous_95)
FN:1364,(anonymous_96)
FN:1384,(anonymous_97)
FN:1418,Wt
FN:1455,qt
FN:1482,Kt
FN:1508,Xt
FN:1550,s
FN:1562,Gt
FN:1594,Jt
FN:1640,Zt
FN:1752,Qt
FN:1757,Yt
FN:1761,te
FN:1818,ee
FN:1845,ne
FN:1856,(anonymous_111)
FN:1867,re
FN:1882,ie
FN:1901,ue
FN:1932,(anonymous_115)
FN:1965,(anonymous_116)
FN:1970,(anonymous_117)
FN:1956,(anonymous_118)
FN:1975,ve
FN:1977,(anonymous_120)
FN:1994,(anonymous_121)
FN:2099,me
FN:2104,ye
FN:2152,(anonymous_124)
FN:2167,_e
FN:2168,n
FN:2186,be
FN:2227,we
FN:2234,c
FN:2262,Ce
FN:2303,$e
FN:2342,Ae
FN:2355,xe
FN:2363,Oe
FN:2367,ke
FN:2417,Se
FN:2426,Ee
FN:2430,(anonymous_138)
FN:2449,je
FN:2492,Te
FN:2532,Ie
FN:2538,De
FN:2588,Ne
FN:2589,(anonymous_144)
FN:2613,Pe
FN:2614,(anonymous_146)
FN:2622,Le
FN:2667,Me
FN:2704,Fe
FN:2710,Re
FN:2723,Ue
FN:2745,Ve
FN:2763,(anonymous_153)
FN:2783,(anonymous_154)
FN:2801,He
FN:2826,Be
FN:2835,ze
FN:2851,We
FN:2859,qe
FN:2880,Ke
FN:2908,Xe
FN:2927,Ge
FN:2933,Je
FN:2955,Ze
FN:2989,(anonymous_165)
FN:3001,(anonymous_166)
FN:3016,(anonymous_167)
FN:3025,(anonymous_168)
FN:3031,Qe
FN:3072,Ye
FN:3088,tn
FN:3104,(anonymous_172)
FN:3122,(anonymous_173)
FN:3134,(anonymous_174)
FN:3155,(anonymous_175)
FN:3169,rn
FN:3268,on
FN:3286,an
FN:3298,sn
FN:3299,(anonymous_180)
FN:3310,cn
FN:3337,fn
FN:3356,pn
FN:3447,dn
FN:3468,vn
FN:3479,hn
FN:3491,(anonymous_187)
FN:3494,(anonymous_188)
FN:3516,gn
FN:3520,(anonymous_190)
FN:3524,(anonymous_191)
FN:3590,_n
FN:3602,bn
FN:3615,wn
FN:3643,(anonymous_195)
FN:3645,(anonymous_196)
FN:3663,(anonymous_197)
FN:3675,(anonymous_198)
FN:3706,(anonymous_199)
FN:3717,(anonymous_200)
FN:3741,Cn
FN:3747,$n
FN:3762,An
FN:3774,xn
FN:3778,On
FN:3782,kn
FN:3784,r
FN:3792,Sn
FN:3802,En
FN:3804,(anonymous_210)
FN:3821,(anonymous_211)
FN:3823,r
FN:3832,(anonymous_213)
FN:3868,(anonymous_214)
FN:3900,Tn
FN:3903,(anonymous_216)
FN:3908,In
FN:3934,Dn
FN:3935,(anonymous_219)
FN:3966,(anonymous_220)
FN:3973,(anonymous_221)
FN:4017,Nn
FN:4065,(anonymous_223)
FN:4074,(anonymous_224)
FN:4091,Pn
FN:4171,Ln
FN:4178,Mn
FN:4196,Fn
FN:4212,Rn
FN:4243,qn
FN:4279,(anonymous_231)
FN:4286,Jn
FN:4299,(anonymous_233)
FN:4345,Zn
FN:4360,Qn
FN:4367,Yn
FN:4379,tr
FN:4418,(anonymous_238)
FN:4474,(anonymous_239)
FN:4501,(anonymous_240)
FN:4515,(anonymous_241)
FN:4537,(anonymous_242)
FN:4552,(anonymous_243)
FN:4583,(anonymous_244)
FN:4591,(anonymous_245)
FN:4601,(anonymous_246)
FN:4626,ir
FN:4627,(anonymous_248)
FN:4630,(anonymous_249)
FN:4636,or
FN:4652,ar
FN:4663,(anonymous_252)
FN:4702,sr
FN:4744,cr
FN:4759,lr
FN:4800,fr
FN:4831,pr
FN:4832,(anonymous_258)
FN:4846,dr
FN:4847,(anonymous_260)
FN:4852,vr
FN:4880,hr
FN:4893,mr
FN:4909,yr
FN:4914,(anonymous_265)
FN:4916,(anonymous_266)
FN:4935,(anonymous_267)
FN:4954,(anonymous_268)
FN:4964,_r
FN:4965,(anonymous_270)
FN:5023,br
FN:5042,wr
FN:5066,Cr
FN:5079,$r
FN:5096,Ar
FN:5097,(anonymous_276)
FN:5118,xr
FN:5119,(anonymous_278)
FN:5127,Or
FN:5139,(anonymous_280)
FN:5153,(anonymous_281)
FN:5182,(anonymous_282)
FN:5203,kr
FN:5210,Sr
FN:5219,Er
FN:5223,(anonymous_286)
FN:5224,(anonymous_287)
FN:5253,jr
FN:5257,Tr
FN:5269,Ir
FN:5284,Dr
FN:5310,(anonymous_292)
FN:5315,(anonymous_293)
FN:5321,(anonymous_294)
FN:5324,(anonymous_295)
FN:5325,(anonymous_296)
FN:5327,(anonymous_297)
FN:5328,(anonymous_298)
FN:5332,(anonymous_299)
FN:5385,Mr
FN:5388,(anonymous_301)
FN:5413,(anonymous_302)
FN:5419,(anonymous_303)
FN:5442,(anonymous_304)
FN:5463,(anonymous_305)
FN:5476,(anonymous_306)
FN:5496,(anonymous_307)
FN:5500,(anonymous_308)
FN:5504,(anonymous_309)
FN:5510,Gr
FN:5528,Jr
FN:5537,Zr
FN:5548,Qr
FN:5552,Yr
FN:5566,ti
FN:5578,ei
FN:5619,(anonymous_317)
FN:5623,ai
FN:5635,ci
FN:5667,li
FN:5684,fi
FN:5696,pi
FN:5700,di
FN:5704,vi
FN:5708,hi
FN:5712,mi
FN:5716,yi
FN:5720,gi
FN:5724,_i
FN:5728,bi
FN:5732,wi
FN:5736,Ci
FN:5758,(anonymous_333)
FN:5761,(anonymous_334)
FN:5767,(anonymous_335)
FN:5772,xi
FN:5815,Si
FN:5832,Ei
FN:5840,ji
FN:5850,Ti
FN:5866,l
FN:5870,f
FN:5871,n
FN:5880,p
FN:5906,d
FN:5973,v
FN:5995,h
FN:6013,y
FN:6035,g
FN:6047,_
FN:6060,b
FN:6067,w
FN:6081,C
FN:6104,$
FN:6110,A
FN:6124,x
FN:6138,O
FN:6167,k
FN:6257,S
FN:6264,E
FN:6339,j
FN:6359,I
FN:6465,(anonymous_363)
FN:6575,(anonymous_364)
FN:6580,Di
FN:6586,Ni
FN:6617,(anonymous_367)
FN:6630,(anonymous_368)
FN:6649,Li
FN:6672,Mi
FN:6676,Fi
FN:6694,Ui
FN:6735,Vi
FN:6764,Hi
FN:6777,(anonymous_375)
FN:6796,zi
FN:6851,Gi
FN:6870,Ji
FN:6872,i
FN:6885,Qi
FN:6900,(anonymous_381)
FN:6930,Yi
FN:6943,to
FN:6964,ro
FN:7037,io
FN:7045,oo
FN:7055,ao
FN:7076,(anonymous_388)
FN:7080,(anonymous_389)
FN:7090,uo
FN:7100,lo
FN:7114,fo
FN:7148,(anonymous_393)
FN:7172,(anonymous_394)
FN:7187,_o
FN:7243,Co
FN:7252,(anonymous_397)
FN:7268,$o
FN:7277,(anonymous_399)
FN:7301,Ao
FN:7318,(anonymous_401)
FN:7359,(anonymous_402)
FN:7361,No
FN:7362,(anonymous_404)
FN:7367,Po
FN:7375,Lo
FN:7382,Mo
FN:7394,(anonymous_408)
FN:7398,(anonymous_409)
FN:7405,(anonymous_410)
FN:7415,Ro
FN:7465,Uo
FN:7471,(anonymous_413)
FN:7480,Vo
FN:7486,Ho
FN:7576,(anonymous_416)
FN:7594,(anonymous_417)
FN:7612,(anonymous_418)
FN:7637,Bo
FN:7681,(anonymous_420)
FN:7707,$
FN:7720,(anonymous_422)
FN:7758,zo
FN:7768,Wo
FN:7785,qo
FN:7794,(anonymous_426)
FN:7829,(anonymous_427)
FN:7838,(anonymous_428)
FN:7842,(anonymous_429)
FN:7867,(anonymous_430)
FN:7876,(anonymous_431)
FN:7880,(anonymous_432)
FN:7890,Qo
FN:7894,(anonymous_434)
FN:7900,Yo
FN:7933,ta
FN:7934,(anonymous_437)
FN:7937,ea
FN:7943,na
FN:7947,ra
FN:7954,ia
FN:7963,oa
FN:7970,(anonymous_443)
FN:7979,(anonymous_444)
FN:7987,(anonymous_445)
FN:7998,(anonymous_446)
FN:8002,(anonymous_447)
FN:8011,(anonymous_448)
FN:8051,ua
FN:8060,la
FN:8076,fa
FN:8084,pa
FN:8092,da
FN:8096,(anonymous_454)
FN:8098,(anonymous_455)
FN:8105,(anonymous_456)
FN:8198,(anonymous_457)
FN:8208,(anonymous_458)
FN:8211,(anonymous_459)
FN:8231,(anonymous_460)
FN:8235,(anonymous_461)
FN:8250,(anonymous_462)
FN:8293,(anonymous_463)
FN:8311,(anonymous_464)
FN:8317,t
FN:8332,(anonymous_466)
FN:8348,(anonymous_467)
FN:8360,_a
FN:8371,ba
FN:8375,wa
FN:8410,(anonymous_471)
FN:8421,(anonymous_472)
FNF:466
FNH:0
FNDA:0,(anonymous_7)
FNDA:0,r
FNDA:0,i
FNDA:0,o
FNDA:0,a
FNDA:0,s
FNDA:0,c
FNDA:0,l
FNDA:0,f
FNDA:0,p
FNDA:0,d
FNDA:0,v
FNDA:0,h
FNDA:0,m
FNDA:0,(anonymous_21)
FNDA:0,(anonymous_22)
FNDA:0,g
FNDA:0,b
FNDA:0,w
FNDA:0,(anonymous_26)
FNDA:0,(anonymous_27)
FNDA:0,(anonymous_28)
FNDA:0,(anonymous_29)
FNDA:0,(anonymous_30)
FNDA:0,k
FNDA:0,n
FNDA:0,S
FNDA:0,j
FNDA:0,T
FNDA:0,I
FNDA:0,D
FNDA:0,(anonymous_38)
FNDA:0,(anonymous_39)
FNDA:0,L
FNDA:0,(anonymous_41)
FNDA:0,(anonymous_42)
FNDA:0,M
FNDA:0,F
FNDA:0,(anonymous_45)
FNDA:0,z
FNDA:0,W
FNDA:0,K
FNDA:0,(anonymous_49)
FNDA:0,(anonymous_50)
FNDA:0,(anonymous_51)
FNDA:0,lt
FNDA:0,(anonymous_53)
FNDA:0,t
FNDA:0,(anonymous_55)
FNDA:0,(anonymous_56)
FNDA:0,(anonymous_57)
FNDA:0,(anonymous_58)
FNDA:0,(anonymous_59)
FNDA:0,(anonymous_60)
FNDA:0,(anonymous_61)
FNDA:0,(anonymous_62)
FNDA:0,yt
FNDA:0,gt
FNDA:0,(anonymous_65)
FNDA:0,(anonymous_66)
FNDA:0,(anonymous_67)
FNDA:0,Ct
FNDA:0,$t
FNDA:0,(anonymous_70)
FNDA:0,(anonymous_71)
FNDA:0,Et
FNDA:0,(anonymous_73)
FNDA:0,Tt
FNDA:0,It
FNDA:0,Dt
FNDA:0,Nt
FNDA:0,(anonymous_78)
FNDA:0,(anonymous_79)
FNDA:0,Pt
FNDA:0,Lt
FNDA:0,Mt
FNDA:0,(anonymous_83)
FNDA:0,(anonymous_84)
FNDA:0,Rt
FNDA:0,Ut
FNDA:0,(anonymous_87)
FNDA:0,(anonymous_88)
FNDA:0,Vt
FNDA:0,Ht
FNDA:0,Bt
FNDA:0,(anonymous_92)
FNDA:0,(anonymous_93)
FNDA:0,(anonymous_94)
FNDA:0,(anonymous_95)
FNDA:0,(anonymous_96)
FNDA:0,(anonymous_97)
FNDA:0,Wt
FNDA:0,qt
FNDA:0,Kt
FNDA:0,Xt
FNDA:0,s
FNDA:0,Gt
FNDA:0,Jt
FNDA:0,Zt
FNDA:0,Qt
FNDA:0,Yt
FNDA:0,te
FNDA:0,ee
FNDA:0,ne
FNDA:0,(anonymous_111)
FNDA:0,re
FNDA:0,ie
FNDA:0,ue
FNDA:0,(anonymous_115)
FNDA:0,(anonymous_116)
FNDA:0,(anonymous_117)
FNDA:0,(anonymous_118)
FNDA:0,ve
FNDA:0,(anonymous_120)
FNDA:0,(anonymous_121)
FNDA:0,me
FNDA:0,ye
FNDA:0,(anonymous_124)
FNDA:0,_e
FNDA:0,n
FNDA:0,be
FNDA:0,we
FNDA:0,c
FNDA:0,Ce
FNDA:0,$e
FNDA:0,Ae
FNDA:0,xe
FNDA:0,Oe
FNDA:0,ke
FNDA:0,Se
FNDA:0,Ee
FNDA:0,(anonymous_138)
FNDA:0,je
FNDA:0,Te
FNDA:0,Ie
FNDA:0,De
FNDA:0,Ne
FNDA:0,(anonymous_144)
FNDA:0,Pe
FNDA:0,(anonymous_146)
FNDA:0,Le
FNDA:0,Me
FNDA:0,Fe
FNDA:0,Re
FNDA:0,Ue
FNDA:0,Ve
FNDA:0,(anonymous_153)
FNDA:0,(anonymous_154)
FNDA:0,He
FNDA:0,Be
FNDA:0,ze
FNDA:0,We
FNDA:0,qe
FNDA:0,Ke
FNDA:0,Xe
FNDA:0,Ge
FNDA:0,Je
FNDA:0,Ze
FNDA:0,(anonymous_165)
FNDA:0,(anonymous_166)
FNDA:0,(anonymous_167)
FNDA:0,(anonymous_168)
FNDA:0,Qe
FNDA:0,Ye
FNDA:0,tn
FNDA:0,(anonymous_172)
FNDA:0,(anonymous_173)
FNDA:0,(anonymous_174)
FNDA:0,(anonymous_175)
FNDA:0,rn
FNDA:0,on
FNDA:0,an
FNDA:0,sn
FNDA:0,(anonymous_180)
FNDA:0,cn
FNDA:0,fn
FNDA:0,pn
FNDA:0,dn
FNDA:0,vn
FNDA:0,hn
FNDA:0,(anonymous_187)
FNDA:0,(anonymous_188)
FNDA:0,gn
FNDA:0,(anonymous_190)
FNDA:0,(anonymous_191)
FNDA:0,_n
FNDA:0,bn
FNDA:0,wn
FNDA:0,(anonymous_195)
FNDA:0,(anonymous_196)
FNDA:0,(anonymous_197)
FNDA:0,(anonymous_198)
FNDA:0,(anonymous_199)
FNDA:0,(anonymous_200)
FNDA:0,Cn
FNDA:0,$n
FNDA:0,An
FNDA:0,xn
FNDA:0,On
FNDA:0,kn
FNDA:0,r
FNDA:0,Sn
FNDA:0,En
FNDA:0,(anonymous_210)
FNDA:0,(anonymous_211)
FNDA:0,r
FNDA:0,(anonymous_213)
FNDA:0,(anonymous_214)
FNDA:0,Tn
FNDA:0,(anonymous_216)
FNDA:0,In
FNDA:0,Dn
FNDA:0,(anonymous_219)
FNDA:0,(anonymous_220)
FNDA:0,(anonymous_221)
FNDA:0,Nn
FNDA:0,(anonymous_223)
FNDA:0,(anonymous_224)
FNDA:0,Pn
FNDA:0,Ln
FNDA:0,Mn
FNDA:0,Fn
FNDA:0,Rn
FNDA:0,qn
FNDA:0,(anonymous_231)
FNDA:0,Jn
FNDA:0,(anonymous_233)
FNDA:0,Zn
FNDA:0,Qn
FNDA:0,Yn
FNDA:0,tr
FNDA:0,(anonymous_238)
FNDA:0,(anonymous_239)
FNDA:0,(anonymous_240)
FNDA:0,(anonymous_241)
FNDA:0,(anonymous_242)
FNDA:0,(anonymous_243)
FNDA:0,(anonymous_244)
FNDA:0,(anonymous_245)
FNDA:0,(anonymous_246)
FNDA:0,ir
FNDA:0,(anonymous_248)
FNDA:0,(anonymous_249)
FNDA:0,or
FNDA:0,ar
FNDA:0,(anonymous_252)
FNDA:0,sr
FNDA:0,cr
FNDA:0,lr
FNDA:0,fr
FNDA:0,pr
FNDA:0,(anonymous_258)
FNDA:0,dr
FNDA:0,(anonymous_260)
FNDA:0,vr
FNDA:0,hr
FNDA:0,mr
FNDA:0,yr
FNDA:0,(anonymous_265)
FNDA:0,(anonymous_266)
FNDA:0,(anonymous_267)
FNDA:0,(anonymous_268)
FNDA:0,_r
FNDA:0,(anonymous_270)
FNDA:0,br
FNDA:0,wr
FNDA:0,Cr
FNDA:0,$r
FNDA:0,Ar
FNDA:0,(anonymous_276)
FNDA:0,xr
FNDA:0,(anonymous_278)
FNDA:0,Or
FNDA:0,(anonymous_280)
FNDA:0,(anonymous_281)
FNDA:0,(anonymous_282)
FNDA:0,kr
FNDA:0,Sr
FNDA:0,Er
FNDA:0,(anonymous_286)
FNDA:0,(anonymous_287)
FNDA:0,jr
FNDA:0,Tr
FNDA:0,Ir
FNDA:0,Dr
FNDA:0,(anonymous_292)
FNDA:0,(anonymous_293)
FNDA:0,(anonymous_294)
FNDA:0,(anonymous_295)
FNDA:0,(anonymous_296)
FNDA:0,(anonymous_297)
FNDA:0,(anonymous_298)
FNDA:0,(anonymous_299)
FNDA:0,Mr
FNDA:0,(anonymous_301)
FNDA:0,(anonymous_302)
FNDA:0,(anonymous_303)
FNDA:0,(anonymous_304)
FNDA:0,(anonymous_305)
FNDA:0,(anonymous_306)
FNDA:0,(anonymous_307)
FNDA:0,(anonymous_308)
FNDA:0,(anonymous_309)
FNDA:0,Gr
FNDA:0,Jr
FNDA:0,Zr
FNDA:0,Qr
FNDA:0,Yr
FNDA:0,ti
FNDA:0,ei
FNDA:0,(anonymous_317)
FNDA:0,ai
FNDA:0,ci
FNDA:0,li
FNDA:0,fi
FNDA:0,pi
FNDA:0,di
FNDA:0,vi
FNDA:0,hi
FNDA:0,mi
FNDA:0,yi
FNDA:0,gi
FNDA:0,_i
FNDA:0,bi
FNDA:0,wi
FNDA:0,Ci
FNDA:0,(anonymous_333)
FNDA:0,(anonymous_334)
FNDA:0,(anonymous_335)
FNDA:0,xi
FNDA:0,Si
FNDA:0,Ei
FNDA:0,ji
FNDA:0,Ti
FNDA:0,l
FNDA:0,f
FNDA:0,n
FNDA:0,p
FNDA:0,d
FNDA:0,v
FNDA:0,h
FNDA:0,y
FNDA:0,g
FNDA:0,_
FNDA:0,b
FNDA:0,w
FNDA:0,C
FNDA:0,$
FNDA:0,A
FNDA:0,x
FNDA:0,O
FNDA:0,k
FNDA:0,S
FNDA:0,E
FNDA:0,j
FNDA:0,I
FNDA:0,(anonymous_363)
FNDA:0,(anonymous_364)
FNDA:0,Di
FNDA:0,Ni
FNDA:0,(anonymous_367)
FNDA:0,(anonymous_368)
FNDA:0,Li
FNDA:0,Mi
FNDA:0,Fi
FNDA:0,Ui
FNDA:0,Vi
FNDA:0,Hi
FNDA:0,(anonymous_375)
FNDA:0,zi
FNDA:0,Gi
FNDA:0,Ji
FNDA:0,i
FNDA:0,Qi
FNDA:0,(anonymous_381)
FNDA:0,Yi
FNDA:0,to
FNDA:0,ro
FNDA:0,io
FNDA:0,oo
FNDA:0,ao
FNDA:0,(anonymous_388)
FNDA:0,(anonymous_389)
FNDA:0,uo
FNDA:0,lo
FNDA:0,fo
FNDA:0,(anonymous_393)
FNDA:0,(anonymous_394)
FNDA:0,_o
FNDA:0,Co
FNDA:0,(anonymous_397)
FNDA:0,$o
FNDA:0,(anonymous_399)
FNDA:0,Ao
FNDA:0,(anonymous_401)
FNDA:0,(anonymous_402)
FNDA:0,No
FNDA:0,(anonymous_404)
FNDA:0,Po
FNDA:0,Lo
FNDA:0,Mo
FNDA:0,(anonymous_408)
FNDA:0,(anonymous_409)
FNDA:0,(anonymous_410)
FNDA:0,Ro
FNDA:0,Uo
FNDA:0,(anonymous_413)
FNDA:0,Vo
FNDA:0,Ho
FNDA:0,(anonymous_416)
FNDA:0,(anonymous_417)
FNDA:0,(anonymous_418)
FNDA:0,Bo
FNDA:0,(anonymous_420)
FNDA:0,$
FNDA:0,(anonymous_422)
FNDA:0,zo
FNDA:0,Wo
FNDA:0,qo
FNDA:0,(anonymous_426)
FNDA:0,(anonymous_427)
FNDA:0,(anonymous_428)
FNDA:0,(anonymous_429)
FNDA:0,(anonymous_430)
FNDA:0,(anonymous_431)
FNDA:0,(anonymous_432)
FNDA:0,Qo
FNDA:0,(anonymous_434)
FNDA:0,Yo
FNDA:0,ta
FNDA:0,(anonymous_437)
FNDA:0,ea
FNDA:0,na
FNDA:0,ra
FNDA:0,ia
FNDA:0,oa
FNDA:0,(anonymous_443)
FNDA:0,(anonymous_444)
FNDA:0,(anonymous_445)
FNDA:0,(anonymous_446)
FNDA:0,(anonymous_447)
FNDA:0,(anonymous_448)
FNDA:0,ua
FNDA:0,la
FNDA:0,fa
FNDA:0,pa
FNDA:0,da
FNDA:0,(anonymous_454)
FNDA:0,(anonymous_455)
FNDA:0,(anonymous_456)
FNDA:0,(anonymous_457)
FNDA:0,(anonymous_458)
FNDA:0,(anonymous_459)
FNDA:0,(anonymous_460)
FNDA:0,(anonymous_461)
FNDA:0,(anonymous_462)
FNDA:0,(anonymous_463)
FNDA:0,(anonymous_464)
FNDA:0,t
FNDA:0,(anonymous_466)
FNDA:0,(anonymous_467)
FNDA:0,_a
FNDA:0,ba
FNDA:0,wa
FNDA:0,(anonymous_471)
FNDA:0,(anonymous_472)
DA:8,0
DA:13,0
DA:17,0
DA:21,0
DA:25,0
DA:32,0
DA:47,0
DA:53,0
DA:64,0
DA:68,0
DA:75,0
DA:76,0
DA:80,0
DA:91,0
DA:103,0
DA:104,0
DA:115,0
DA:116,0
DA:117,0
DA:118,0
DA:120,0
DA:121,0
DA:122,0
DA:128,0
DA:133,0
DA:139,0
DA:140,0
DA:141,0
DA:142,0
DA:150,0
DA:152,0
DA:159,0
DA:160,0
DA:161,0
DA:162,0
DA:169,0
DA:170,0
DA:171,0
DA:177,0
DA:178,0
DA:184,0
DA:185,0
DA:186,0
DA:200,0
DA:201,0
DA:209,0
DA:213,0
DA:216,0
DA:224,0
DA:225,0
DA:226,0
DA:227,0
DA:228,0
DA:230,0
DA:237,0
DA:238,0
DA:240,0
DA:247,0
DA:248,0
DA:249,0
DA:253,0
DA:268,0
DA:275,0
DA:282,0
DA:283,0
DA:284,0
DA:285,0
DA:286,0
DA:287,0
DA:288,0
DA:289,0
DA:290,0
DA:291,0
DA:293,0
DA:294,0
DA:295,0
DA:296,0
DA:297,0
DA:298,0
DA:299,0
DA:303,0
DA:307,0
DA:309,0
DA:322,0
DA:323,0
DA:325,0
DA:332,0
DA:333,0
DA:334,0
DA:341,0
DA:343,0
DA:349,0
DA:368,0
DA:469,0
DA:475,0
DA:476,0
DA:483,0
DA:494,0
DA:496,0
DA:499,0
DA:500,0
DA:501,0
DA:502,0
DA:503,0
DA:505,0
DA:512,0
DA:515,0
DA:516,0
DA:517,0
DA:518,0
DA:519,0
DA:520,0
DA:521,0
DA:522,0
DA:524,0
DA:529,0
DA:531,0
DA:532,0
DA:533,0
DA:534,0
DA:535,0
DA:538,0
DA:548,0
DA:559,0
DA:563,0
DA:567,0
DA:571,0
DA:578,0
DA:583,0
DA:586,0
DA:589,0
DA:592,0
DA:595,0
DA:601,0
DA:695,0
DA:701,0
DA:702,0
DA:706,0
DA:707,0
DA:711,0
DA:715,0
DA:722,0
DA:729,0
DA:730,0
DA:738,0
DA:741,0
DA:746,0
DA:752,0
DA:762,0
DA:787,0
DA:791,0
DA:792,0
DA:797,0
DA:800,0
DA:803,0
DA:807,0
DA:815,0
DA:837,0
DA:845,0
DA:846,0
DA:848,0
DA:861,0
DA:863,0
DA:864,0
DA:865,0
DA:866,0
DA:868,0
DA:869,0
DA:871,0
DA:874,0
DA:875,0
DA:877,0
DA:878,0
DA:883,0
DA:889,0
DA:895,0
DA:898,0
DA:907,0
DA:908,0
DA:929,0
DA:930,0
DA:931,0
DA:932,0
DA:940,0
DA:941,0
DA:953,0
DA:963,0
DA:964,0
DA:965,0
DA:975,0
DA:993,0
DA:1006,0
DA:1008,0
DA:1009,0
DA:1014,0
DA:1015,0
DA:1016,0
DA:1020,0
DA:1021,0
DA:1025,0
DA:1035,0
DA:1038,0
DA:1040,0
DA:1071,0
DA:1074,0
DA:1076,0
DA:1078,0
DA:1080,0
DA:1081,0
DA:1106,0
DA:1107,0
DA:1110,0
DA:1111,0
DA:1133,0
DA:1134,0
DA:1149,0
DA:1170,0
DA:1173,0
DA:1177,0
DA:1178,0
DA:1193,0
DA:1204,0
DA:1218,0
DA:1226,0
DA:1229,0
DA:1232,0
DA:1241,0
DA:1246,0
DA:1270,0
DA:1277,0
DA:1283,0
DA:1284,0
DA:1289,0
DA:1293,0
DA:1309,0
DA:1310,0
DA:1319,0
DA:1338,0
DA:1342,0
DA:1343,0
DA:1345,0
DA:1346,0
DA:1347,0
DA:1348,0
DA:1355,0
DA:1373,0
DA:1374,0
DA:1377,0
DA:1384,0
DA:1385,0
DA:1419,0
DA:1420,0
DA:1421,0
DA:1423,0
DA:1424,0
DA:1425,0
DA:1426,0
DA:1434,0
DA:1435,0
DA:1436,0
DA:1442,0
DA:1449,0
DA:1456,0
DA:1457,0
DA:1458,0
DA:1459,0
DA:1460,0
DA:1461,0
DA:1463,0
DA:1464,0
DA:1465,0
DA:1466,0
DA:1470,0
DA:1483,0
DA:1484,0
DA:1485,0
DA:1486,0
DA:1487,0
DA:1529,0
DA:1534,0
DA:1535,0
DA:1540,0
DA:1542,0
DA:1543,0
DA:1545,0
DA:1546,0
DA:1551,0
DA:1552,0
DA:1554,0
DA:1569,0
DA:1572,0
DA:1574,0
DA:1575,0
DA:1576,0
DA:1577,0
DA:1578,0
DA:1580,0
DA:1587,0
DA:1600,0
DA:1601,0
DA:1602,0
DA:1604,0
DA:1605,0
DA:1606,0
DA:1607,0
DA:1608,0
DA:1611,0
DA:1618,0
DA:1619,0
DA:1622,0
DA:1623,0
DA:1634,0
DA:1642,0
DA:1645,0
DA:1657,0
DA:1753,0
DA:1754,0
DA:1758,0
DA:1762,0
DA:1763,0
DA:1765,0
DA:1766,0
DA:1767,0
DA:1770,0
DA:1821,0
DA:1822,0
DA:1823,0
DA:1824,0
DA:1825,0
DA:1826,0
DA:1827,0
DA:1828,0
DA:1829,0
DA:1830,0
DA:1831,0
DA:1833,0
DA:1839,0
DA:1841,0
DA:1853,0
DA:1854,0
DA:1856,0
DA:1862,0
DA:1864,0
DA:1868,0
DA:1869,0
DA:1870,0
DA:1874,0
DA:1879,0
DA:1887,0
DA:1888,0
DA:1890,0
DA:1896,0
DA:1898,0
DA:1899,0
DA:1902,0
DA:1903,0
DA:1904,0
DA:1905,0
DA:1906,0
DA:1930,0
DA:1931,0
DA:1932,0
DA:1933,0
DA:1942,0
DA:1950,0
DA:1951,0
DA:1952,0
DA:1953,0
DA:1957,0
DA:1965,0
DA:1966,0
DA:1971,0
DA:1978,0
DA:1979,0
DA:1980,0
DA:1982,0
DA:1984,0
DA:1993,0
DA:1994,0
DA:1995,0
DA:2092,0
DA:2100,0
DA:2106,0
DA:2107,0
DA:2110,0
DA:2111,0
DA:2112,0
DA:2113,0
DA:2115,0
DA:2117,0
DA:2118,0
DA:2119,0
DA:2121,0
DA:2123,0
DA:2152,0
DA:2153,0
DA:2154,0
DA:2155,0
DA:2156,0
DA:2157,0
DA:2159,0
DA:2169,0
DA:2171,0
DA:2172,0
DA:2173,0
DA:2174,0
DA:2175,0
DA:2179,0
DA:2183,0
DA:2195,0
DA:2196,0
DA:2217,0
DA:2218,0
DA:2228,0
DA:2232,0
DA:2235,0
DA:2241,0
DA:2270,0
DA:2271,0
DA:2274,0
DA:2275,0
DA:2276,0
DA:2277,0
DA:2278,0
DA:2279,0
DA:2296,0
DA:2300,0
DA:2310,0
DA:2311,0
DA:2316,0
DA:2317,0
DA:2322,0
DA:2325,0
DA:2343,0
DA:2344,0
DA:2345,0
DA:2348,0
DA:2356,0
DA:2364,0
DA:2368,0
DA:2370,0
DA:2371,0
DA:2412,0
DA:2418,0
DA:2419,0
DA:2427,0
DA:2428,0
DA:2442,0
DA:2450,0
DA:2452,0
DA:2453,0
DA:2457,0
DA:2458,0
DA:2460,0
DA:2461,0
DA:2462,0
DA:2463,0
DA:2464,0
DA:2465,0
DA:2466,0
DA:2468,0
DA:2470,0
DA:2471,0
DA:2472,0
DA:2473,0
DA:2476,0
DA:2481,0
DA:2496,0
DA:2497,0
DA:2499,0
DA:2500,0
DA:2501,0
DA:2502,0
DA:2509,0
DA:2510,0
DA:2512,0
DA:2513,0
DA:2514,0
DA:2524,0
DA:2525,0
DA:2529,0
DA:2533,0
DA:2544,0
DA:2545,0
DA:2546,0
DA:2547,0
DA:2548,0
DA:2549,0
DA:2551,0
DA:2552,0
DA:2562,0
DA:2565,0
DA:2566,0
DA:2572,0
DA:2573,0
DA:2585,0
DA:2589,0
DA:2590,0
DA:2594,0
DA:2610,0
DA:2614,0
DA:2627,0
DA:2629,0
DA:2630,0
DA:2632,0
DA:2634,0
DA:2635,0
DA:2637,0
DA:2638,0
DA:2639,0
DA:2640,0
DA:2641,0
DA:2642,0
DA:2643,0
DA:2649,0
DA:2650,0
DA:2659,0
DA:2673,0
DA:2675,0
DA:2691,0
DA:2692,0
DA:2705,0
DA:2711,0
DA:2730,0
DA:2731,0
DA:2752,0
DA:2753,0
DA:2759,0
DA:2763,0
DA:2764,0
DA:2769,0
DA:2771,0
DA:2772,0
DA:2776,0
DA:2777,0
DA:2778,0
DA:2782,0
DA:2783,0
DA:2784,0
DA:2790,0
DA:2793,0
DA:2805,0
DA:2806,0
DA:2809,0
DA:2832,0
DA:2840,0
DA:2841,0
DA:2842,0
DA:2847,0
DA:2852,0
DA:2860,0
DA:2861,0
DA:2867,0
DA:2868,0
DA:2869,0
DA:2870,0
DA:2871,0
DA:2875,0
DA:2887,0
DA:2888,0
DA:2889,0
DA:2890,0
DA:2903,0
DA:2909,0
DA:2910,0
DA:2911,0
DA:2921,0
DA:2928,0
DA:2934,0
DA:2962,0
DA:2964,0
DA:2968,0
DA:2980,0
DA:2981,0
DA:2983,0
DA:2996,0
DA:3002,0
DA:3017,0
DA:3022,0
DA:3025,0
DA:3029,0
DA:3038,0
DA:3039,0
DA:3040,0
DA:3041,0
DA:3042,0
DA:3043,0
DA:3046,0
DA:3050,0
DA:3058,0
DA:3060,0
DA:3061,0
DA:3062,0
DA:3063,0
DA:3064,0
DA:3065,0
DA:3066,0
DA:3068,0
DA:3076,0
DA:3085,0
DA:3089,0
DA:3090,0
DA:3103,0
DA:3105,0
DA:3111,0
DA:3112,0
DA:3114,0
DA:3118,0
DA:3123,0
DA:3124,0
DA:3125,0
DA:3135,0
DA:3136,0
DA:3137,0
DA:3156,0
DA:3157,0
DA:3167,0
DA:3176,0
DA:3180,0
DA:3189,0
DA:3198,0
DA:3205,0
DA:3215,0
DA:3227,0
DA:3230,0
DA:3231,0
DA:3236,0
DA:3241,0
DA:3246,0
DA:3247,0
DA:3254,0
DA:3257,0
DA:3258,0
DA:3265,0
DA:3272,0
DA:3278,0
DA:3283,0
DA:3287,0
DA:3288,0
DA:3289,0
DA:3290,0
DA:3291,0
DA:3292,0
DA:3299,0
DA:3301,0
DA:3305,0
DA:3311,0
DA:3312,0
DA:3314,0
DA:3315,0
DA:3316,0
DA:3317,0
DA:3332,0
DA:3333,0
DA:3353,0
DA:3363,0
DA:3369,0
DA:3375,0
DA:3377,0
DA:3406,0
DA:3436,0
DA:3454,0
DA:3455,0
DA:3456,0
DA:3457,0
DA:3469,0
DA:3480,0
DA:3482,0
DA:3483,0
DA:3484,0
DA:3485,0
DA:3491,0
DA:3494,0
DA:3498,0
DA:3509,0
DA:3514,0
DA:3518,0
DA:3521,0
DA:3525,0
DA:3526,0
DA:3527,0
DA:3528,0
DA:3530,0
DA:3543,0
DA:3547,0
DA:3550,0
DA:3565,0
DA:3584,0
DA:3597,0
DA:3609,0
DA:3612,0
DA:3619,0
DA:3620,0
DA:3623,0
DA:3624,0
DA:3627,0
DA:3633,0
DA:3634,0
DA:3637,0
DA:3638,0
DA:3639,0
DA:3640,0
DA:3641,0
DA:3643,0
DA:3645,0
DA:3646,0
DA:3647,0
DA:3650,0
DA:3663,0
DA:3665,0
DA:3675,0
DA:3680,0
DA:3686,0
DA:3707,0
DA:3718,0
DA:3733,0
DA:3742,0
DA:3748,0
DA:3749,0
DA:3750,0
DA:3751,0
DA:3752,0
DA:3763,0
DA:3766,0
DA:3767,0
DA:3775,0
DA:3779,0
DA:3783,0
DA:3784,0
DA:3785,0
DA:3786,0
DA:3797,0
DA:3803,0
DA:3804,0
DA:3805,0
DA:3806,0
DA:3807,0
DA:3808,0
DA:3818,0
DA:3822,0
DA:3824,0
DA:3829,0
DA:3833,0
DA:3835,0
DA:3837,0
DA:3840,0
DA:3841,0
DA:3842,0
DA:3844,0
DA:3847,0
DA:3848,0
DA:3849,0
DA:3851,0
DA:3853,0
DA:3857,0
DA:3858,0
DA:3860,0
DA:3861,0
DA:3862,0
DA:3865,0
DA:3869,0
DA:3882,0
DA:3883,0
DA:3884,0
DA:3885,0
DA:3886,0
DA:3887,0
DA:3888,0
DA:3891,0
DA:3897,0
DA:3901,0
DA:3903,0
DA:3904,0
DA:3909,0
DA:3912,0
DA:3913,0
DA:3914,0
DA:3915,0
DA:3917,0
DA:3920,0
DA:3935,0
DA:3936,0
DA:3937,0
DA:3938,0
DA:3939,0
DA:3940,0
DA:3967,0
DA:3968,0
DA:3974,0
DA:3975,0
DA:3978,0
DA:3981,0
DA:3989,0
DA:3990,0
DA:3991,0
DA:3995,0
DA:4066,0
DA:4075,0
DA:4088,0
DA:4108,0
DA:4109,0
DA:4110,0
DA:4119,0
DA:4140,0
DA:4141,0
DA:4142,0
DA:4143,0
DA:4144,0
DA:4145,0
DA:4146,0
DA:4147,0
DA:4149,0
DA:4155,0
DA:4156,0
DA:4157,0
DA:4172,0
DA:4173,0
DA:4175,0
DA:4179,0
DA:4181,0
DA:4182,0
DA:4184,0
DA:4185,0
DA:4187,0
DA:4188,0
DA:4189,0
DA:4190,0
DA:4192,0
DA:4197,0
DA:4204,0
DA:4205,0
DA:4206,0
DA:4208,0
DA:4214,0
DA:4215,0
DA:4216,0
DA:4217,0
DA:4218,0
DA:4219,0
DA:4222,0
DA:4232,0
DA:4233,0
DA:4234,0
DA:4236,0
DA:4237,0
DA:4238,0
DA:4244,0
DA:4257,0
DA:4260,0
DA:4268,0
DA:4269,0
DA:4271,0
DA:4279,0
DA:4299,0
DA:4303,0
DA:4304,0
DA:4329,0
DA:4330,0
DA:4332,0
DA:4346,0
DA:4347,0
DA:4348,0
DA:4349,0
DA:4350,0
DA:4363,0
DA:4368,0
DA:4369,0
DA:4380,0
DA:4381,0
DA:4383,0
DA:4384,0
DA:4388,0
DA:4389,0
DA:4390,0
DA:4392,0
DA:4395,0
DA:4411,0
DA:4418,0
DA:4425,0
DA:4474,0
DA:4475,0
DA:4477,0
DA:4478,0
DA:4479,0
DA:4481,0
DA:4482,0
DA:4484,0
DA:4489,0
DA:4495,0
DA:4502,0
DA:4503,0
DA:4516,0
DA:4517,0
DA:4518,0
DA:4519,0
DA:4523,0
DA:4524,0
DA:4539,0
DA:4553,0
DA:4554,0
DA:4555,0
DA:4564,0
DA:4566,0
DA:4567,0
DA:4568,0
DA:4570,0
DA:4573,0
DA:4584,0
DA:4592,0
DA:4593,0
DA:4594,0
DA:4602,0
DA:4606,0
DA:4609,0
DA:4610,0
DA:4611,0
DA:4613,0
DA:4619,0
DA:4627,0
DA:4628,0
DA:4631,0
DA:4637,0
DA:4638,0
DA:4639,0
DA:4653,0
DA:4654,0
DA:4657,0
DA:4658,0
DA:4660,0
DA:4663,0
DA:4664,0
DA:4665,0
DA:4688,0
DA:4698,0
DA:4699,0
DA:4703,0
DA:4704,0
DA:4716,0
DA:4717,0
DA:4718,0
DA:4720,0
DA:4721,0
DA:4722,0
DA:4741,0
DA:4746,0
DA:4747,0
DA:4748,0
DA:4751,0
DA:4753,0
DA:4757,0
DA:4761,0
DA:4763,0
DA:4765,0
DA:4766,0
DA:4767,0
DA:4768,0
DA:4805,0
DA:4806,0
DA:4832,0
DA:4833,0
DA:4834,0
DA:4841,0
DA:4847,0
DA:4848,0
DA:4853,0
DA:4854,0
DA:4876,0
DA:4881,0
DA:4882,0
DA:4883,0
DA:4884,0
DA:4885,0
DA:4888,0
DA:4906,0
DA:4913,0
DA:4914,0
DA:4915,0
DA:4916,0
DA:4929,0
DA:4940,0
DA:4941,0
DA:4942,0
DA:4944,0
DA:4946,0
DA:4947,0
DA:4948,0
DA:4949,0
DA:4951,0
DA:4954,0
DA:4955,0
DA:4962,0
DA:4965,0
DA:4966,0
DA:4968,0
DA:5024,0
DA:5026,0
DA:5027,0
DA:5030,0
DA:5031,0
DA:5043,0
DA:5044,0
DA:5045,0
DA:5046,0
DA:5047,0
DA:5050,0
DA:5052,0
DA:5054,0
DA:5063,0
DA:5068,0
DA:5069,0
DA:5070,0
DA:5071,0
DA:5076,0
DA:5085,0
DA:5088,0
DA:5097,0
DA:5098,0
DA:5099,0
DA:5100,0
DA:5104,0
DA:5112,0
DA:5119,0
DA:5121,0
DA:5133,0
DA:5134,0
DA:5139,0
DA:5140,0
DA:5141,0
DA:5142,0
DA:5143,0
DA:5144,0
DA:5145,0
DA:5148,0
DA:5153,0
DA:5154,0
DA:5183,0
DA:5199,0
DA:5204,0
DA:5205,0
DA:5206,0
DA:5211,0
DA:5212,0
DA:5213,0
DA:5223,0
DA:5224,0
DA:5228,0
DA:5254,0
DA:5258,0
DA:5270,0
DA:5271,0
DA:5272,0
DA:5273,0
DA:5274,0
DA:5275,0
DA:5276,0
DA:5277,0
DA:5290,0
DA:5298,0
DA:5300,0
DA:5311,0
DA:5316,0
DA:5317,0
DA:5322,0
DA:5324,0
DA:5325,0
DA:5328,0
DA:5333,0
DA:5334,0
DA:5335,0
DA:5336,0
DA:5338,0
DA:5339,0
DA:5340,0
DA:5341,0
DA:5342,0
DA:5348,0
DA:5351,0
DA:5352,0
DA:5353,0
DA:5354,0
DA:5359,0
DA:5375,0
DA:5379,0
DA:5387,0
DA:5388,0
DA:5396,0
DA:5415,0
DA:5420,0
DA:5435,0
DA:5444,0
DA:5459,0
DA:5462,0
DA:5463,0
DA:5464,0
DA:5472,0
DA:5474,0
DA:5476,0
DA:5477,0
DA:5485,0
DA:5494,0
DA:5496,0
DA:5497,0
DA:5500,0
DA:5501,0
DA:5504,0
DA:5505,0
DA:5511,0
DA:5512,0
DA:5513,0
DA:5514,0
DA:5515,0
DA:5520,0
DA:5521,0
DA:5525,0
DA:5529,0
DA:5541,0
DA:5549,0
DA:5553,0
DA:5567,0
DA:5569,0
DA:5570,0
DA:5575,0
DA:5579,0
DA:5580,0
DA:5581,0
DA:5586,0
DA:5591,0
DA:5596,0
DA:5612,0
DA:5619,0
DA:5620,0
DA:5624,0
DA:5634,0
DA:5637,0
DA:5638,0
DA:5640,0
DA:5641,0
DA:5645,0
DA:5646,0
DA:5648,0
DA:5649,0
DA:5660,0
DA:5668,0
DA:5669,0
DA:5670,0
DA:5678,0
DA:5685,0
DA:5686,0
DA:5697,0
DA:5701,0
DA:5705,0
DA:5709,0
DA:5713,0
DA:5717,0
DA:5721,0
DA:5725,0
DA:5729,0
DA:5733,0
DA:5737,0
DA:5740,0
DA:5757,0
DA:5759,0
DA:5762,0
DA:5768,0
DA:5773,0
DA:5774,0
DA:5776,0
DA:5777,0
DA:5778,0
DA:5779,0
DA:5811,0
DA:5813,0
DA:5816,0
DA:5833,0
DA:5835,0
DA:5836,0
DA:5837,0
DA:5842,0
DA:5843,0
DA:5844,0
DA:5847,0
DA:5852,0
DA:5854,0
DA:5855,0
DA:5857,0
DA:5859,0
DA:5860,0
DA:5867,0
DA:5872,0
DA:5877,0
DA:5881,0
DA:5883,0
DA:5925,0
DA:5929,0
DA:5930,0
DA:5931,0
DA:5932,0
DA:5974,0
DA:5975,0
DA:5976,0
DA:5984,0
DA:5990,0
DA:5996,0
DA:6019,0
DA:6020,0
DA:6022,0
DA:6023,0
DA:6024,0
DA:6026,0
DA:6027,0
DA:6032,0
DA:6036,0
DA:6048,0
DA:6049,0
DA:6052,0
DA:6053,0
DA:6055,0
DA:6061,0
DA:6062,0
DA:6064,0
DA:6068,0
DA:6069,0
DA:6071,0
DA:6083,0
DA:6084,0
DA:6086,0
DA:6087,0
DA:6088,0
DA:6095,0
DA:6105,0
DA:6106,0
DA:6112,0
DA:6113,0
DA:6115,0
DA:6117,0
DA:6118,0
DA:6119,0
DA:6125,0
DA:6126,0
DA:6127,0
DA:6139,0
DA:6141,0
DA:6154,0
DA:6155,0
DA:6157,0
DA:6163,0
DA:6168,0
DA:6169,0
DA:6170,0
DA:6171,0
DA:6172,0
DA:6173,0
DA:6174,0
DA:6175,0
DA:6181,0
DA:6187,0
DA:6188,0
DA:6231,0
DA:6258,0
DA:6259,0
DA:6260,0
DA:6272,0
DA:6276,0
DA:6281,0
DA:6283,0
DA:6284,0
DA:6296,0
DA:6301,0
DA:6306,0
DA:6307,0
DA:6311,0
DA:6312,0
DA:6313,0
DA:6314,0
DA:6315,0
DA:6317,0
DA:6342,0
DA:6343,0
DA:6345,0
DA:6346,0
DA:6356,0
DA:6361,0
DA:6362,0
DA:6363,0
DA:6367,0
DA:6369,0
DA:6377,0
DA:6382,0
DA:6385,0
DA:6386,0
DA:6388,0
DA:6389,0
DA:6392,0
DA:6393,0
DA:6404,0
DA:6408,0
DA:6409,0
DA:6410,0
DA:6411,0
DA:6412,0
DA:6413,0
DA:6415,0
DA:6419,0
DA:6429,0
DA:6434,0
DA:6435,0
DA:6436,0
DA:6437,0
DA:6438,0
DA:6440,0
DA:6448,0
DA:6451,0
DA:6465,0
DA:6466,0
DA:6467,0
DA:6471,0
DA:6472,0
DA:6474,0
DA:6476,0
DA:6479,0
DA:6480,0
DA:6482,0
DA:6484,0
DA:6492,0
DA:6495,0
DA:6508,0
DA:6512,0
DA:6513,0
DA:6527,0
DA:6528,0
DA:6529,0
DA:6530,0
DA:6531,0
DA:6532,0
DA:6535,0
DA:6536,0
DA:6537,0
DA:6542,0
DA:6543,0
DA:6545,0
DA:6546,0
DA:6550,0
DA:6552,0
DA:6557,0
DA:6566,0
DA:6572,0
DA:6576,0
DA:6580,0
DA:6587,0
DA:6588,0
DA:6589,0
DA:6590,0
DA:6592,0
DA:6593,0
DA:6596,0
DA:6597,0
DA:6616,0
DA:6617,0
DA:6618,0
DA:6619,0
DA:6622,0
DA:6631,0
DA:6632,0
DA:6637,0
DA:6638,0
DA:6639,0
DA:6647,0
DA:6653,0
DA:6654,0
DA:6656,0
DA:6659,0
DA:6660,0
DA:6669,0
DA:6673,0
DA:6677,0
DA:6678,0
DA:6679,0
DA:6680,0
DA:6682,0
DA:6687,0
DA:6695,0
DA:6696,0
DA:6703,0
DA:6704,0
DA:6705,0
DA:6711,0
DA:6712,0
DA:6724,0
DA:6725,0
DA:6736,0
DA:6765,0
DA:6766,0
DA:6772,0
DA:6777,0
DA:6778,0
DA:6781,0
DA:6785,0
DA:6789,0
DA:6797,0
DA:6798,0
DA:6799,0
DA:6800,0
DA:6812,0
DA:6815,0
DA:6816,0
DA:6827,0
DA:6842,0
DA:6843,0
DA:6853,0
DA:6855,0
DA:6856,0
DA:6862,0
DA:6871,0
DA:6872,0
DA:6873,0
DA:6874,0
DA:6883,0
DA:6897,0
DA:6898,0
DA:6899,0
DA:6900,0
DA:6901,0
DA:6917,0
DA:6921,0
DA:6934,0
DA:6944,0
DA:6947,0
DA:6948,0
DA:6949,0
DA:6955,0
DA:6965,0
DA:6969,0
DA:6970,0
DA:6971,0
DA:6977,0
DA:6978,0
DA:6983,0
DA:6988,0
DA:6990,0
DA:6993,0
DA:6998,0
DA:7001,0
DA:7003,0
DA:7004,0
DA:7007,0
DA:7009,0
DA:7011,0
DA:7012,0
DA:7013,0
DA:7015,0
DA:7016,0
DA:7018,0
DA:7027,0
DA:7028,0
DA:7038,0
DA:7048,0
DA:7051,0
DA:7052,0
DA:7056,0
DA:7057,0
DA:7058,0
DA:7059,0
DA:7060,0
DA:7062,0
DA:7063,0
DA:7066,0
DA:7069,0
DA:7076,0
DA:7077,0
DA:7078,0
DA:7079,0
DA:7081,0
DA:7082,0
DA:7083,0
DA:7086,0
DA:7091,0
DA:7094,0
DA:7101,0
DA:7115,0
DA:7118,0
DA:7119,0
DA:7120,0
DA:7121,0
DA:7126,0
DA:7135,0
DA:7136,0
DA:7137,0
DA:7141,0
DA:7146,0
DA:7147,0
DA:7148,0
DA:7150,0
DA:7151,0
DA:7152,0
DA:7153,0
DA:7155,0
DA:7156,0
DA:7160,0
DA:7161,0
DA:7164,0
DA:7169,0
DA:7172,0
DA:7175,0
DA:7176,0
DA:7178,0
DA:7179,0
DA:7180,0
DA:7181,0
DA:7182,0
DA:7188,0
DA:7189,0
DA:7191,0
DA:7198,0
DA:7199,0
DA:7200,0
DA:7203,0
DA:7205,0
DA:7210,0
DA:7214,0
DA:7216,0
DA:7217,0
DA:7221,0
DA:7222,0
DA:7230,0
DA:7237,0
DA:7245,0
DA:7250,0
DA:7251,0
DA:7252,0
DA:7257,0
DA:7258,0
DA:7270,0
DA:7275,0
DA:7276,0
DA:7277,0
DA:7285,0
DA:7286,0
DA:7287,0
DA:7288,0
DA:7290,0
DA:7302,0
DA:7306,0
DA:7307,0
DA:7312,0
DA:7313,0
DA:7318,0
DA:7319,0
DA:7329,0
DA:7330,0
DA:7331,0
DA:7334,0
DA:7335,0
DA:7336,0
DA:7337,0
DA:7338,0
DA:7355,0
DA:7359,0
DA:7362,0
DA:7363,0
DA:7368,0
DA:7369,0
DA:7376,0
DA:7387,0
DA:7388,0
DA:7389,0
DA:7390,0
DA:7391,0
DA:7392,0
DA:7393,0
DA:7394,0
DA:7395,0
DA:7398,0
DA:7399,0
DA:7405,0
DA:7406,0
DA:7413,0
DA:7416,0
DA:7418,0
DA:7419,0
DA:7420,0
DA:7421,0
DA:7422,0
DA:7423,0
DA:7426,0
DA:7427,0
DA:7429,0
DA:7455,0
DA:7457,0
DA:7467,0
DA:7468,0
DA:7471,0
DA:7472,0
DA:7481,0
DA:7487,0
DA:7490,0
DA:7495,0
DA:7496,0
DA:7505,0
DA:7506,0
DA:7507,0
DA:7508,0
DA:7509,0
DA:7510,0
DA:7511,0
DA:7512,0
DA:7513,0
DA:7514,0
DA:7515,0
DA:7516,0
DA:7517,0
DA:7518,0
DA:7519,0
DA:7520,0
DA:7521,0
DA:7527,0
DA:7528,0
DA:7529,0
DA:7530,0
DA:7534,0
DA:7536,0
DA:7540,0
DA:7543,0
DA:7546,0
DA:7550,0
DA:7553,0
DA:7556,0
DA:7559,0
DA:7563,0
DA:7569,0
DA:7573,0
DA:7574,0
DA:7576,0
DA:7577,0
DA:7592,0
DA:7595,0
DA:7596,0
DA:7597,0
DA:7613,0
DA:7638,0
DA:7641,0
DA:7646,0
DA:7647,0
DA:7648,0
DA:7652,0
DA:7656,0
DA:7657,0
DA:7658,0
DA:7659,0
DA:7660,0
DA:7661,0
DA:7662,0
DA:7663,0
DA:7664,0
DA:7665,0
DA:7666,0
DA:7668,0
DA:7669,0
DA:7671,0
DA:7677,0
DA:7681,0
DA:7682,0
DA:7701,0
DA:7709,0
DA:7721,0
DA:7759,0
DA:7769,0
DA:7770,0
DA:7772,0
DA:7773,0
DA:7785,0
DA:7791,0
DA:7794,0
DA:7804,0
DA:7817,0
DA:7819,0
DA:7827,0
DA:7830,0
DA:7831,0
DA:7837,0
DA:7839,0
DA:7843,0
DA:7868,0
DA:7869,0
DA:7874,0
DA:7875,0
DA:7876,0
DA:7879,0
DA:7880,0
DA:7882,0
DA:7891,0
DA:7895,0
DA:7901,0
DA:7902,0
DA:7903,0
DA:7912,0
DA:7914,0
DA:7915,0
DA:7920,0
DA:7924,0
DA:7928,0
DA:7934,0
DA:7938,0
DA:7944,0
DA:7949,0
DA:7955,0
DA:7956,0
DA:7964,0
DA:7969,0
DA:7971,0
DA:7973,0
DA:7974,0
DA:7975,0
DA:7977,0
DA:7980,0
DA:7988,0
DA:7989,0
DA:7992,0
DA:7993,0
DA:7994,0
DA:7995,0
DA:7999,0
DA:8003,0
DA:8018,0
DA:8024,0
DA:8031,0
DA:8052,0
DA:8053,0
DA:8061,0
DA:8062,0
DA:8064,0
DA:8065,0
DA:8069,0
DA:8070,0
DA:8071,0
DA:8073,0
DA:8077,0
DA:8078,0
DA:8085,0
DA:8086,0
DA:8087,0
DA:8093,0
DA:8096,0
DA:8098,0
DA:8100,0
DA:8106,0
DA:8108,0
DA:8109,0
DA:8121,0
DA:8129,0
DA:8132,0
DA:8141,0
DA:8145,0
DA:8146,0
DA:8151,0
DA:8153,0
DA:8154,0
DA:8157,0
DA:8158,0
DA:8164,0
DA:8165,0
DA:8173,0
DA:8174,0
DA:8175,0
DA:8183,0
DA:8193,0
DA:8195,0
DA:8199,0
DA:8202,0
DA:8203,0
DA:8204,0
DA:8205,0
DA:8208,0
DA:8209,0
DA:8211,0
DA:8215,0
DA:8221,0
DA:8224,0
DA:8228,0
DA:8232,0
DA:8234,0
DA:8235,0
DA:8236,0
DA:8238,0
DA:8251,0
DA:8252,0
DA:8253,0
DA:8254,0
DA:8255,0
DA:8256,0
DA:8258,0
DA:8259,0
DA:8260,0
DA:8261,0
DA:8262,0
DA:8273,0
DA:8274,0
DA:8275,0
DA:8276,0
DA:8277,0
DA:8278,0
DA:8286,0
DA:8290,0
DA:8294,0
DA:8295,0
DA:8296,0
DA:8312,0
DA:8313,0
DA:8314,0
DA:8315,0
DA:8318,0
DA:8334,0
DA:8335,0
DA:8338,0
DA:8339,0
DA:8346,0
DA:8347,0
DA:8348,0
DA:8353,0
DA:8355,0
DA:8362,0
DA:8372,0
DA:8376,0
DA:8377,0
DA:8378,0
DA:8379,0
DA:8380,0
DA:8381,0
DA:8382,0
DA:8383,0
DA:8388,0
DA:8396,0
DA:8415,0
DA:8422,0
LF:1833
LH:0
BRDA:13,0,0,0
BRDA:13,0,1,0
BRDA:17,1,0,0
BRDA:17,1,1,0
BRDA:33,2,0,0
BRDA:33,2,1,0
BRDA:33,2,2,0
BRDA:33,2,3,0
BRDA:47,3,0,0
BRDA:47,3,1,0
BRDA:76,4,0,0
BRDA:76,4,1,0
BRDA:76,4,2,0
BRDA:81,5,0,0
BRDA:81,5,1,0
BRDA:81,5,2,0
BRDA:92,6,0,0
BRDA:92,6,1,0
BRDA:94,7,0,0
BRDA:94,7,1,0
BRDA:93,8,0,0
BRDA:93,8,1,0
BRDA:93,8,2,0
BRDA:104,9,0,0
BRDA:104,9,1,0
BRDA:121,10,0,0
BRDA:121,10,1,0
BRDA:139,11,0,0
BRDA:139,11,1,0
BRDA:141,12,0,0
BRDA:141,12,1,0
BRDA:162,13,0,0
BRDA:162,13,1,0
BRDA:171,14,0,0
BRDA:171,14,1,0
BRDA:202,15,0,0
BRDA:202,15,1,0
BRDA:203,16,0,0
BRDA:203,16,1,0
BRDA:217,17,0,0
BRDA:217,17,1,0
BRDA:224,18,0,0
BRDA:224,18,1,0
BRDA:249,19,0,0
BRDA:249,19,1,0
BRDA:282,20,0,0
BRDA:282,20,1,0
BRDA:285,21,0,0
BRDA:285,21,1,0
BRDA:285,22,0,0
BRDA:285,22,1,0
BRDA:309,23,0,0
BRDA:309,23,1,0
BRDA:309,23,2,0
BRDA:289,24,0,0
BRDA:289,24,1,0
BRDA:289,25,0,0
BRDA:289,25,1,0
BRDA:290,26,0,0
BRDA:290,26,1,0
BRDA:293,27,0,0
BRDA:293,27,1,0
BRDA:293,28,0,0
BRDA:293,28,1,0
BRDA:295,29,0,0
BRDA:295,29,1,0
BRDA:295,30,0,0
BRDA:295,30,1,0
BRDA:298,31,0,0
BRDA:298,31,1,0
BRDA:323,32,0,0
BRDA:323,32,1,0
BRDA:334,33,0,0
BRDA:334,33,1,0
BRDA:476,34,0,0
BRDA:476,34,1,0
BRDA:496,35,0,0
BRDA:496,35,1,0
BRDA:502,36,0,0
BRDA:502,36,1,0
BRDA:516,37,0,0
BRDA:516,37,1,0
BRDA:517,38,0,0
BRDA:517,38,1,0
BRDA:518,39,0,0
BRDA:518,39,1,0
BRDA:519,40,0,0
BRDA:519,40,1,0
BRDA:520,41,0,0
BRDA:520,41,1,0
BRDA:521,42,0,0
BRDA:521,42,1,0
BRDA:522,43,0,0
BRDA:522,43,1,0
BRDA:523,44,0,0
BRDA:523,44,1,0
BRDA:523,44,2,0
BRDA:524,45,0,0
BRDA:524,45,1,0
BRDA:525,46,0,0
BRDA:525,46,1,0
BRDA:526,47,0,0
BRDA:526,47,1,0
BRDA:532,48,0,0
BRDA:532,48,1,0
BRDA:559,49,0,0
BRDA:559,49,1,0
BRDA:556,50,0,0
BRDA:556,50,1,0
BRDA:556,50,2,0
BRDA:556,50,3,0
BRDA:556,50,4,0
BRDA:563,51,0,0
BRDA:563,51,1,0
BRDA:567,52,0,0
BRDA:567,52,1,0
BRDA:571,53,0,0
BRDA:571,53,1,0
BRDA:571,53,2,0
BRDA:571,53,3,0
BRDA:578,54,0,0
BRDA:578,54,1,0
BRDA:576,55,0,0
BRDA:576,55,1,0
BRDA:715,56,0,0
BRDA:715,56,1,0
BRDA:772,57,0,0
BRDA:772,57,1,0
BRDA:797,58,0,0
BRDA:797,58,1,0
BRDA:821,59,0,0
BRDA:821,59,1,0
BRDA:872,60,0,0
BRDA:872,60,1,0
BRDA:872,60,2,0
BRDA:880,61,0,0
BRDA:880,61,1,0
BRDA:913,62,0,0
BRDA:913,62,1,0
BRDA:914,63,0,0
BRDA:914,63,1,0
BRDA:975,64,0,0
BRDA:975,64,1,0
BRDA:975,65,0,0
BRDA:975,65,1,0
BRDA:980,66,0,0
BRDA:980,66,1,0
BRDA:979,67,0,0
BRDA:979,67,1,0
BRDA:982,68,0,0
BRDA:982,68,1,0
BRDA:982,68,2,0
BRDA:982,68,3,0
BRDA:982,68,4,0
BRDA:982,68,5,0
BRDA:982,68,6,0
BRDA:990,69,0,0
BRDA:990,69,1,0
BRDA:990,69,2,0
BRDA:1009,70,0,0
BRDA:1009,70,1,0
BRDA:1009,71,0,0
BRDA:1009,71,1,0
BRDA:1014,72,0,0
BRDA:1014,72,1,0
BRDA:1015,73,0,0
BRDA:1015,73,1,0
BRDA:1016,74,0,0
BRDA:1016,74,1,0
BRDA:1016,74,2,0
BRDA:1016,74,3,0
BRDA:1020,75,0,0
BRDA:1020,75,1,0
BRDA:1025,76,0,0
BRDA:1025,76,1,0
BRDA:1026,77,0,0
BRDA:1026,77,1,0
BRDA:1028,78,0,0
BRDA:1028,78,1,0
BRDA:1030,79,0,0
BRDA:1030,79,1,0
BRDA:1038,80,0,0
BRDA:1038,80,1,0
BRDA:1040,81,0,0
BRDA:1040,81,1,0
BRDA:1040,81,2,0
BRDA:1040,81,3,0
BRDA:1040,81,4,0
BRDA:1040,81,5,0
BRDA:1050,82,0,0
BRDA:1050,82,1,0
BRDA:1054,83,0,0
BRDA:1054,83,1,0
BRDA:1071,84,0,0
BRDA:1071,84,1,0
BRDA:1071,85,0,0
BRDA:1071,85,1,0
BRDA:1076,86,0,0
BRDA:1076,86,1,0
BRDA:1076,87,0,0
BRDA:1076,87,1,0
BRDA:1086,88,0,0
BRDA:1086,88,1,0
BRDA:1081,89,0,0
BRDA:1081,89,1,0
BRDA:1081,89,2,0
BRDA:1092,90,0,0
BRDA:1092,90,1,0
BRDA:1106,91,0,0
BRDA:1106,91,1,0
BRDA:1106,92,0,0
BRDA:1106,92,1,0
BRDA:1111,93,0,0
BRDA:1111,93,1,0
BRDA:1111,93,2,0
BRDA:1111,93,3,0
BRDA:1111,93,4,0
BRDA:1122,94,0,0
BRDA:1122,94,1,0
BRDA:1135,95,0,0
BRDA:1135,95,1,0
BRDA:1135,95,2,0
BRDA:1136,96,0,0
BRDA:1136,96,1,0
BRDA:1170,97,0,0
BRDA:1170,97,1,0
BRDA:1174,98,0,0
BRDA:1174,98,1,0
BRDA:1180,99,0,0
BRDA:1180,99,1,0
BRDA:1186,100,0,0
BRDA:1186,100,1,0
BRDA:1186,101,0,0
BRDA:1186,101,1,0
BRDA:1186,101,2,0
BRDA:1186,101,3,0
BRDA:1224,102,0,0
BRDA:1224,102,1,0
BRDA:1227,103,0,0
BRDA:1227,103,1,0
BRDA:1230,104,0,0
BRDA:1230,104,1,0
BRDA:1233,105,0,0
BRDA:1233,105,1,0
BRDA:1209,106,0,0
BRDA:1209,106,1,0
BRDA:1217,107,0,0
BRDA:1217,107,1,0
BRDA:1219,108,0,0
BRDA:1219,108,1,0
BRDA:1220,109,0,0
BRDA:1220,109,1,0
BRDA:1271,110,0,0
BRDA:1271,110,1,0
BRDA:1272,111,0,0
BRDA:1272,111,1,0
BRDA:1274,112,0,0
BRDA:1274,112,1,0
BRDA:1278,113,0,0
BRDA:1278,113,1,0
BRDA:1284,114,0,0
BRDA:1284,114,1,0
BRDA:1309,115,0,0
BRDA:1309,115,1,0
BRDA:1312,116,0,0
BRDA:1312,116,1,0
BRDA:1260,117,0,0
BRDA:1260,117,1,0
BRDA:1255,118,0,0
BRDA:1255,118,1,0
BRDA:1247,119,0,0
BRDA:1247,119,1,0
BRDA:1338,120,0,0
BRDA:1338,120,1,0
BRDA:1335,121,0,0
BRDA:1335,121,1,0
BRDA:1336,122,0,0
BRDA:1336,122,1,0
BRDA:1338,123,0,0
BRDA:1338,123,1,0
BRDA:1342,124,0,0
BRDA:1342,124,1,0
BRDA:1348,125,0,0
BRDA:1348,125,1,0
BRDA:1348,125,2,0
BRDA:1352,126,0,0
BRDA:1352,126,1,0
BRDA:1353,127,0,0
BRDA:1353,127,1,0
BRDA:1373,128,0,0
BRDA:1373,128,1,0
BRDA:1376,129,0,0
BRDA:1376,129,1,0
BRDA:1386,130,0,0
BRDA:1386,130,1,0
BRDA:1420,131,0,0
BRDA:1420,131,1,0
BRDA:1423,132,0,0
BRDA:1423,132,1,0
BRDA:1427,133,0,0
BRDA:1427,133,1,0
BRDA:1434,134,0,0
BRDA:1434,134,1,0
BRDA:1439,135,0,0
BRDA:1439,135,1,0
BRDA:1457,136,0,0
BRDA:1457,136,1,0
BRDA:1459,137,0,0
BRDA:1459,137,1,0
BRDA:1463,138,0,0
BRDA:1463,138,1,0
BRDA:1467,139,0,0
BRDA:1467,139,1,0
BRDA:1484,140,0,0
BRDA:1484,140,1,0
BRDA:1487,141,0,0
BRDA:1487,141,1,0
BRDA:1529,142,0,0
BRDA:1529,142,1,0
BRDA:1517,143,0,0
BRDA:1517,143,1,0
BRDA:1523,144,0,0
BRDA:1523,144,1,0
BRDA:1530,145,0,0
BRDA:1530,145,1,0
BRDA:1546,146,0,0
BRDA:1546,146,1,0
BRDA:1551,147,0,0
BRDA:1551,147,1,0
BRDA:1569,148,0,0
BRDA:1569,148,1,0
BRDA:1574,149,0,0
BRDA:1574,149,1,0
BRDA:1576,150,0,0
BRDA:1576,150,1,0
BRDA:1578,151,0,0
BRDA:1578,151,1,0
BRDA:1580,152,0,0
BRDA:1580,152,1,0
BRDA:1580,152,2,0
BRDA:1605,153,0,0
BRDA:1605,153,1,0
BRDA:1606,154,0,0
BRDA:1606,154,1,0
BRDA:1606,155,0,0
BRDA:1606,155,1,0
BRDA:1608,156,0,0
BRDA:1608,156,1,0
BRDA:1608,157,0,0
BRDA:1608,157,1,0
BRDA:1612,158,0,0
BRDA:1612,158,1,0
BRDA:1612,158,2,0
BRDA:1618,159,0,0
BRDA:1618,159,1,0
BRDA:1642,160,0,0
BRDA:1642,160,1,0
BRDA:1661,161,0,0
BRDA:1661,161,1,0
BRDA:1657,162,0,0
BRDA:1657,162,1,0
BRDA:1657,162,2,0
BRDA:1657,162,3,0
BRDA:1666,163,0,0
BRDA:1666,163,1,0
BRDA:1665,164,0,0
BRDA:1665,164,1,0
BRDA:1753,165,0,0
BRDA:1753,165,1,0
BRDA:1754,166,0,0
BRDA:1754,166,1,0
BRDA:1762,167,0,0
BRDA:1762,167,1,0
BRDA:1763,168,0,0
BRDA:1763,168,1,0
BRDA:1766,169,0,0
BRDA:1766,169,1,0
BRDA:1823,170,0,0
BRDA:1823,170,1,0
BRDA:1827,171,0,0
BRDA:1827,171,1,0
BRDA:1831,172,0,0
BRDA:1831,172,1,0
BRDA:1854,173,0,0
BRDA:1854,173,1,0
BRDA:1855,174,0,0
BRDA:1855,174,1,0
BRDA:1855,174,2,0
BRDA:1855,174,3,0
BRDA:1855,174,4,0
BRDA:1868,175,0,0
BRDA:1868,175,1,0
BRDA:1874,176,0,0
BRDA:1874,176,1,0
BRDA:1887,177,0,0
BRDA:1887,177,1,0
BRDA:1887,178,0,0
BRDA:1887,178,1,0
BRDA:1887,178,2,0
BRDA:1930,179,0,0
BRDA:1930,179,1,0
BRDA:1930,180,0,0
BRDA:1930,180,1,0
BRDA:1939,181,0,0
BRDA:1939,181,1,0
BRDA:1942,182,0,0
BRDA:1942,182,1,0
BRDA:1942,183,0,0
BRDA:1942,183,1,0
BRDA:1942,183,2,0
BRDA:1942,183,3,0
BRDA:1965,184,0,0
BRDA:1965,184,1,0
BRDA:1961,185,0,0
BRDA:1961,185,1,0
BRDA:1993,186,0,0
BRDA:1993,186,1,0
BRDA:1978,187,0,0
BRDA:1978,187,1,0
BRDA:1984,188,0,0
BRDA:1984,188,1,0
BRDA:1988,189,0,0
BRDA:1988,189,1,0
BRDA:1990,190,0,0
BRDA:1990,190,1,0
BRDA:2107,191,0,0
BRDA:2107,191,1,0
BRDA:2107,192,0,0
BRDA:2107,192,1,0
BRDA:2107,192,2,0
BRDA:2107,192,3,0
BRDA:2110,193,0,0
BRDA:2110,193,1,0
BRDA:2112,194,0,0
BRDA:2112,194,1,0
BRDA:2117,195,0,0
BRDA:2117,195,1,0
BRDA:2154,196,0,0
BRDA:2154,196,1,0
BRDA:2156,197,0,0
BRDA:2156,197,1,0
BRDA:2158,198,0,0
BRDA:2158,198,1,0
BRDA:2172,199,0,0
BRDA:2172,199,1,0
BRDA:2199,200,0,0
BRDA:2199,200,1,0
BRDA:2205,201,0,0
BRDA:2205,201,1,0
BRDA:2205,202,0,0
BRDA:2205,202,1,0
BRDA:2208,203,0,0
BRDA:2208,203,1,0
BRDA:2212,204,0,0
BRDA:2212,204,1,0
BRDA:2218,205,0,0
BRDA:2218,205,1,0
BRDA:2228,206,0,0
BRDA:2228,206,1,0
BRDA:2229,207,0,0
BRDA:2229,207,1,0
BRDA:2243,208,0,0
BRDA:2243,208,1,0
BRDA:2248,209,0,0
BRDA:2248,209,1,0
BRDA:2246,210,0,0
BRDA:2246,210,1,0
BRDA:2271,211,0,0
BRDA:2271,211,1,0
BRDA:2277,212,0,0
BRDA:2277,212,1,0
BRDA:2277,213,0,0
BRDA:2277,213,1,0
BRDA:2296,214,0,0
BRDA:2296,214,1,0
BRDA:2310,215,0,0
BRDA:2310,215,1,0
BRDA:2311,216,0,0
BRDA:2311,216,1,0
BRDA:2313,217,0,0
BRDA:2313,217,1,0
BRDA:2317,218,0,0
BRDA:2317,218,1,0
BRDA:2319,219,0,0
BRDA:2319,219,1,0
BRDA:2344,220,0,0
BRDA:2344,220,1,0
BRDA:2357,221,0,0
BRDA:2357,221,1,0
BRDA:2359,222,0,0
BRDA:2359,222,1,0
BRDA:2364,223,0,0
BRDA:2364,223,1,0
BRDA:2364,223,2,0
BRDA:2372,224,0,0
BRDA:2372,224,1,0
BRDA:2372,224,2,0
BRDA:2377,225,0,0
BRDA:2377,225,1,0
BRDA:2377,226,0,0
BRDA:2377,226,1,0
BRDA:2378,227,0,0
BRDA:2378,227,1,0
BRDA:2380,228,0,0
BRDA:2380,228,1,0
BRDA:2380,228,2,0
BRDA:2387,229,0,0
BRDA:2387,229,1,0
BRDA:2391,230,0,0
BRDA:2391,230,1,0
BRDA:2392,231,0,0
BRDA:2392,231,1,0
BRDA:2399,232,0,0
BRDA:2399,232,1,0
BRDA:2397,233,0,0
BRDA:2397,233,1,0
BRDA:2402,234,0,0
BRDA:2402,234,1,0
BRDA:2402,234,2,0
BRDA:2402,234,3,0
BRDA:2402,234,4,0
BRDA:2419,235,0,0
BRDA:2419,235,1,0
BRDA:2421,236,0,0
BRDA:2421,236,1,0
BRDA:2428,237,0,0
BRDA:2428,237,1,0
BRDA:2450,238,0,0
BRDA:2450,238,1,0
BRDA:2454,239,0,0
BRDA:2454,239,1,0
BRDA:2460,240,0,0
BRDA:2460,240,1,0
BRDA:2464,241,0,0
BRDA:2464,241,1,0
BRDA:2464,242,0,0
BRDA:2464,242,1,0
BRDA:2470,243,0,0
BRDA:2470,243,1,0
BRDA:2471,244,0,0
BRDA:2471,244,1,0
BRDA:2474,245,0,0
BRDA:2474,245,1,0
BRDA:2496,246,0,0
BRDA:2496,246,1,0
BRDA:2496,247,0,0
BRDA:2496,247,1,0
BRDA:2509,248,0,0
BRDA:2509,248,1,0
BRDA:2504,249,0,0
BRDA:2504,249,1,0
BRDA:2504,249,2,0
BRDA:2504,249,3,0
BRDA:2509,250,0,0
BRDA:2509,250,1,0
BRDA:2509,250,2,0
BRDA:2509,250,3,0
BRDA:2520,251,0,0
BRDA:2520,251,1,0
BRDA:2513,252,0,0
BRDA:2513,252,1,0
BRDA:2515,253,0,0
BRDA:2515,253,1,0
BRDA:2515,254,0,0
BRDA:2515,254,1,0
BRDA:2525,255,0,0
BRDA:2525,255,1,0
BRDA:2533,256,0,0
BRDA:2533,256,1,0
BRDA:2533,256,2,0
BRDA:2545,257,0,0
BRDA:2545,257,1,0
BRDA:2546,258,0,0
BRDA:2546,258,1,0
BRDA:2547,259,0,0
BRDA:2547,259,1,0
BRDA:2549,260,0,0
BRDA:2549,260,1,0
BRDA:2552,261,0,0
BRDA:2552,261,1,0
BRDA:2553,262,0,0
BRDA:2553,262,1,0
BRDA:2553,262,2,0
BRDA:2553,262,3,0
BRDA:2553,262,4,0
BRDA:2553,262,5,0
BRDA:2566,263,0,0
BRDA:2566,263,1,0
BRDA:2566,263,2,0
BRDA:2573,264,0,0
BRDA:2573,264,1,0
BRDA:2579,265,0,0
BRDA:2579,265,1,0
BRDA:2579,265,2,0
BRDA:2590,266,0,0
BRDA:2590,266,1,0
BRDA:2592,267,0,0
BRDA:2592,267,1,0
BRDA:2591,268,0,0
BRDA:2591,268,1,0
BRDA:2591,268,2,0
BRDA:2596,269,0,0
BRDA:2596,269,1,0
BRDA:2594,270,0,0
BRDA:2594,270,1,0
BRDA:2594,270,2,0
BRDA:2594,270,3,0
BRDA:2603,271,0,0
BRDA:2603,271,1,0
BRDA:2627,272,0,0
BRDA:2627,272,1,0
BRDA:2627,273,0,0
BRDA:2627,273,1,0
BRDA:2632,274,0,0
BRDA:2632,274,1,0
BRDA:2637,275,0,0
BRDA:2637,275,1,0
BRDA:2638,276,0,0
BRDA:2638,276,1,0
BRDA:2638,277,0,0
BRDA:2638,277,1,0
BRDA:2655,278,0,0
BRDA:2655,278,1,0
BRDA:2676,279,0,0
BRDA:2676,279,1,0
BRDA:2676,280,0,0
BRDA:2676,280,1,0
BRDA:2677,281,0,0
BRDA:2677,281,1,0
BRDA:2686,282,0,0
BRDA:2686,282,1,0
BRDA:2688,283,0,0
BRDA:2688,283,1,0
BRDA:2691,284,0,0
BRDA:2691,284,1,0
BRDA:2693,285,0,0
BRDA:2693,285,1,0
BRDA:2705,286,0,0
BRDA:2705,286,1,0
BRDA:2711,287,0,0
BRDA:2711,287,1,0
BRDA:2730,288,0,0
BRDA:2730,288,1,0
BRDA:2732,289,0,0
BRDA:2732,289,1,0
BRDA:2731,290,0,0
BRDA:2731,290,1,0
BRDA:2731,290,2,0
BRDA:2734,291,0,0
BRDA:2734,291,1,0
BRDA:2736,292,0,0
BRDA:2736,292,1,0
BRDA:2752,293,0,0
BRDA:2752,293,1,0
BRDA:2753,294,0,0
BRDA:2753,294,1,0
BRDA:2759,295,0,0
BRDA:2759,295,1,0
BRDA:2764,296,0,0
BRDA:2764,296,1,0
BRDA:2765,297,0,0
BRDA:2765,297,1,0
BRDA:2765,297,2,0
BRDA:2771,298,0,0
BRDA:2771,298,1,0
BRDA:2773,299,0,0
BRDA:2773,299,1,0
BRDA:2772,300,0,0
BRDA:2772,300,1,0
BRDA:2773,301,0,0
BRDA:2773,301,1,0
BRDA:2774,302,0,0
BRDA:2774,302,1,0
BRDA:2778,303,0,0
BRDA:2778,303,1,0
BRDA:2778,304,0,0
BRDA:2778,304,1,0
BRDA:2778,304,2,0
BRDA:2782,305,0,0
BRDA:2782,305,1,0
BRDA:2805,306,0,0
BRDA:2805,306,1,0
BRDA:2809,307,0,0
BRDA:2809,307,1,0
BRDA:2809,307,2,0
BRDA:2831,308,0,0
BRDA:2831,308,1,0
BRDA:2840,309,0,0
BRDA:2840,309,1,0
BRDA:2842,310,0,0
BRDA:2842,310,1,0
BRDA:2842,310,2,0
BRDA:2860,311,0,0
BRDA:2860,311,1,0
BRDA:2861,312,0,0
BRDA:2861,312,1,0
BRDA:2867,313,0,0
BRDA:2867,313,1,0
BRDA:2871,314,0,0
BRDA:2871,314,1,0
BRDA:2887,315,0,0
BRDA:2887,315,1,0
BRDA:2891,316,0,0
BRDA:2891,316,1,0
BRDA:2892,317,0,0
BRDA:2892,317,1,0
BRDA:2894,318,0,0
BRDA:2894,318,1,0
BRDA:2900,319,0,0
BRDA:2900,319,1,0
BRDA:2911,320,0,0
BRDA:2911,320,1,0
BRDA:2911,320,2,0
BRDA:2928,321,0,0
BRDA:2928,321,1,0
BRDA:2969,322,0,0
BRDA:2969,322,1,0
BRDA:2987,323,0,0
BRDA:2987,323,1,0
BRDA:2990,324,0,0
BRDA:2990,324,1,0
BRDA:3007,325,0,0
BRDA:3007,325,1,0
BRDA:3016,326,0,0
BRDA:3016,326,1,0
BRDA:3018,327,0,0
BRDA:3018,327,1,0
BRDA:3018,327,2,0
BRDA:3041,328,0,0
BRDA:3041,328,1,0
BRDA:3043,329,0,0
BRDA:3043,329,1,0
BRDA:3046,330,0,0
BRDA:3046,330,1,0
BRDA:3047,331,0,0
BRDA:3047,331,1,0
BRDA:3060,332,0,0
BRDA:3060,332,1,0
BRDA:3062,333,0,0
BRDA:3062,333,1,0
BRDA:3063,334,0,0
BRDA:3063,334,1,0
BRDA:3082,335,0,0
BRDA:3082,335,1,0
BRDA:3083,336,0,0
BRDA:3083,336,1,0
BRDA:3105,337,0,0
BRDA:3105,337,1,0
BRDA:3106,338,0,0
BRDA:3106,338,1,0
BRDA:3106,338,2,0
BRDA:3118,339,0,0
BRDA:3118,339,1,0
BRDA:3137,340,0,0
BRDA:3137,340,1,0
BRDA:3141,341,0,0
BRDA:3141,341,1,0
BRDA:3148,342,0,0
BRDA:3148,342,1,0
BRDA:3157,343,0,0
BRDA:3157,343,1,0
BRDA:3161,344,0,0
BRDA:3161,344,1,0
BRDA:3176,345,0,0
BRDA:3176,345,1,0
BRDA:3189,346,0,0
BRDA:3189,346,1,0
BRDA:3183,347,0,0
BRDA:3183,347,1,0
BRDA:3198,348,0,0
BRDA:3198,348,1,0
BRDA:3198,349,0,0
BRDA:3198,349,1,0
BRDA:3215,350,0,0
BRDA:3215,350,1,0
BRDA:3222,351,0,0
BRDA:3222,351,1,0
BRDA:3230,352,0,0
BRDA:3230,352,1,0
BRDA:3241,353,0,0
BRDA:3241,353,1,0
BRDA:3248,354,0,0
BRDA:3248,354,1,0
BRDA:3257,355,0,0
BRDA:3257,355,1,0
BRDA:3259,356,0,0
BRDA:3259,356,1,0
BRDA:3279,357,0,0
BRDA:3279,357,1,0
BRDA:3287,358,0,0
BRDA:3287,358,1,0
BRDA:3292,359,0,0
BRDA:3292,359,1,0
BRDA:3292,359,2,0
BRDA:3292,359,3,0
BRDA:3293,360,0,0
BRDA:3293,360,1,0
BRDA:3311,361,0,0
BRDA:3311,361,1,0
BRDA:3311,361,2,0
BRDA:3312,362,0,0
BRDA:3312,362,1,0
BRDA:3312,362,2,0
BRDA:3313,363,0,0
BRDA:3313,363,1,0
BRDA:3314,364,0,0
BRDA:3314,364,1,0
BRDA:3317,365,0,0
BRDA:3317,365,1,0
BRDA:3319,366,0,0
BRDA:3319,366,1,0
BRDA:3319,367,0,0
BRDA:3319,367,1,0
BRDA:3345,368,0,0
BRDA:3345,368,1,0
BRDA:3345,368,2,0
BRDA:3350,369,0,0
BRDA:3350,369,1,0
BRDA:3363,370,0,0
BRDA:3363,370,1,0
BRDA:3363,371,0,0
BRDA:3363,371,1,0
BRDA:3375,372,0,0
BRDA:3375,372,1,0
BRDA:3372,373,0,0
BRDA:3372,373,1,0
BRDA:3372,373,2,0
BRDA:3407,374,0,0
BRDA:3407,374,1,0
BRDA:3392,375,0,0
BRDA:3392,375,1,0
BRDA:3392,375,2,0
BRDA:3395,376,0,0
BRDA:3395,376,1,0
BRDA:3400,377,0,0
BRDA:3400,377,1,0
BRDA:3401,378,0,0
BRDA:3401,378,1,0
BRDA:3407,379,0,0
BRDA:3407,379,1,0
BRDA:3407,379,2,0
BRDA:3416,380,0,0
BRDA:3416,380,1,0
BRDA:3427,381,0,0
BRDA:3427,381,1,0
BRDA:3420,382,0,0
BRDA:3420,382,1,0
BRDA:3420,382,2,0
BRDA:3437,383,0,0
BRDA:3437,383,1,0
BRDA:3439,384,0,0
BRDA:3439,384,1,0
BRDA:3439,385,0,0
BRDA:3439,385,1,0
BRDA:3440,386,0,0
BRDA:3440,386,1,0
BRDA:3454,387,0,0
BRDA:3454,387,1,0
BRDA:3449,388,0,0
BRDA:3449,388,1,0
BRDA:3457,389,0,0
BRDA:3457,389,1,0
BRDA:3457,389,2,0
BRDA:3457,389,3,0
BRDA:3457,389,4,0
BRDA:3469,390,0,0
BRDA:3469,390,1,0
BRDA:3472,391,0,0
BRDA:3472,391,1,0
BRDA:3484,392,0,0
BRDA:3484,392,1,0
BRDA:3498,393,0,0
BRDA:3498,393,1,0
BRDA:3509,394,0,0
BRDA:3509,394,1,0
BRDA:3509,394,2,0
BRDA:3510,395,0,0
BRDA:3510,395,1,0
BRDA:3530,396,0,0
BRDA:3530,396,1,0
BRDA:3568,397,0,0
BRDA:3568,397,1,0
BRDA:3568,397,2,0
BRDA:3572,398,0,0
BRDA:3572,398,1,0
BRDA:3592,399,0,0
BRDA:3592,399,1,0
BRDA:3592,399,2,0
BRDA:3592,399,3,0
BRDA:3598,400,0,0
BRDA:3598,400,1,0
BRDA:3619,401,0,0
BRDA:3619,401,1,0
BRDA:3619,402,0,0
BRDA:3619,402,1,0
BRDA:3623,403,0,0
BRDA:3623,403,1,0
BRDA:3633,404,0,0
BRDA:3633,404,1,0
BRDA:3628,405,0,0
BRDA:3628,405,1,0
BRDA:3628,405,2,0
BRDA:3628,405,3,0
BRDA:3633,406,0,0
BRDA:3633,406,1,0
BRDA:3637,407,0,0
BRDA:3637,407,1,0
BRDA:3637,408,0,0
BRDA:3637,408,1,0
BRDA:3650,409,0,0
BRDA:3650,409,1,0
BRDA:3652,410,0,0
BRDA:3652,410,1,0
BRDA:3656,411,0,0
BRDA:3656,411,1,0
BRDA:3671,412,0,0
BRDA:3671,412,1,0
BRDA:3680,413,0,0
BRDA:3680,413,1,0
BRDA:3688,414,0,0
BRDA:3688,414,1,0
BRDA:3691,415,0,0
BRDA:3691,415,1,0
BRDA:3691,416,0,0
BRDA:3691,416,1,0
BRDA:3694,417,0,0
BRDA:3694,417,1,0
BRDA:3697,418,0,0
BRDA:3697,418,1,0
BRDA:3701,419,0,0
BRDA:3701,419,1,0
BRDA:3704,420,0,0
BRDA:3704,420,1,0
BRDA:3708,421,0,0
BRDA:3708,421,1,0
BRDA:3708,421,2,0
BRDA:3712,422,0,0
BRDA:3712,422,1,0
BRDA:3716,423,0,0
BRDA:3716,423,1,0
BRDA:3719,424,0,0
BRDA:3719,424,1,0
BRDA:3734,425,0,0
BRDA:3734,425,1,0
BRDA:3742,426,0,0
BRDA:3742,426,1,0
BRDA:3748,427,0,0
BRDA:3748,427,1,0
BRDA:3751,428,0,0
BRDA:3751,428,1,0
BRDA:3751,429,0,0
BRDA:3751,429,1,0
BRDA:3751,429,2,0
BRDA:3767,430,0,0
BRDA:3767,430,1,0
BRDA:3786,431,0,0
BRDA:3786,431,1,0
BRDA:3798,432,0,0
BRDA:3798,432,1,0
BRDA:3806,433,0,0
BRDA:3806,433,1,0
BRDA:3811,434,0,0
BRDA:3811,434,1,0
BRDA:3814,435,0,0
BRDA:3814,435,1,0
BRDA:3835,436,0,0
BRDA:3835,436,1,0
BRDA:3840,437,0,0
BRDA:3840,437,1,0
BRDA:3848,438,0,0
BRDA:3848,438,1,0
BRDA:3851,439,0,0
BRDA:3851,439,1,0
BRDA:3860,440,0,0
BRDA:3860,440,1,0
BRDA:3860,441,0,0
BRDA:3860,441,1,0
BRDA:3883,442,0,0
BRDA:3883,442,1,0
BRDA:3884,443,0,0
BRDA:3884,443,1,0
BRDA:3913,444,0,0
BRDA:3913,444,1,0
BRDA:3913,445,0,0
BRDA:3913,445,1,0
BRDA:3914,446,0,0
BRDA:3914,446,1,0
BRDA:3921,447,0,0
BRDA:3921,447,1,0
BRDA:3948,448,0,0
BRDA:3948,448,1,0
BRDA:3952,449,0,0
BRDA:3952,449,1,0
BRDA:3955,450,0,0
BRDA:3955,450,1,0
BRDA:3959,451,0,0
BRDA:3959,451,1,0
BRDA:3959,451,2,0
BRDA:3959,451,3,0
BRDA:3968,452,0,0
BRDA:3968,452,1,0
BRDA:3975,453,0,0
BRDA:3975,453,1,0
BRDA:3981,454,0,0
BRDA:3981,454,1,0
BRDA:3981,454,2,0
BRDA:3981,454,3,0
BRDA:3986,455,0,0
BRDA:3986,455,1,0
BRDA:3995,456,0,0
BRDA:3995,456,1,0
BRDA:4007,457,0,0
BRDA:4007,457,1,0
BRDA:4011,458,0,0
BRDA:4011,458,1,0
BRDA:4023,459,0,0
BRDA:4023,459,1,0
BRDA:4075,460,0,0
BRDA:4075,460,1,0
BRDA:4075,460,2,0
BRDA:4084,461,0,0
BRDA:4084,461,1,0
BRDA:4111,462,0,0
BRDA:4111,462,1,0
BRDA:4111,462,2,0
BRDA:4111,462,3,0
BRDA:4111,462,4,0
BRDA:4111,462,5,0
BRDA:4120,463,0,0
BRDA:4120,463,1,0
BRDA:4120,463,2,0
BRDA:4140,464,0,0
BRDA:4140,464,1,0
BRDA:4128,465,0,0
BRDA:4128,465,1,0
BRDA:4136,466,0,0
BRDA:4136,466,1,0
BRDA:4137,467,0,0
BRDA:4137,467,1,0
BRDA:4140,468,0,0
BRDA:4140,468,1,0
BRDA:4143,469,0,0
BRDA:4143,469,1,0
BRDA:4155,470,0,0
BRDA:4155,470,1,0
BRDA:4161,471,0,0
BRDA:4161,471,1,0
BRDA:4172,472,0,0
BRDA:4172,472,1,0
BRDA:4173,473,0,0
BRDA:4173,473,1,0
BRDA:4179,474,0,0
BRDA:4179,474,1,0
BRDA:4181,475,0,0
BRDA:4181,475,1,0
BRDA:4184,476,0,0
BRDA:4184,476,1,0
BRDA:4187,477,0,0
BRDA:4187,477,1,0
BRDA:4187,478,0,0
BRDA:4187,478,1,0
BRDA:4197,479,0,0
BRDA:4197,479,1,0
BRDA:4197,480,0,0
BRDA:4197,480,1,0
BRDA:4197,480,2,0
BRDA:4217,481,0,0
BRDA:4217,481,1,0
BRDA:4222,482,0,0
BRDA:4222,482,1,0
BRDA:4268,483,0,0
BRDA:4268,483,1,0
BRDA:4268,484,0,0
BRDA:4268,484,1,0
BRDA:4271,485,0,0
BRDA:4271,485,1,0
BRDA:4271,485,2,0
BRDA:4271,485,3,0
BRDA:4305,486,0,0
BRDA:4305,486,1,0
BRDA:4340,487,0,0
BRDA:4340,487,1,0
BRDA:4340,487,2,0
BRDA:4350,488,0,0
BRDA:4350,488,1,0
BRDA:4350,488,2,0
BRDA:4350,488,3,0
BRDA:4381,489,0,0
BRDA:4381,489,1,0
BRDA:4383,490,0,0
BRDA:4383,490,1,0
BRDA:4389,491,0,0
BRDA:4389,491,1,0
BRDA:4395,492,0,0
BRDA:4395,492,1,0
BRDA:4426,493,0,0
BRDA:4426,493,1,0
BRDA:4432,494,0,0
BRDA:4432,494,1,0
BRDA:4453,495,0,0
BRDA:4453,495,1,0
BRDA:4456,496,0,0
BRDA:4456,496,1,0
BRDA:4466,497,0,0
BRDA:4466,497,1,0
BRDA:4481,498,0,0
BRDA:4481,498,1,0
BRDA:4489,499,0,0
BRDA:4489,499,1,0
BRDA:4503,500,0,0
BRDA:4503,500,1,0
BRDA:4506,501,0,0
BRDA:4506,501,1,0
BRDA:4519,502,0,0
BRDA:4519,502,1,0
BRDA:4540,503,0,0
BRDA:4540,503,1,0
BRDA:4542,504,0,0
BRDA:4542,504,1,0
BRDA:4553,505,0,0
BRDA:4553,505,1,0
BRDA:4555,506,0,0
BRDA:4555,506,1,0
BRDA:4556,507,0,0
BRDA:4556,507,1,0
BRDA:4556,507,2,0
BRDA:4566,508,0,0
BRDA:4566,508,1,0
BRDA:4602,509,0,0
BRDA:4602,509,1,0
BRDA:4606,510,0,0
BRDA:4606,510,1,0
BRDA:4639,511,0,0
BRDA:4639,511,1,0
BRDA:4640,512,0,0
BRDA:4640,512,1,0
BRDA:4642,513,0,0
BRDA:4642,513,1,0
BRDA:4646,514,0,0
BRDA:4646,514,1,0
BRDA:4647,515,0,0
BRDA:4647,515,1,0
BRDA:4647,515,2,0
BRDA:4653,516,0,0
BRDA:4653,516,1,0
BRDA:4660,517,0,0
BRDA:4660,517,1,0
BRDA:4693,518,0,0
BRDA:4693,518,1,0
BRDA:4705,519,0,0
BRDA:4705,519,1,0
BRDA:4706,520,0,0
BRDA:4706,520,1,0
BRDA:4707,521,0,0
BRDA:4707,521,1,0
BRDA:4730,522,0,0
BRDA:4730,522,1,0
BRDA:4730,522,2,0
BRDA:4730,522,3,0
BRDA:4767,523,0,0
BRDA:4767,523,1,0
BRDA:4775,524,0,0
BRDA:4775,524,1,0
BRDA:4779,525,0,0
BRDA:4779,525,1,0
BRDA:4788,526,0,0
BRDA:4788,526,1,0
BRDA:4807,527,0,0
BRDA:4807,527,1,0
BRDA:4808,528,0,0
BRDA:4808,528,1,0
BRDA:4813,529,0,0
BRDA:4813,529,1,0
BRDA:4814,530,0,0
BRDA:4814,530,1,0
BRDA:4813,531,0,0
BRDA:4813,531,1,0
BRDA:4817,532,0,0
BRDA:4817,532,1,0
BRDA:4833,533,0,0
BRDA:4833,533,1,0
BRDA:4834,534,0,0
BRDA:4834,534,1,0
BRDA:4835,535,0,0
BRDA:4835,535,1,0
BRDA:4838,536,0,0
BRDA:4838,536,1,0
BRDA:4876,537,0,0
BRDA:4876,537,1,0
BRDA:4883,538,0,0
BRDA:4883,538,1,0
BRDA:4899,539,0,0
BRDA:4899,539,1,0
BRDA:4903,540,0,0
BRDA:4903,540,1,0
BRDA:4941,541,0,0
BRDA:4941,541,1,0
BRDA:4944,542,0,0
BRDA:4944,542,1,0
BRDA:4947,543,0,0
BRDA:4947,543,1,0
BRDA:4985,544,0,0
BRDA:4985,544,1,0
BRDA:4981,545,0,0
BRDA:4981,545,1,0
BRDA:4989,546,0,0
BRDA:4989,546,1,0
BRDA:5017,547,0,0
BRDA:5017,547,1,0
BRDA:5036,548,0,0
BRDA:5036,548,1,0
BRDA:5044,549,0,0
BRDA:5044,549,1,0
BRDA:5047,550,0,0
BRDA:5047,550,1,0
BRDA:5054,551,0,0
BRDA:5054,551,1,0
BRDA:5058,552,0,0
BRDA:5058,552,1,0
BRDA:5071,553,0,0
BRDA:5071,553,1,0
BRDA:5072,554,0,0
BRDA:5072,554,1,0
BRDA:5098,555,0,0
BRDA:5098,555,1,0
BRDA:5099,556,0,0
BRDA:5099,556,1,0
BRDA:5107,557,0,0
BRDA:5107,557,1,0
BRDA:5108,558,0,0
BRDA:5108,558,1,0
BRDA:5140,559,0,0
BRDA:5140,559,1,0
BRDA:5143,560,0,0
BRDA:5143,560,1,0
BRDA:5144,561,0,0
BRDA:5144,561,1,0
BRDA:5148,562,0,0
BRDA:5148,562,1,0
BRDA:5168,563,0,0
BRDA:5168,563,1,0
BRDA:5171,564,0,0
BRDA:5171,564,1,0
BRDA:5186,565,0,0
BRDA:5186,565,1,0
BRDA:5235,566,0,0
BRDA:5235,566,1,0
BRDA:5235,567,0,0
BRDA:5235,567,1,0
BRDA:5235,567,2,0
BRDA:5236,568,0,0
BRDA:5236,568,1,0
BRDA:5239,569,0,0
BRDA:5239,569,1,0
BRDA:5239,569,2,0
BRDA:5254,570,0,0
BRDA:5254,570,1,0
BRDA:5254,570,2,0
BRDA:5259,571,0,0
BRDA:5259,571,1,0
BRDA:5261,572,0,0
BRDA:5261,572,1,0
BRDA:5261,573,0,0
BRDA:5261,573,1,0
BRDA:5275,574,0,0
BRDA:5275,574,1,0
BRDA:5277,575,0,0
BRDA:5277,575,1,0
BRDA:5277,575,2,0
BRDA:5290,576,0,0
BRDA:5290,576,1,0
BRDA:5290,576,2,0
BRDA:5290,576,3,0
BRDA:5335,577,0,0
BRDA:5335,577,1,0
BRDA:5336,578,0,0
BRDA:5336,578,1,0
BRDA:5342,579,0,0
BRDA:5342,579,1,0
BRDA:5344,580,0,0
BRDA:5344,580,1,0
BRDA:5344,580,2,0
BRDA:5344,580,3,0
BRDA:5344,580,4,0
BRDA:5344,580,5,0
BRDA:5357,581,0,0
BRDA:5357,581,1,0
BRDA:5357,582,0,0
BRDA:5357,582,1,0
BRDA:5360,583,0,0
BRDA:5360,583,1,0
BRDA:5368,584,0,0
BRDA:5368,584,1,0
BRDA:5368,584,2,0
BRDA:5375,585,0,0
BRDA:5375,585,1,0
BRDA:5375,585,2,0
BRDA:5444,586,0,0
BRDA:5444,586,1,0
BRDA:5465,587,0,0
BRDA:5465,587,1,0
BRDA:5465,587,2,0
BRDA:5465,587,3,0
BRDA:5465,587,4,0
BRDA:5465,587,5,0
BRDA:5465,587,6,0
BRDA:5465,587,7,0
BRDA:5465,587,8,0
BRDA:5478,588,0,0
BRDA:5478,588,1,0
BRDA:5477,589,0,0
BRDA:5477,589,1,0
BRDA:5481,590,0,0
BRDA:5481,590,1,0
BRDA:5480,591,0,0
BRDA:5480,591,1,0
BRDA:5497,592,0,0
BRDA:5497,592,1,0
BRDA:5501,593,0,0
BRDA:5501,593,1,0
BRDA:5505,594,0,0
BRDA:5505,594,1,0
BRDA:5516,595,0,0
BRDA:5516,595,1,0
BRDA:5516,595,2,0
BRDA:5521,596,0,0
BRDA:5521,596,1,0
BRDA:5521,596,2,0
BRDA:5532,597,0,0
BRDA:5532,597,1,0
BRDA:5542,598,0,0
BRDA:5542,598,1,0
BRDA:5541,599,0,0
BRDA:5541,599,1,0
BRDA:5549,600,0,0
BRDA:5549,600,1,0
BRDA:5549,601,0,0
BRDA:5549,601,1,0
BRDA:5549,602,0,0
BRDA:5549,602,1,0
BRDA:5554,603,0,0
BRDA:5554,603,1,0
BRDA:5557,604,0,0
BRDA:5557,604,1,0
BRDA:5560,605,0,0
BRDA:5560,605,1,0
BRDA:5570,606,0,0
BRDA:5570,606,1,0
BRDA:5570,606,2,0
BRDA:5571,607,0,0
BRDA:5571,607,1,0
BRDA:5581,608,0,0
BRDA:5581,608,1,0
BRDA:5582,609,0,0
BRDA:5582,609,1,0
BRDA:5620,610,0,0
BRDA:5620,610,1,0
BRDA:5625,611,0,0
BRDA:5625,611,1,0
BRDA:5630,612,0,0
BRDA:5630,612,1,0
BRDA:5637,613,0,0
BRDA:5637,613,1,0
BRDA:5640,614,0,0
BRDA:5640,614,1,0
BRDA:5645,615,0,0
BRDA:5645,615,1,0
BRDA:5651,616,0,0
BRDA:5651,616,1,0
BRDA:5652,617,0,0
BRDA:5652,617,1,0
BRDA:5668,618,0,0
BRDA:5668,618,1,0
BRDA:5670,619,0,0
BRDA:5670,619,1,0
BRDA:5686,620,0,0
BRDA:5686,620,1,0
BRDA:5686,620,2,0
BRDA:5686,620,3,0
BRDA:5686,620,4,0
BRDA:5762,621,0,0
BRDA:5762,621,1,0
BRDA:5774,622,0,0
BRDA:5774,622,1,0
BRDA:5777,623,0,0
BRDA:5777,623,1,0
BRDA:5780,624,0,0
BRDA:5780,624,1,0
BRDA:5781,625,0,0
BRDA:5781,625,1,0
BRDA:5782,626,0,0
BRDA:5782,626,1,0
BRDA:5787,627,0,0
BRDA:5787,627,1,0
BRDA:5789,628,0,0
BRDA:5789,628,1,0
BRDA:5789,629,0,0
BRDA:5789,629,1,0
BRDA:5817,630,0,0
BRDA:5817,630,1,0
BRDA:5817,630,2,0
BRDA:5817,630,3,0
BRDA:5817,630,4,0
BRDA:5817,630,5,0
BRDA:5817,630,6,0
BRDA:5817,630,7,0
BRDA:5833,631,0,0
BRDA:5833,631,1,0
BRDA:5835,632,0,0
BRDA:5835,632,1,0
BRDA:5835,632,2,0
BRDA:5836,633,0,0
BRDA:5836,633,1,0
BRDA:5836,633,2,0
BRDA:5837,634,0,0
BRDA:5837,634,1,0
BRDA:5837,634,2,0
BRDA:5845,635,0,0
BRDA:5845,635,1,0
BRDA:5860,636,0,0
BRDA:5860,636,1,0
BRDA:5872,637,0,0
BRDA:5872,637,1,0
BRDA:5883,638,0,0
BRDA:5883,638,1,0
BRDA:5925,639,0,0
BRDA:5925,639,1,0
BRDA:5915,640,0,0
BRDA:5915,640,1,0
BRDA:5915,640,2,0
BRDA:5947,641,0,0
BRDA:5947,641,1,0
BRDA:5948,642,0,0
BRDA:5948,642,1,0
BRDA:5955,643,0,0
BRDA:5955,643,1,0
BRDA:5965,644,0,0
BRDA:5965,644,1,0
BRDA:5975,645,0,0
BRDA:5975,645,1,0
BRDA:5976,646,0,0
BRDA:5976,646,1,0
BRDA:5984,647,0,0
BRDA:5984,647,1,0
BRDA:5977,648,0,0
BRDA:5977,648,1,0
BRDA:5977,648,2,0
BRDA:5987,649,0,0
BRDA:5987,649,1,0
BRDA:5996,650,0,0
BRDA:5996,650,1,0
BRDA:6002,651,0,0
BRDA:6002,651,1,0
BRDA:6022,652,0,0
BRDA:6022,652,1,0
BRDA:6022,653,0,0
BRDA:6022,653,1,0
BRDA:6036,654,0,0
BRDA:6036,654,1,0
BRDA:6038,655,0,0
BRDA:6038,655,1,0
BRDA:6038,656,0,0
BRDA:6038,656,1,0
BRDA:6048,657,0,0
BRDA:6048,657,1,0
BRDA:6055,658,0,0
BRDA:6055,658,1,0
BRDA:6072,659,0,0
BRDA:6072,659,1,0
BRDA:6073,660,0,0
BRDA:6073,660,1,0
BRDA:6074,661,0,0
BRDA:6074,661,1,0
BRDA:6083,662,0,0
BRDA:6083,662,1,0
BRDA:6088,663,0,0
BRDA:6088,663,1,0
BRDA:6088,663,2,0
BRDA:6095,664,0,0
BRDA:6095,664,1,0
BRDA:6095,664,2,0
BRDA:6095,664,3,0
BRDA:6095,664,4,0
BRDA:6113,665,0,0
BRDA:6113,665,1,0
BRDA:6114,666,0,0
BRDA:6114,666,1,0
BRDA:6114,666,2,0
BRDA:6117,667,0,0
BRDA:6117,667,1,0
BRDA:6127,668,0,0
BRDA:6127,668,1,0
BRDA:6129,669,0,0
BRDA:6129,669,1,0
BRDA:6139,670,0,0
BRDA:6139,670,1,0
BRDA:6139,671,0,0
BRDA:6139,671,1,0
BRDA:6145,672,0,0
BRDA:6145,672,1,0
BRDA:6151,673,0,0
BRDA:6151,673,1,0
BRDA:6151,673,2,0
BRDA:6151,673,3,0
BRDA:6158,674,0,0
BRDA:6158,674,1,0
BRDA:6157,675,0,0
BRDA:6157,675,1,0
BRDA:6187,676,0,0
BRDA:6187,676,1,0
BRDA:6189,677,0,0
BRDA:6189,677,1,0
BRDA:6191,678,0,0
BRDA:6191,678,1,0
BRDA:6193,679,0,0
BRDA:6193,679,1,0
BRDA:6197,680,0,0
BRDA:6197,680,1,0
BRDA:6201,681,0,0
BRDA:6201,681,1,0
BRDA:6202,682,0,0
BRDA:6202,682,1,0
BRDA:6206,683,0,0
BRDA:6206,683,1,0
BRDA:6207,684,0,0
BRDA:6207,684,1,0
BRDA:6211,685,0,0
BRDA:6211,685,1,0
BRDA:6213,686,0,0
BRDA:6213,686,1,0
BRDA:6216,687,0,0
BRDA:6216,687,1,0
BRDA:6220,688,0,0
BRDA:6220,688,1,0
BRDA:6222,689,0,0
BRDA:6222,689,1,0
BRDA:6232,690,0,0
BRDA:6232,690,1,0
BRDA:6232,691,0,0
BRDA:6232,691,1,0
BRDA:6234,692,0,0
BRDA:6234,692,1,0
BRDA:6260,693,0,0
BRDA:6260,693,1,0
BRDA:6260,694,0,0
BRDA:6260,694,1,0
BRDA:6272,695,0,0
BRDA:6272,695,1,0
BRDA:6276,696,0,0
BRDA:6276,696,1,0
BRDA:6276,696,2,0
BRDA:6283,697,0,0
BRDA:6283,697,1,0
BRDA:6285,698,0,0
BRDA:6285,698,1,0
BRDA:6296,699,0,0
BRDA:6296,699,1,0
BRDA:6296,700,0,0
BRDA:6296,700,1,0
BRDA:6296,700,2,0
BRDA:6296,700,3,0
BRDA:6296,700,4,0
BRDA:6307,701,0,0
BRDA:6307,701,1,0
BRDA:6307,701,2,0
BRDA:6307,701,3,0
BRDA:6313,702,0,0
BRDA:6313,702,1,0
BRDA:6313,703,0,0
BRDA:6313,703,1,0
BRDA:6315,704,0,0
BRDA:6315,704,1,0
BRDA:6315,704,2,0
BRDA:6318,705,0,0
BRDA:6318,705,1,0
BRDA:6319,706,0,0
BRDA:6319,706,1,0
BRDA:6318,707,0,0
BRDA:6318,707,1,0
BRDA:6319,708,0,0
BRDA:6319,708,1,0
BRDA:6324,709,0,0
BRDA:6324,709,1,0
BRDA:6324,710,0,0
BRDA:6324,710,1,0
BRDA:6327,711,0,0
BRDA:6327,711,1,0
BRDA:6328,712,0,0
BRDA:6328,712,1,0
BRDA:6331,713,0,0
BRDA:6331,713,1,0
BRDA:6334,714,0,0
BRDA:6334,714,1,0
BRDA:6334,714,2,0
BRDA:6334,714,3,0
BRDA:6342,715,0,0
BRDA:6342,715,1,0
BRDA:6342,716,0,0
BRDA:6342,716,1,0
BRDA:6367,717,0,0
BRDA:6367,717,1,0
BRDA:6364,718,0,0
BRDA:6364,718,1,0
BRDA:6364,718,2,0
BRDA:6367,719,0,0
BRDA:6367,719,1,0
BRDA:6377,720,0,0
BRDA:6377,720,1,0
BRDA:6377,721,0,0
BRDA:6377,721,1,0
BRDA:6378,722,0,0
BRDA:6378,722,1,0
BRDA:6378,722,2,0
BRDA:6385,723,0,0
BRDA:6385,723,1,0
BRDA:6386,724,0,0
BRDA:6386,724,1,0
BRDA:6388,725,0,0
BRDA:6388,725,1,0
BRDA:6392,726,0,0
BRDA:6392,726,1,0
BRDA:6392,727,0,0
BRDA:6392,727,1,0
BRDA:6392,727,2,0
BRDA:6393,728,0,0
BRDA:6393,728,1,0
BRDA:6411,729,0,0
BRDA:6411,729,1,0
BRDA:6411,730,0,0
BRDA:6411,730,1,0
BRDA:6419,731,0,0
BRDA:6419,731,1,0
BRDA:6419,732,0,0
BRDA:6419,732,1,0
BRDA:6434,733,0,0
BRDA:6434,733,1,0
BRDA:6437,734,0,0
BRDA:6437,734,1,0
BRDA:6440,735,0,0
BRDA:6440,735,1,0
BRDA:6440,735,2,0
BRDA:6448,736,0,0
BRDA:6448,736,1,0
BRDA:6466,737,0,0
BRDA:6466,737,1,0
BRDA:6474,738,0,0
BRDA:6474,738,1,0
BRDA:6480,739,0,0
BRDA:6480,739,1,0
BRDA:6480,740,0,0
BRDA:6480,740,1,0
BRDA:6484,741,0,0
BRDA:6484,741,1,0
BRDA:6492,742,0,0
BRDA:6492,742,1,0
BRDA:6488,743,0,0
BRDA:6488,743,1,0
BRDA:6488,743,2,0
BRDA:6492,744,0,0
BRDA:6492,744,1,0
BRDA:6527,745,0,0
BRDA:6527,745,1,0
BRDA:6522,746,0,0
BRDA:6522,746,1,0
BRDA:6535,747,0,0
BRDA:6535,747,1,0
BRDA:6543,748,0,0
BRDA:6543,748,1,0
BRDA:6558,749,0,0
BRDA:6558,749,1,0
BRDA:6559,750,0,0
BRDA:6559,750,1,0
BRDA:6467,751,0,0
BRDA:6467,751,1,0
BRDA:6581,752,0,0
BRDA:6581,752,1,0
BRDA:6581,752,2,0
BRDA:6607,753,0,0
BRDA:6607,753,1,0
BRDA:6610,754,0,0
BRDA:6610,754,1,0
BRDA:6610,754,2,0
BRDA:6602,755,0,0
BRDA:6602,755,1,0
BRDA:6602,755,2,0
BRDA:6616,756,0,0
BRDA:6616,756,1,0
BRDA:6623,757,0,0
BRDA:6623,757,1,0
BRDA:6637,758,0,0
BRDA:6637,758,1,0
BRDA:6629,759,0,0
BRDA:6629,759,1,0
BRDA:6639,760,0,0
BRDA:6639,760,1,0
BRDA:6654,761,0,0
BRDA:6654,761,1,0
BRDA:6661,762,0,0
BRDA:6661,762,1,0
BRDA:6673,763,0,0
BRDA:6673,763,1,0
BRDA:6673,764,0,0
BRDA:6673,764,1,0
BRDA:6677,765,0,0
BRDA:6677,765,1,0
BRDA:6678,766,0,0
BRDA:6678,766,1,0
BRDA:6696,767,0,0
BRDA:6696,767,1,0
BRDA:6696,768,0,0
BRDA:6696,768,1,0
BRDA:6696,768,2,0
BRDA:6696,768,3,0
BRDA:6704,769,0,0
BRDA:6704,769,1,0
BRDA:6705,770,0,0
BRDA:6705,770,1,0
BRDA:6707,771,0,0
BRDA:6707,771,1,0
BRDA:6714,772,0,0
BRDA:6714,772,1,0
BRDA:6721,773,0,0
BRDA:6721,773,1,0
BRDA:6721,773,2,0
BRDA:6721,773,3,0
BRDA:6725,774,0,0
BRDA:6725,774,1,0
BRDA:6727,775,0,0
BRDA:6727,775,1,0
BRDA:6728,776,0,0
BRDA:6728,776,1,0
BRDA:6737,777,0,0
BRDA:6737,777,1,0
BRDA:6741,778,0,0
BRDA:6741,778,1,0
BRDA:6742,779,0,0
BRDA:6742,779,1,0
BRDA:6747,780,0,0
BRDA:6747,780,1,0
BRDA:6746,781,0,0
BRDA:6746,781,1,0
BRDA:6752,782,0,0
BRDA:6752,782,1,0
BRDA:6754,783,0,0
BRDA:6754,783,1,0
BRDA:6755,784,0,0
BRDA:6755,784,1,0
BRDA:6765,785,0,0
BRDA:6765,785,1,0
BRDA:6772,786,0,0
BRDA:6772,786,1,0
BRDA:6773,787,0,0
BRDA:6773,787,1,0
BRDA:6773,787,2,0
BRDA:6773,787,3,0
BRDA:6773,787,4,0
BRDA:6773,787,5,0
BRDA:6800,788,0,0
BRDA:6800,788,1,0
BRDA:6801,789,0,0
BRDA:6801,789,1,0
BRDA:6801,789,2,0
BRDA:6801,789,3,0
BRDA:6801,789,4,0
BRDA:6816,790,0,0
BRDA:6816,790,1,0
BRDA:6821,791,0,0
BRDA:6821,791,1,0
BRDA:6853,792,0,0
BRDA:6853,792,1,0
BRDA:6855,793,0,0
BRDA:6855,793,1,0
BRDA:6856,794,0,0
BRDA:6856,794,1,0
BRDA:6862,795,0,0
BRDA:6862,795,1,0
BRDA:6863,796,0,0
BRDA:6863,796,1,0
BRDA:6874,797,0,0
BRDA:6874,797,1,0
BRDA:6883,798,0,0
BRDA:6883,798,1,0
BRDA:6883,799,0,0
BRDA:6883,799,1,0
BRDA:6897,800,0,0
BRDA:6897,800,1,0
BRDA:6901,801,0,0
BRDA:6901,801,1,0
BRDA:6905,802,0,0
BRDA:6905,802,1,0
BRDA:6905,802,2,0
BRDA:6905,802,3,0
BRDA:6925,803,0,0
BRDA:6925,803,1,0
BRDA:6936,804,0,0
BRDA:6936,804,1,0
BRDA:6938,805,0,0
BRDA:6938,805,1,0
BRDA:6944,806,0,0
BRDA:6944,806,1,0
BRDA:6944,807,0,0
BRDA:6944,807,1,0
BRDA:6947,808,0,0
BRDA:6947,808,1,0
BRDA:6948,809,0,0
BRDA:6948,809,1,0
BRDA:6965,810,0,0
BRDA:6965,810,1,0
BRDA:6965,811,0,0
BRDA:6965,811,1,0
BRDA:6970,812,0,0
BRDA:6970,812,1,0
BRDA:6971,813,0,0
BRDA:6971,813,1,0
BRDA:6973,814,0,0
BRDA:6973,814,1,0
BRDA:6978,815,0,0
BRDA:6978,815,1,0
BRDA:6988,816,0,0
BRDA:6988,816,1,0
BRDA:6988,817,0,0
BRDA:6988,817,1,0
BRDA:6990,818,0,0
BRDA:6990,818,1,0
BRDA:6989,819,0,0
BRDA:6989,819,1,0
BRDA:6993,820,0,0
BRDA:6993,820,1,0
BRDA:6998,821,0,0
BRDA:6998,821,1,0
BRDA:6998,822,0,0
BRDA:6998,822,1,0
BRDA:7003,823,0,0
BRDA:7003,823,1,0
BRDA:7004,824,0,0
BRDA:7004,824,1,0
BRDA:7007,825,0,0
BRDA:7007,825,1,0
BRDA:7007,826,0,0
BRDA:7007,826,1,0
BRDA:7007,826,2,0
BRDA:7009,827,0,0
BRDA:7009,827,1,0
BRDA:7018,828,0,0
BRDA:7018,828,1,0
BRDA:7038,829,0,0
BRDA:7038,829,1,0
BRDA:7038,829,2,0
BRDA:7038,829,3,0
BRDA:7052,830,0,0
BRDA:7052,830,1,0
BRDA:7058,831,0,0
BRDA:7058,831,1,0
BRDA:7059,832,0,0
BRDA:7059,832,1,0
BRDA:7062,833,0,0
BRDA:7062,833,1,0
BRDA:7081,834,0,0
BRDA:7081,834,1,0
BRDA:7083,835,0,0
BRDA:7083,835,1,0
BRDA:7095,836,0,0
BRDA:7095,836,1,0
BRDA:7102,837,0,0
BRDA:7102,837,1,0
BRDA:7105,838,0,0
BRDA:7105,838,1,0
BRDA:7118,839,0,0
BRDA:7118,839,1,0
BRDA:7123,840,0,0
BRDA:7123,840,1,0
BRDA:7123,840,2,0
BRDA:7123,840,3,0
BRDA:7131,841,0,0
BRDA:7131,841,1,0
BRDA:7137,842,0,0
BRDA:7137,842,1,0
BRDA:7137,842,2,0
BRDA:7150,843,0,0
BRDA:7150,843,1,0
BRDA:7152,844,0,0
BRDA:7152,844,1,0
BRDA:7156,845,0,0
BRDA:7156,845,1,0
BRDA:7175,846,0,0
BRDA:7175,846,1,0
BRDA:7173,847,0,0
BRDA:7173,847,1,0
BRDA:7175,848,0,0
BRDA:7175,848,1,0
BRDA:7181,849,0,0
BRDA:7181,849,1,0
BRDA:7191,850,0,0
BRDA:7191,850,1,0
BRDA:7191,851,0,0
BRDA:7191,851,1,0
BRDA:7191,851,2,0
BRDA:7191,851,3,0
BRDA:7200,852,0,0
BRDA:7200,852,1,0
BRDA:7200,852,2,0
BRDA:7203,853,0,0
BRDA:7203,853,1,0
BRDA:7205,854,0,0
BRDA:7205,854,1,0
BRDA:7211,855,0,0
BRDA:7211,855,1,0
BRDA:7217,856,0,0
BRDA:7217,856,1,0
BRDA:7223,857,0,0
BRDA:7223,857,1,0
BRDA:7225,858,0,0
BRDA:7225,858,1,0
BRDA:7245,859,0,0
BRDA:7245,859,1,0
BRDA:7245,860,0,0
BRDA:7245,860,1,0
BRDA:7250,861,0,0
BRDA:7250,861,1,0
BRDA:7252,862,0,0
BRDA:7252,862,1,0
BRDA:7257,863,0,0
BRDA:7257,863,1,0
BRDA:7258,864,0,0
BRDA:7258,864,1,0
BRDA:7270,865,0,0
BRDA:7270,865,1,0
BRDA:7270,866,0,0
BRDA:7270,866,1,0
BRDA:7275,867,0,0
BRDA:7275,867,1,0
BRDA:7277,868,0,0
BRDA:7277,868,1,0
BRDA:7281,869,0,0
BRDA:7281,869,1,0
BRDA:7285,870,0,0
BRDA:7285,870,1,0
BRDA:7292,871,0,0
BRDA:7292,871,1,0
BRDA:7302,872,0,0
BRDA:7302,872,1,0
BRDA:7306,873,0,0
BRDA:7306,873,1,0
BRDA:7312,874,0,0
BRDA:7312,874,1,0
BRDA:7309,875,0,0
BRDA:7309,875,1,0
BRDA:7314,876,0,0
BRDA:7314,876,1,0
BRDA:7329,877,0,0
BRDA:7329,877,1,0
BRDA:7338,878,0,0
BRDA:7338,878,1,0
BRDA:7338,879,0,0
BRDA:7338,879,1,0
BRDA:7338,879,2,0
BRDA:7344,880,0,0
BRDA:7344,880,1,0
BRDA:7344,880,2,0
BRDA:7356,881,0,0
BRDA:7356,881,1,0
BRDA:7357,882,0,0
BRDA:7357,882,1,0
BRDA:7368,883,0,0
BRDA:7368,883,1,0
BRDA:7369,884,0,0
BRDA:7369,884,1,0
BRDA:7376,885,0,0
BRDA:7376,885,1,0
BRDA:7391,886,0,0
BRDA:7391,886,1,0
BRDA:7392,887,0,0
BRDA:7392,887,1,0
BRDA:7399,888,0,0
BRDA:7399,888,1,0
BRDA:7399,888,2,0
BRDA:7406,889,0,0
BRDA:7406,889,1,0
BRDA:7418,890,0,0
BRDA:7418,890,1,0
BRDA:7419,891,0,0
BRDA:7419,891,1,0
BRDA:7421,892,0,0
BRDA:7421,892,1,0
BRDA:7422,893,0,0
BRDA:7422,893,1,0
BRDA:7430,894,0,0
BRDA:7430,894,1,0
BRDA:7430,895,0,0
BRDA:7430,895,1,0
BRDA:7436,896,0,0
BRDA:7436,896,1,0
BRDA:7436,897,0,0
BRDA:7436,897,1,0
BRDA:7444,898,0,0
BRDA:7444,898,1,0
BRDA:7445,899,0,0
BRDA:7445,899,1,0
BRDA:7449,900,0,0
BRDA:7449,900,1,0
BRDA:7450,901,0,0
BRDA:7450,901,1,0
BRDA:7455,902,0,0
BRDA:7455,902,1,0
BRDA:7490,903,0,0
BRDA:7490,903,1,0
BRDA:7496,904,0,0
BRDA:7496,904,1,0
BRDA:7496,905,0,0
BRDA:7496,905,1,0
BRDA:7496,905,2,0
BRDA:7529,906,0,0
BRDA:7529,906,1,0
BRDA:7534,907,0,0
BRDA:7534,907,1,0
BRDA:7536,908,0,0
BRDA:7536,908,1,0
BRDA:7536,909,0,0
BRDA:7536,909,1,0
BRDA:7536,909,2,0
BRDA:7541,910,0,0
BRDA:7541,910,1,0
BRDA:7540,911,0,0
BRDA:7540,911,1,0
BRDA:7544,912,0,0
BRDA:7544,912,1,0
BRDA:7543,913,0,0
BRDA:7543,913,1,0
BRDA:7547,914,0,0
BRDA:7547,914,1,0
BRDA:7546,915,0,0
BRDA:7546,915,1,0
BRDA:7550,916,0,0
BRDA:7550,916,1,0
BRDA:7550,916,2,0
BRDA:7554,917,0,0
BRDA:7554,917,1,0
BRDA:7553,918,0,0
BRDA:7553,918,1,0
BRDA:7556,919,0,0
BRDA:7556,919,1,0
BRDA:7556,919,2,0
BRDA:7559,920,0,0
BRDA:7559,920,1,0
BRDA:7559,920,2,0
BRDA:7565,921,0,0
BRDA:7565,921,1,0
BRDA:7573,922,0,0
BRDA:7573,922,1,0
BRDA:7577,923,0,0
BRDA:7577,923,1,0
BRDA:7582,924,0,0
BRDA:7582,924,1,0
BRDA:7582,925,0,0
BRDA:7582,925,1,0
BRDA:7585,926,0,0
BRDA:7585,926,1,0
BRDA:7587,927,0,0
BRDA:7587,927,1,0
BRDA:7592,928,0,0
BRDA:7592,928,1,0
BRDA:7596,929,0,0
BRDA:7596,929,1,0
BRDA:7596,929,2,0
BRDA:7597,930,0,0
BRDA:7597,930,1,0
BRDA:7597,930,2,0
BRDA:7597,930,3,0
BRDA:7603,931,0,0
BRDA:7603,931,1,0
BRDA:7608,932,0,0
BRDA:7608,932,1,0
BRDA:7609,933,0,0
BRDA:7609,933,1,0
BRDA:7614,934,0,0
BRDA:7614,934,1,0
BRDA:7616,935,0,0
BRDA:7616,935,1,0
BRDA:7618,936,0,0
BRDA:7618,936,1,0
BRDA:7627,937,0,0
BRDA:7627,937,1,0
BRDA:7628,938,0,0
BRDA:7628,938,1,0
BRDA:7629,939,0,0
BRDA:7629,939,1,0
BRDA:7632,940,0,0
BRDA:7632,940,1,0
BRDA:7632,940,2,0
BRDA:7641,941,0,0
BRDA:7641,941,1,0
BRDA:7647,942,0,0
BRDA:7647,942,1,0
BRDA:7647,943,0,0
BRDA:7647,943,1,0
BRDA:7652,944,0,0
BRDA:7652,944,1,0
BRDA:7668,945,0,0
BRDA:7668,945,1,0
BRDA:7673,946,0,0
BRDA:7673,946,1,0
BRDA:7682,947,0,0
BRDA:7682,947,1,0
BRDA:7682,947,2,0
BRDA:7685,948,0,0
BRDA:7685,948,1,0
BRDA:7690,949,0,0
BRDA:7690,949,1,0
BRDA:7690,950,0,0
BRDA:7690,950,1,0
BRDA:7693,951,0,0
BRDA:7693,951,1,0
BRDA:7696,952,0,0
BRDA:7696,952,1,0
BRDA:7702,953,0,0
BRDA:7702,953,1,0
BRDA:7709,954,0,0
BRDA:7709,954,1,0
BRDA:7709,955,0,0
BRDA:7709,955,1,0
BRDA:7709,955,2,0
BRDA:7714,956,0,0
BRDA:7714,956,1,0
BRDA:7716,957,0,0
BRDA:7716,957,1,0
BRDA:7717,958,0,0
BRDA:7717,958,1,0
BRDA:7722,959,0,0
BRDA:7722,959,1,0
BRDA:7724,960,0,0
BRDA:7724,960,1,0
BRDA:7726,961,0,0
BRDA:7726,961,1,0
BRDA:7734,962,0,0
BRDA:7734,962,1,0
BRDA:7735,963,0,0
BRDA:7735,963,1,0
BRDA:7735,963,2,0
BRDA:7759,964,0,0
BRDA:7759,964,1,0
BRDA:7769,965,0,0
BRDA:7769,965,1,0
BRDA:7775,966,0,0
BRDA:7775,966,1,0
BRDA:7777,967,0,0
BRDA:7777,967,1,0
BRDA:7781,968,0,0
BRDA:7781,968,1,0
BRDA:7785,969,0,0
BRDA:7785,969,1,0
BRDA:7791,970,0,0
BRDA:7791,970,1,0
BRDA:7797,971,0,0
BRDA:7797,971,1,0
BRDA:7827,972,0,0
BRDA:7827,972,1,0
BRDA:7831,973,0,0
BRDA:7831,973,1,0
BRDA:7831,973,2,0
BRDA:7841,974,0,0
BRDA:7841,974,1,0
BRDA:7842,975,0,0
BRDA:7842,975,1,0
BRDA:7841,976,0,0
BRDA:7841,976,1,0
BRDA:7849,977,0,0
BRDA:7849,977,1,0
BRDA:7849,977,2,0
BRDA:7851,978,0,0
BRDA:7851,978,1,0
BRDA:7860,979,0,0
BRDA:7860,979,1,0
BRDA:7868,980,0,0
BRDA:7868,980,1,0
BRDA:7876,981,0,0
BRDA:7876,981,1,0
BRDA:7880,982,0,0
BRDA:7880,982,1,0
BRDA:7881,983,0,0
BRDA:7881,983,1,0
BRDA:7882,984,0,0
BRDA:7882,984,1,0
BRDA:7893,985,0,0
BRDA:7893,985,1,0
BRDA:7893,985,2,0
BRDA:7903,986,0,0
BRDA:7903,986,1,0
BRDA:7903,987,0,0
BRDA:7903,987,1,0
BRDA:7914,988,0,0
BRDA:7914,988,1,0
BRDA:7916,989,0,0
BRDA:7916,989,1,0
BRDA:7920,990,0,0
BRDA:7920,990,1,0
BRDA:7921,991,0,0
BRDA:7921,991,1,0
BRDA:7928,992,0,0
BRDA:7928,992,1,0
BRDA:7939,993,0,0
BRDA:7939,993,1,0
BRDA:7949,994,0,0
BRDA:7949,994,1,0
BRDA:7966,995,0,0
BRDA:7966,995,1,0
BRDA:7964,996,0,0
BRDA:7964,996,1,0
BRDA:7964,996,2,0
BRDA:7974,997,0,0
BRDA:7974,997,1,0
BRDA:7976,998,0,0
BRDA:7976,998,1,0
BRDA:7978,999,0,0
BRDA:7978,999,1,0
BRDA:7977,1000,0,0
BRDA:7977,1000,1,0
BRDA:7983,1001,0,0
BRDA:7983,1001,1,0
BRDA:7992,1002,0,0
BRDA:7992,1002,1,0
BRDA:7994,1003,0,0
BRDA:7994,1003,1,0
BRDA:7996,1004,0,0
BRDA:7996,1004,1,0
BRDA:7998,1005,0,0
BRDA:7998,1005,1,0
BRDA:8007,1006,0,0
BRDA:8007,1006,1,0
BRDA:8018,1007,0,0
BRDA:8018,1007,1,0
BRDA:8052,1008,0,0
BRDA:8052,1008,1,0
BRDA:8054,1009,0,0
BRDA:8054,1009,1,0
BRDA:8053,1010,0,0
BRDA:8053,1010,1,0
BRDA:8077,1011,0,0
BRDA:8077,1011,1,0
BRDA:8086,1012,0,0
BRDA:8086,1012,1,0
BRDA:8093,1013,0,0
BRDA:8093,1013,1,0
BRDA:8096,1014,0,0
BRDA:8096,1014,1,0
BRDA:8109,1015,0,0
BRDA:8109,1015,1,0
BRDA:8109,1016,0,0
BRDA:8109,1016,1,0
BRDA:8145,1017,0,0
BRDA:8145,1017,1,0
BRDA:8153,1018,0,0
BRDA:8153,1018,1,0
BRDA:8157,1019,0,0
BRDA:8157,1019,1,0
BRDA:8166,1020,0,0
BRDA:8166,1020,1,0
BRDA:8167,1021,0,0
BRDA:8167,1021,1,0
BRDA:8170,1022,0,0
BRDA:8170,1022,1,0
BRDA:8170,1023,0,0
BRDA:8170,1023,1,0
BRDA:8173,1024,0,0
BRDA:8173,1024,1,0
BRDA:8183,1025,0,0
BRDA:8183,1025,1,0
BRDA:8179,1026,0,0
BRDA:8179,1026,1,0
BRDA:8179,1026,2,0
BRDA:8184,1027,0,0
BRDA:8184,1027,1,0
BRDA:8184,1027,2,0
BRDA:8184,1027,3,0
BRDA:8184,1027,4,0
BRDA:8184,1027,5,0
BRDA:8195,1028,0,0
BRDA:8195,1028,1,0
BRDA:8203,1029,0,0
BRDA:8203,1029,1,0
BRDA:8204,1030,0,0
BRDA:8204,1030,1,0
BRDA:8251,1031,0,0
BRDA:8251,1031,1,0
BRDA:8251,1031,2,0
BRDA:8254,1032,0,0
BRDA:8254,1032,1,0
BRDA:8260,1033,0,0
BRDA:8260,1033,1,0
BRDA:8261,1034,0,0
BRDA:8261,1034,1,0
BRDA:8261,1035,0,0
BRDA:8261,1035,1,0
BRDA:8264,1036,0,0
BRDA:8264,1036,1,0
BRDA:8273,1037,0,0
BRDA:8273,1037,1,0
BRDA:8281,1038,0,0
BRDA:8281,1038,1,0
BRDA:8295,1039,0,0
BRDA:8295,1039,1,0
BRDA:8295,1040,0,0
BRDA:8295,1040,1,0
BRDA:8296,1041,0,0
BRDA:8296,1041,1,0
BRDA:8296,1041,2,0
BRDA:8312,1042,0,0
BRDA:8312,1042,1,0
BRDA:8318,1043,0,0
BRDA:8318,1043,1,0
BRDA:8318,1043,2,0
BRDA:8318,1043,3,0
BRDA:8318,1043,4,0
BRDA:8334,1044,0,0
BRDA:8334,1044,1,0
BRDA:8338,1045,0,0
BRDA:8338,1045,1,0
BRDA:8347,1046,0,0
BRDA:8347,1046,1,0
BRDA:8362,1047,0,0
BRDA:8362,1047,1,0
BRDA:8366,1048,0,0
BRDA:8366,1048,1,0
BRDA:8380,1049,0,0
BRDA:8380,1049,1,0
BRDA:8380,1050,0,0
BRDA:8380,1050,1,0
BRDA:8407,1051,0,0
BRDA:8407,1051,1,0
BRDA:8414,1052,0,0
BRDA:8414,1052,1,0
BRDA:8414,1053,0,0
BRDA:8414,1053,1,0
BRDA:8420,1054,0,0
BRDA:8420,1054,1,0
BRDA:8422,1055,0,0
BRDA:8422,1055,1,0
BRDA:8422,1055,2,0
BRF:2337
BRH:0
end_of_record
TN:
SF:dist/js/webpack:/src/App.vue
FNF:0
FNH:0
DA:10,0
LF:1
LH:0
BRF:0
BRH:0
end_of_record
TN:
SF:dist/js/webpack:/src/App.vue?3f3a
FN:1,(anonymous_12)
FN:1,(anonymous_14)
FNF:2
FNH:0
FNDA:0,(anonymous_12)
FNDA:0,(anonymous_14)
DA:1,0
DA:2,0
LF:2
LH:0
BRDA:1,0,0,0
BRDA:1,0,1,0
BRF:2
BRH:0
end_of_record
TN:
SF:dist/js/webpack:/src/App.vue?6ee5
FN:1,(anonymous_29)
FNF:1
FNH:0
FNDA:0,(anonymous_29)
DA:1,0
LF:1
LH:0
BRF:0
BRH:0
end_of_record
TN:
SF:dist/js/webpack:/src/App.vue?b65f
FNF:0
FNH:0
DA:1,0
LF:1
LH:0
BRF:0
BRH:0
end_of_record
TN:
SF:dist/js/webpack:/src/main.js
FN:7,(anonymous_28)
FNF:1
FNH:0
FNDA:0,(anonymous_28)
DA:4,0
DA:7,0
LF:2
LH:0
BRF:0
BRH:0
end_of_record
TN:
SF:dist/js/webpack:/src/components/Calculator.vue
FN:27,(anonymous_26)
FN:33,(anonymous_27)
FNF:2
FNH:0
FNDA:0,(anonymous_26)
FNDA:0,(anonymous_27)
DA:22,0
DA:27,0
DA:36,0
DA:38,0
DA:39,0
DA:41,0
DA:42,0
DA:44,0
DA:45,0
DA:47,0
DA:48,0
DA:50,0
DA:51,0
DA:53,0
DA:54,0
LF:15
LH:0
BRDA:37,0,0,0
BRDA:37,0,1,0
BRDA:37,0,2,0
BRDA:37,0,3,0
BRDA:37,0,4,0
BRDA:37,0,5,0
BRF:6
BRH:0
end_of_record
TN:
SF:dist/js/webpack:/src/components/Calculator.vue?1aac
FN:1,(anonymous_15)
FN:1,(anonymous_16)
FN:1,(anonymous_17)
FN:1,(anonymous_18)
FN:1,(anonymous_19)
FN:1,(anonymous_20)
FN:1,(anonymous_21)
FN:1,(anonymous_22)
FN:1,(anonymous_23)
FN:1,(anonymous_24)
FN:1,(anonymous_25)
FNF:11
FNH:0
FNDA:0,(anonymous_15)
FNDA:0,(anonymous_16)
FNDA:0,(anonymous_17)
FNDA:0,(anonymous_18)
FNDA:0,(anonymous_19)
FNDA:0,(anonymous_20)
FNDA:0,(anonymous_21)
FNDA:0,(anonymous_22)
FNDA:0,(anonymous_23)
FNDA:0,(anonymous_24)
FNDA:0,(anonymous_25)
DA:1,0
DA:2,0
LF:2
LH:0
BRDA:1,0,0,0
BRDA:1,0,1,0
BRDA:1,1,0,0
BRDA:1,1,1,0
BRDA:1,2,0,0
BRDA:1,2,1,0
BRF:6
BRH:0
end_of_record
TN:
SF:dist/js/webpack:/src/components/Calculator.vue?224a
FNF:0
FNH:0
DA:1,0
LF:1
LH:0
BRF:0
BRH:0
end_of_record
TN:
SF:dist/js/webpack:/src/components/Calculator.vue?e27b
FN:1,(anonymous_30)
FNF:1
FNH:0
FNDA:0,(anonymous_30)
DA:1,0
LF:1
LH:0
BRF:0
BRH:0
end_of_record
TN:
SF:dist/js/webpack:/src/components/Calculator.vue?e8c5
FNF:0
FNH:0
DA:9,0
LF:1
LH:0
BRF:0
BRH:0
end_of_record
TN:
SF:dist/js/webpack:/webpack/bootstrap
FN:2,(anonymous_0)
FN:2,e
FN:34,n
FN:65,c
FN:96,(anonymous_4)
FN:103,(anonymous_5)
FN:115,(anonymous_6)
FN:122,(anonymous_7)
FN:127,(anonymous_8)
FN:129,(anonymous_9)
FN:130,(anonymous_10)
FN:136,(anonymous_11)
FNF:12
FNH:0
FNDA:0,(anonymous_0)
FNDA:0,e
FNDA:0,n
FNDA:0,c
FNDA:0,(anonymous_4)
FNDA:0,(anonymous_5)
FNDA:0,(anonymous_6)
FNDA:0,(anonymous_7)
FNDA:0,(anonymous_8)
FNDA:0,(anonymous_9)
FNDA:0,(anonymous_10)
FNDA:0,(anonymous_11)
DA:3,0
DA:4,0
DA:5,0
DA:9,0
DA:10,0
DA:11,0
DA:17,0
DA:18,0
DA:22,0
DA:24,0
DA:25,0
DA:32,0
DA:36,0
DA:37,0
DA:38,0
DA:39,0
DA:40,0
DA:41,0
DA:43,0
DA:49,0
DA:53,0
DA:58,0
DA:62,0
DA:68,0
DA:69,0
DA:72,0
DA:85,0
DA:90,0
DA:97,0
DA:104,0
DA:117,0
DA:118,0
DA:119,0
DA:122,0
DA:123,0
DA:128,0
DA:129,0
DA:130,0
DA:132,0
DA:136,0
DA:141,0
DA:142,0
DA:143,0
DA:145,0
DA:146,0
DA:150,0
LF:46
LH:0
BRDA:12,0,0,0
BRDA:12,0,1,0
BRDA:12,0,2,0
BRDA:18,1,0,0
BRDA:18,1,1,0
BRDA:22,2,0,0
BRDA:22,2,1,0
BRDA:29,3,0,0
BRDA:29,3,1,0
BRDA:41,4,0,0
BRDA:41,4,1,0
BRDA:43,5,0,0
BRDA:43,5,1,0
BRDA:68,6,0,0
BRDA:68,6,1,0
BRDA:97,7,0,0
BRDA:97,7,1,0
BRDA:104,8,0,0
BRDA:104,8,1,0
BRDA:104,8,2,0
BRDA:117,9,0,0
BRDA:117,9,1,0
BRDA:116,10,0,0
BRDA:116,10,1,0
BRDA:118,11,0,0
BRDA:118,11,1,0
BRDA:118,12,0,0
BRDA:118,12,1,0
BRDA:118,12,2,0
BRDA:118,12,3,0
BRDA:122,13,0,0
BRDA:122,13,1,0
BRDA:122,14,0,0
BRDA:122,14,1,0
BRDA:129,15,0,0
BRDA:129,15,1,0
BRDA:128,16,0,0
BRDA:128,16,1,0
BRDA:141,17,0,0
BRDA:141,17,1,0
BRF:40
BRH:0
end_of_record
TN:
SF:src/App.vue
FNF:0
FNH:0
DA:8,0
LF:1
LH:0
BRF:0
BRH:0
end_of_record
TN:
SF:src/main.js
FN:7,(anonymous_0)
FNF:1
FNH:0
FNDA:0,(anonymous_0)
DA:4,0
DA:6,0
DA:7,0
LF:3
LH:0
BRF:0
BRH:0
end_of_record
TN:
SF:src/components/Calculator.vue
FN:59,data
FN:90,eraseDigitClickHandler
FN:93,buttonClickHandler
FN:96,calculate
FN:101,add
FN:102,subtract
FN:103,multiply
FN:104,devide
FN:111,modulus
FN:112,power
FNF:10
FNH:10
FNDA:12,data
FNDA:2,eraseDigitClickHandler
FNDA:2,buttonClickHandler
FNDA:7,calculate
FNDA:1,add
FNDA:1,subtract
FNDA:1,multiply
FNDA:2,devide
FNDA:1,modulus
FNDA:1,power
DA:55,1
DA:59,12
DA:91,2
DA:94,2
DA:96,7
DA:97,14
DA:98,7
DA:100,7
DA:101,1
DA:102,1
DA:103,1
DA:105,2
DA:106,1
DA:107,1
DA:109,1
DA:111,1
DA:112,1
DA:115,7
DA:118,7
LF:19
LH:19
BRDA:91,0,0,1
BRDA:91,0,1,1
BRDA:94,1,0,1
BRDA:94,1,1,1
BRDA:105,2,0,1
BRDA:105,2,1,1
BRF:6
BRH:6
end_of_record
TN:
SF:src/tests/TestComponent.vue
FN:10,data
FNF:1
FNH:1
FNDA:1,data
DA:11,1
LF:1
LH:1
BRF:0
BRH:0
end_of_record
